#
# A fatal error has been detected by the Java Runtime Environment:
#
#  SIGSEGV (0xb) at pc=0x00007fff9488b4dd, pid=1143, tid=2571
#
# JRE version: Java(TM) SE Runtime Environment (8.0_66-b17) (build 1.8.0_66-b17)
# Java VM: Java HotSpot(TM) 64-Bit Server VM (25.66-b17 mixed mode bsd-amd64 compressed oops)
# Problematic frame:
# C  [libobjc.A.dylib+0x14dd]  objc_msgSend+0x1d
#
# Failed to write core dump. Core dumps have been disabled. To enable core dumping, try "ulimit -c unlimited" before starting Java again
#
# If you would like to submit a bug report, please visit:
#   http://bugreport.java.com/bugreport/crash.jsp
# The crash happened outside the Java Virtual Machine in native code.
# See problematic frame for where to report the bug.
#

---------------  T H R E A D  ---------------

Current thread (0x00007fe8652c0000):  JavaThread "JavaFX Application Thread" daemon [_thread_in_native, id=2571, stack(0x00007fff51bfc000,0x00007fff523fc000)]

siginfo: si_signo: 11 (SIGSEGV), si_code: 1 (SEGV_MAPERR), si_addr: 0x0000000000000018

Registers:
RAX=0x00007fe863dac5c0, RBX=0x00007fe863dac5c0, RCX=0x00007fff523f5e20, RDX=0x00007fe863dac5c0
RSP=0x00007fff523f5d98, RBP=0x00007fff523f5e10, RSI=0x00007fff9a16aa8b, RDI=0x00007fe8663c55d0
R8 =0x0000000000000001, R9 =0x00000000f8000000, R10=0x00007fff9a16aa8b, R11=0x0000000000000000
R12=0x00007fe8660aa7c0, R13=0x00007fff523f6070, R14=0x00007fe8663c55d0, R15=0x00007fff9488b4c0
RIP=0x00007fff9488b4dd, EFLAGS=0x0000000000010246, ERR=0x0000000000000004
  TRAPNO=0x000000000000000e

Top of Stack: (sp=0x00007fff523f5d98)
0x00007fff523f5d98:   000000012a553be3 00007fff523f5dd0
0x00007fff523f5da8:   00007fff97c4d5b1 000000010d84f000
0x00007fff523f5db8:   0000000000000020 3ff0000000000000
0x00007fff523f5dc8:   3ff0000000000000 00007fff523f5df0
0x00007fff523f5dd8:   00007fff97c4c0dc 00007fe863daed08
0x00007fff523f5de8:   0000000000000020 00007fff523f5e10
0x00007fff523f5df8:   00007fe863dae450 00007fe8663c55d0
0x00007fff523f5e08:   00007fe868a01190 00007fff523f5e50
0x00007fff523f5e18:   000000012a557325 0000000000000000
0x00007fff523f5e28:   0000000100000001 00007fff523f5e50
0x00007fff523f5e38:   00007fff523f5ee0 000000012ec7096d
0x00007fff523f5e48:   00000001308c2ba9 00007fff523f5f50
0x00007fff523f5e58:   000000012ab5a18a 0000000100000000
0x00007fff523f5e68:   00000001523f5e18 0000000000000003
0x00007fff523f5e78:   0000000800000001 000000010d822a00
0x00007fff523f5e88:   0000000000000000 000000010d81f000
0x00007fff523f5e98:   000000010d822a00 0000000000000001
0x00007fff523f5ea8:   0000000000000000 00007fff523f5fa0
0x00007fff523f5eb8:   00007fff97c4da36 00007fff523f6010
0x00007fff523f5ec8:   00000001001b43b0 00000000001b446e
0x00007fff523f5ed8:   00000000000000be 00000000001b446e
0x00007fff523f5ee8:   00007fe8660a9f00 00007fff00000000
0x00007fff523f5ef8:   00007fff523f7a70 0000000000000000
0x00007fff523f5f08:   000000010d822a00 000000012a585271
0x00007fff523f5f18:   00007ffffffffff8 1800709215672c80
0x00007fff523f5f28:   00000001308c2ba0 1800709215672c80
0x00007fff523f5f38:   00007fe8660aa690 00007fff523f6070
0x00007fff523f5f48:   00007fe8660aa798 00007fff523f6040
0x00007fff523f5f58:   000000012ab7bf29 ff80000000001000
0x00007fff523f5f68:   000000000000ffff 00007fff523f5f90
0x00007fff523f5f78:   0000000000000008 00007fff523f5f90
0x00007fff523f5f88:   00007fff996a3539 000000012ed2a3d8 

Instructions: (pc=0x00007fff9488b4dd)
0x00007fff9488b4bd:   44 00 00 48 85 ff 2e 74 62 40 f6 c7 01 2e 75 66
0x00007fff9488b4cd:   49 bb f8 ff ff ff ff 7f 00 00 4c 23 1f 49 89 f2
0x00007fff9488b4dd:   45 23 53 18 49 c1 e2 04 4d 03 53 10 49 3b 32 75
0x00007fff9488b4ed:   04 41 ff 62 08 49 83 3a 01 76 0d 49 83 c2 10 49 

Register to memory mapping:

RAX=0x00007fe863dac5c0 is an unknown value
RBX=0x00007fe863dac5c0 is an unknown value
RCX=0x00007fff523f5e20 is pointing into the stack for thread: 0x00007fe8652c0000
RDX=0x00007fe863dac5c0 is an unknown value
RSP=0x00007fff523f5d98 is pointing into the stack for thread: 0x00007fe8652c0000
RBP=0x00007fff523f5e10 is pointing into the stack for thread: 0x00007fe8652c0000
RSI=0x00007fff9a16aa8b: -[NSTitlebarContainerView transparent]+0xc873 in /System/Library/Frameworks/AppKit.framework/Versions/C/AppKit at 0x00007fff99739000
RDI=0x00007fe8663c55d0 is an unknown value
R8 =0x0000000000000001 is an unknown value
R9 =0x00000000f8000000 is an unknown value
R10=0x00007fff9a16aa8b: -[NSTitlebarContainerView transparent]+0xc873 in /System/Library/Frameworks/AppKit.framework/Versions/C/AppKit at 0x00007fff99739000
R11=0x0000000000000000 is an unknown value
R12=0x00007fe8660aa7c0 is an unknown value
R13=0x00007fff523f6070 is pointing into the stack for thread: 0x00007fe8652c0000
R14=0x00007fe8663c55d0 is an unknown value
R15=0x00007fff9488b4c0: objc_msgSend+0 in /usr/lib/libobjc.A.dylib at 0x00007fff9488a000


Stack: [0x00007fff51bfc000,0x00007fff523fc000],  sp=0x00007fff523f5d98,  free space=8167k
Native frames: (J=compiled Java code, j=interpreted, Vv=VM code, C=native code)
C  [libobjc.A.dylib+0x14dd]  objc_msgSend+0x1d
C  [libjxbrowser.dylib+0x2f325]  jxb::Browser::Attach(NSView*)+0x85
C  [libjxbrowser.dylib+0x63218a]  base::debug::TaskAnnotator::RunTask(char const*, base::PendingTask const&)+0xca
C  [libjxbrowser.dylib+0x653f29]  base::MessageLoop::RunTask(base::PendingTask const&)+0x1e9
C  [libjxbrowser.dylib+0x654468]  base::MessageLoop::DoWork()+0x278
C  [libjxbrowser.dylib+0x6284e1]  base::MessagePumpCFRunLoopBase::RunWork()+0x31
C  [libjxbrowser.dylib+0x64a91a]  base::mac::CallWithEHFrame(void () block_pointer)+0xa
C  [libjxbrowser.dylib+0x627ee4]  base::MessagePumpCFRunLoopBase::RunWorkSource(void*)+0x44
C  [CoreFoundation+0x7e5c1]  __CFRUNLOOP_IS_CALLING_OUT_TO_A_SOURCE0_PERFORM_FUNCTION__+0x11
C  [CoreFoundation+0x70397]  __CFRunLoopDoSources0+0x1a7
C  [CoreFoundation+0x6f93f]  __CFRunLoopRun+0x39f
C  [CoreFoundation+0x6f338]  CFRunLoopRunSpecific+0x128
C  [HIToolbox+0x30935]  RunCurrentEventLoopInMode+0xeb
C  [HIToolbox+0x3076f]  ReceiveNextEventCommon+0x1b0
C  [HIToolbox+0x305af]  _BlockUntilNextEventMatchingListInModeWithFilter+0x47
C  [AppKit+0x8a0ee]  _DPSNextEvent+0x42b
C  [AppKit+0x456943]  -[NSApplication _nextEventMatchingEventMask:untilDate:inMode:dequeue:]+0x1c6
C  [libosxapp.dylib+0x23aa]  -[NSApplicationAWT nextEventMatchingMask:untilDate:inMode:dequeue:]+0x7c
C  [libjxbrowser.dylib+0x628d26]  base::MessagePumpNSApplication::DoRun(base::MessagePump::Delegate*)+0x106
C  [libjxbrowser.dylib+0x628334]  base::MessagePumpCFRunLoopBase::Run(base::MessagePump::Delegate*)+0x64
C  [libjxbrowser.dylib+0x6661d3]  base::RunLoop::Run()+0x63
C  [libjxbrowser.dylib+0x65369d]  base::MessageLoop::Run()+0x1d
C  [libjxbrowser.dylib+0x2580d]  jxb_main+0x9f
C  [libjxbrowser-common64-7a14d7dd-3e71-4a50-bac8-2474473a2e3a.dylib+0x377f]  +[StartIPCTask runTask:]+0x1a0
C  [Foundation+0x8dd4b]  __NSThreadPerformPerform+0x117
C  [CoreFoundation+0x7e5c1]  __CFRUNLOOP_IS_CALLING_OUT_TO_A_SOURCE0_PERFORM_FUNCTION__+0x11
C  [CoreFoundation+0x7041c]  __CFRunLoopDoSources0+0x22c
C  [CoreFoundation+0x6f93f]  __CFRunLoopRun+0x39f
C  [CoreFoundation+0x6f338]  CFRunLoopRunSpecific+0x128
C  [HIToolbox+0x30935]  RunCurrentEventLoopInMode+0xeb
C  [HIToolbox+0x3076f]  ReceiveNextEventCommon+0x1b0
C  [HIToolbox+0x305af]  _BlockUntilNextEventMatchingListInModeWithFilter+0x47
C  [AppKit+0x8a0ee]  _DPSNextEvent+0x42b
C  [AppKit+0x456943]  -[NSApplication _nextEventMatchingEventMask:untilDate:inMode:dequeue:]+0x1c6
C  [libosxapp.dylib+0x23aa]  -[NSApplicationAWT nextEventMatchingMask:untilDate:inMode:dequeue:]+0x7c
C  [AppKit+0x7ffc8]  -[NSApplication run]+0x2aa
C  [libosxapp.dylib+0x214d]  +[NSApplicationAWT runAWTLoopWithApp:]+0x9c
C  [libawt_lwawt.dylib+0x4455b]  -[AWTStarter starter:]+0x389
C  [Foundation+0x8dd4b]  __NSThreadPerformPerform+0x117
C  [CoreFoundation+0x7e5c1]  __CFRUNLOOP_IS_CALLING_OUT_TO_A_SOURCE0_PERFORM_FUNCTION__+0x11
C  [CoreFoundation+0x7041c]  __CFRunLoopDoSources0+0x22c
C  [CoreFoundation+0x6f93f]  __CFRunLoopRun+0x39f
C  [CoreFoundation+0x6f338]  CFRunLoopRunSpecific+0x128
C  [java+0x6463]  CreateExecutionEnvironment+0x367
C  [java+0x21ac]  JLI_Launch+0x7a0
C  [java+0x84c0]  main+0x65
C  [java+0x1a04]  start+0x34
C  0x000000000000000b


---------------  P R O C E S S  ---------------

Java Threads: ( => current thread )
  0x00007fe865339800 JavaThread "Update Bounds In Screen Task Executor" daemon [_thread_blocked, id=113923, stack(0x000070000b06f000,0x000070000b16f000)]
  0x00007fe86442e000 JavaThread "Update Bounds Task Executor" daemon [_thread_blocked, id=113411, stack(0x000070000af6c000,0x000070000b06c000)]
  0x00007fe864788800 JavaThread "Prism Font Disposer" daemon [_thread_blocked, id=111623, stack(0x000070000ae69000,0x000070000af69000)]
  0x00007fe865a6e800 JavaThread "Browser Events Thread" [_thread_blocked, id=110339, stack(0x000070000ad66000,0x000070000ae66000)]
  0x00007fe865a70000 JavaThread "IPC Events Thread" [_thread_blocked, id=109827, stack(0x000070000ac63000,0x000070000ad63000)]
  0x00007fe8654f8800 JavaThread "Memory Writer SocketInfo{cid=0, bid=0, channelType=Render}" [_thread_blocked, id=109315, stack(0x000070000ab60000,0x000070000ac60000)]
  0x00007fe8654f0800 JavaThread "Socket Connection Checker SocketInfo{cid=0, bid=0, channelType=Render}" [_thread_in_native, id=108803, stack(0x000070000aa5d000,0x000070000ab5d000)]
  0x00007fe8652ed800 JavaThread "Thread-16" [_thread_in_native, id=108303, stack(0x000070000a9da000,0x000070000aa5a000)]
  0x00007fe8654cd800 JavaThread "Memory Writer SocketInfo{cid=0, bid=0, channelType=Browser}" [_thread_blocked, id=93699, stack(0x000070000a854000,0x000070000a954000)]
  0x00007fe865a6a800 JavaThread "Socket Connection Checker SocketInfo{cid=0, bid=0, channelType=Browser}" [_thread_in_native, id=92931, stack(0x000070000a751000,0x000070000a851000)]
  0x00007fe865ab4000 JavaThread "Thread-15" [_thread_in_native, id=90371, stack(0x000070000a64b000,0x000070000a6cb000)]
  0x00007fe864c50800 JavaThread "Memory Writer SocketInfo{cid=0, bid=-1, channelType=Main}" [_thread_blocked, id=85251, stack(0x000070000943c000,0x000070000953c000)]
  0x00007fe8652d5000 JavaThread "Socket Connection Checker SocketInfo{cid=0, bid=-1, channelType=Main}" [_thread_in_native, id=84739, stack(0x0000700009339000,0x0000700009439000)]
  0x00007fe864772800 JavaThread "Thread-14" [_thread_in_native, id=83971, stack(0x0000700009233000,0x00007000092b3000)]
  0x00007fe8654de800 JavaThread "IPC Process Thread" daemon [_thread_in_native, id=64771, stack(0x0000700002000000,0x0000700002100000)]
  0x00007fe864c4a800 JavaThread "IPC Server Thread" daemon [_thread_in_native, id=64535, stack(0x0000700001efd000,0x0000700001ffd000)]
  0x00007fe8647d9000 JavaThread "Timer-0" daemon [_thread_blocked, id=63747, stack(0x0000700001dfa000,0x0000700001efa000)]
  0x00007fe8646f7800 JavaThread "Thread-9" daemon [_thread_blocked, id=63235, stack(0x0000700001cf7000,0x0000700001df7000)]
  0x00007fe86467c800 JavaThread "Thread-8" daemon [_thread_in_native, id=62723, stack(0x0000700001c74000,0x0000700001cf4000)]
  0x00007fe86545a000 JavaThread "Thread-7" daemon [_thread_blocked, id=60675, stack(0x0000700001b71000,0x0000700001c71000)]
  0x00007fe864c21000 JavaThread "QuantumRenderer-0" daemon [_thread_blocked, id=59651, stack(0x0000700001a6e000,0x0000700001b6e000)]
  0x00007fe865448800 JavaThread "JavaFX-Launcher" daemon [_thread_blocked, id=59139, stack(0x000070000196b000,0x0000700001a6b000)]
  0x00007fe865445800 JavaThread "Thread-4" daemon [_thread_blocked, id=58627, stack(0x0000700001868000,0x0000700001968000)]
  0x00007fe865445000 JavaThread "Java2D Disposer" daemon [_thread_blocked, id=58383, stack(0x0000700001765000,0x0000700001865000)]
  0x00007fe8645f6000 JavaThread "Java2D Queue Flusher" daemon [_thread_blocked, id=56839, stack(0x0000700001662000,0x0000700001762000)]
  0x00007fe86461c800 JavaThread "AWT-Shutdown" [_thread_blocked, id=32027, stack(0x00007000014dc000,0x00007000015dc000)]
=>0x00007fe8652c0000 JavaThread "JavaFX Application Thread" daemon [_thread_in_native, id=2571, stack(0x00007fff51bfc000,0x00007fff523fc000)]
  0x00007fe8651fe000 JavaThread "/0:0:0:0:0:0:0:1:49497 to /0:0:0:0:0:0:0:1:49496 workers Thread 3" [_thread_in_native, id=20739, stack(0x0000700001250000,0x0000700001350000)]
  0x00007fe864a2f800 JavaThread "/0:0:0:0:0:0:0:1:49497 to /0:0:0:0:0:0:0:1:49496 workers Thread 2" [_thread_blocked, id=20227, stack(0x000070000114d000,0x000070000124d000)]
  0x00007fe86441a000 JavaThread "Test worker" [_thread_blocked, id=19715, stack(0x000070000104a000,0x000070000114a000)]
  0x00007fe865064800 JavaThread "Service Thread" daemon [_thread_blocked, id=18691, stack(0x0000700000e44000,0x0000700000f44000)]
  0x00007fe86505a000 JavaThread "C1 CompilerThread2" daemon [_thread_blocked, id=18179, stack(0x0000700000d41000,0x0000700000e41000)]
  0x00007fe865036000 JavaThread "C2 CompilerThread1" daemon [_thread_blocked, id=17667, stack(0x0000700000c3e000,0x0000700000d3e000)]
  0x00007fe865076000 JavaThread "C2 CompilerThread0" daemon [_thread_blocked, id=17155, stack(0x0000700000b3b000,0x0000700000c3b000)]
  0x00007fe864083800 JavaThread "Signal Dispatcher" daemon [_thread_blocked, id=12815, stack(0x0000700000a38000,0x0000700000b38000)]
  0x00007fe864806000 JavaThread "Finalizer" daemon [_thread_blocked, id=12291, stack(0x000070000082f000,0x000070000092f000)]
  0x00007fe865029800 JavaThread "Reference Handler" daemon [_thread_blocked, id=11779, stack(0x000070000072c000,0x000070000082c000)]
  0x00007fe86400b800 JavaThread "main" [_thread_blocked, id=4099, stack(0x0000700000084000,0x0000700000184000)]

Other Threads:
  0x00007fe865027000 VMThread [stack: 0x0000700000629000,0x0000700000729000] [id=11267]
  0x00007fe865065800 WatcherThread [stack: 0x0000700000f47000,0x0000700001047000] [id=19203]

VM state:not at safepoint (normal execution)

VM Mutex/Monitor currently owned by a thread: None

Heap:
 PSYoungGen      total 38912K, used 31374K [0x00000007aab00000, 0x00000007ad700000, 0x00000007c0000000)
  eden space 32768K, 95% used [0x00000007aab00000,0x00000007ac9a3aa8,0x00000007acb00000)
  from space 6144K, 0% used [0x00000007ad100000,0x00000007ad100000,0x00000007ad700000)
  to   space 6144K, 0% used [0x00000007acb00000,0x00000007acb00000,0x00000007ad100000)
 ParOldGen       total 32768K, used 6993K [0x0000000780000000, 0x0000000782000000, 0x00000007aab00000)
  object space 32768K, 21% used [0x0000000780000000,0x00000007806d4540,0x0000000782000000)
 Metaspace       used 28625K, capacity 29862K, committed 29952K, reserved 1075200K
  class space    used 4263K, capacity 4551K, committed 4608K, reserved 1048576K

Card table byte_map: [0x000000011e7c0000,0x000000011e9c1000] byte_map_base: 0x000000011abc0000

Marking Bits: (ParMarkBitMap*) 0x000000010e35de20
 Begin Bits: [0x000000011e9c1000, 0x000000011f9c1000)
 End Bits:   [0x000000011f9c1000, 0x00000001209c1000)

Polling page: 0x000000010ea4d000

CodeCache: size=245760Kb used=6743Kb max_used=6760Kb free=239016Kb
 bounds [0x000000010f400000, 0x000000010fab0000, 0x000000011e400000]
 total_blobs=2891 nmethods=2129 adapters=675
 compilation: enabled

Compilation events (10 events):
Event: 6.012 Thread 0x00007fe86505a000 nmethod 2162 0x000000010f62d290 code [0x000000010f62d3e0, 0x000000010f62d4f0]
Event: 6.012 Thread 0x00007fe86505a000 2163       1       com.sun.javafx.geom.RectBounds::getMaxZ (2 bytes)
Event: 6.012 Thread 0x00007fe86505a000 nmethod 2163 0x000000010f62cfd0 code [0x000000010f62d120, 0x000000010f62d230]
Event: 6.012 Thread 0x00007fe86505a000 2161       1       javafx.geometry.Pos::getVpos (5 bytes)
Event: 6.012 Thread 0x00007fe86505a000 nmethod 2161 0x000000010f62cd10 code [0x000000010f62ce60, 0x000000010f62cf70]
Event: 6.012 Thread 0x00007fe86505a000 2153       3       java.util.HashMap::removeNode (291 bytes)
Event: 6.014 Thread 0x00007fe86505a000 nmethod 2153 0x000000010f5a6490 code [0x000000010f5a6700, 0x000000010f5a7c98]
Event: 6.014 Thread 0x00007fe86505a000 2169       1       java.util.Calendar::internalSet (8 bytes)
Event: 6.015 Thread 0x00007fe86505a000 nmethod 2169 0x000000010f5a6150 code [0x000000010f5a62a0, 0x000000010f5a63d0]
Event: 6.015 Thread 0x00007fe86505a000 2166       1       javafx.event.EventType::getSuperType (5 bytes)

GC Heap History (10 events):
Event: 3.735 GC heap before
{Heap before GC invocations=3 (full 0):
 PSYoungGen      total 18944K, used 18791K [0x00000007aab00000, 0x00000007ad000000, 0x00000007c0000000)
  eden space 16384K, 100% used [0x00000007aab00000,0x00000007abb00000,0x00000007abb00000)
  from space 2560K, 94% used [0x00000007abd80000,0x00000007abfd9fe0,0x00000007ac000000)
  to   space 2560K, 0% used [0x00000007abb00000,0x00000007abb00000,0x00000007abd80000)
 ParOldGen       total 44032K, used 426K [0x0000000780000000, 0x0000000782b00000, 0x00000007aab00000)
  object space 44032K, 0% used [0x0000000780000000,0x000000078006a980,0x0000000782b00000)
 Metaspace       used 11283K, capacity 11662K, committed 11904K, reserved 1058816K
  class space    used 1436K, capacity 1572K, committed 1664K, reserved 1048576K
Event: 3.740 GC heap after
Heap after GC invocations=3 (full 0):
 PSYoungGen      total 18944K, used 2544K [0x00000007aab00000, 0x00000007ac000000, 0x00000007c0000000)
  eden space 16384K, 0% used [0x00000007aab00000,0x00000007aab00000,0x00000007abb00000)
  from space 2560K, 99% used [0x00000007abb00000,0x00000007abd7c010,0x00000007abd80000)
  to   space 2560K, 0% used [0x00000007abd80000,0x00000007abd80000,0x00000007ac000000)
 ParOldGen       total 44032K, used 1444K [0x0000000780000000, 0x0000000782b00000, 0x00000007aab00000)
  object space 44032K, 3% used [0x0000000780000000,0x0000000780169268,0x0000000782b00000)
 Metaspace       used 11283K, capacity 11662K, committed 11904K, reserved 1058816K
  class space    used 1436K, capacity 1572K, committed 1664K, reserved 1048576K
}
Event: 4.086 GC heap before
{Heap before GC invocations=4 (full 0):
 PSYoungGen      total 18944K, used 18928K [0x00000007aab00000, 0x00000007ac000000, 0x00000007c0000000)
  eden space 16384K, 100% used [0x00000007aab00000,0x00000007abb00000,0x00000007abb00000)
  from space 2560K, 99% used [0x00000007abb00000,0x00000007abd7c010,0x00000007abd80000)
  to   space 2560K, 0% used [0x00000007abd80000,0x00000007abd80000,0x00000007ac000000)
 ParOldGen       total 44032K, used 1444K [0x0000000780000000, 0x0000000782b00000, 0x00000007aab00000)
  object space 44032K, 3% used [0x0000000780000000,0x0000000780169268,0x0000000782b00000)
 Metaspace       used 15367K, capacity 15896K, committed 16128K, reserved 1062912K
  class space    used 2025K, capacity 2185K, committed 2304K, reserved 1048576K
Event: 4.093 GC heap after
Heap after GC invocations=4 (full 0):
 PSYoungGen      total 18944K, used 2544K [0x00000007aab00000, 0x00000007ad000000, 0x00000007c0000000)
  eden space 16384K, 0% used [0x00000007aab00000,0x00000007aab00000,0x00000007abb00000)
  from space 2560K, 99% used [0x00000007abd80000,0x00000007abffc030,0x00000007ac000000)
  to   space 2560K, 0% used [0x00000007abb00000,0x00000007abb00000,0x00000007abd80000)
 ParOldGen       total 44032K, used 4025K [0x0000000780000000, 0x0000000782b00000, 0x00000007aab00000)
  object space 44032K, 9% used [0x0000000780000000,0x00000007803ee698,0x0000000782b00000)
 Metaspace       used 15367K, capacity 15896K, committed 16128K, reserved 1062912K
  class space    used 2025K, capacity 2185K, committed 2304K, reserved 1048576K
}
Event: 4.435 GC heap before
{Heap before GC invocations=5 (full 0):
 PSYoungGen      total 18944K, used 18928K [0x00000007aab00000, 0x00000007ad000000, 0x00000007c0000000)
  eden space 16384K, 100% used [0x00000007aab00000,0x00000007abb00000,0x00000007abb00000)
  from space 2560K, 99% used [0x00000007abd80000,0x00000007abffc030,0x00000007ac000000)
  to   space 2560K, 0% used [0x00000007abb00000,0x00000007abb00000,0x00000007abd80000)
 ParOldGen       total 44032K, used 4025K [0x0000000780000000, 0x0000000782b00000, 0x00000007aab00000)
  object space 44032K, 9% used [0x0000000780000000,0x00000007803ee698,0x0000000782b00000)
 Metaspace       used 17407K, capacity 17974K, committed 18176K, reserved 1064960K
  class space    used 2335K, capacity 2512K, committed 2560K, reserved 1048576K
Event: 4.442 GC heap after
Heap after GC invocations=5 (full 0):
 PSYoungGen      total 18944K, used 2528K [0x00000007aab00000, 0x00000007ad700000, 0x00000007c0000000)
  eden space 16384K, 0% used [0x00000007aab00000,0x00000007aab00000,0x00000007abb00000)
  from space 2560K, 98% used [0x00000007abb00000,0x00000007abd78040,0x00000007abd80000)
  to   space 6144K, 0% used [0x00000007ad100000,0x00000007ad100000,0x00000007ad700000)
 ParOldGen       total 44032K, used 6556K [0x0000000780000000, 0x0000000782b00000, 0x00000007aab00000)
  object space 44032K, 14% used [0x0000000780000000,0x0000000780667200,0x0000000782b00000)
 Metaspace       used 17407K, capacity 17974K, committed 18176K, reserved 1064960K
  class space    used 2335K, capacity 2512K, committed 2560K, reserved 1048576K
}
Event: 4.875 GC heap before
{Heap before GC invocations=6 (full 0):
 PSYoungGen      total 18944K, used 7338K [0x00000007aab00000, 0x00000007ad700000, 0x00000007c0000000)
  eden space 16384K, 29% used [0x00000007aab00000,0x00000007aafb2818,0x00000007abb00000)
  from space 2560K, 98% used [0x00000007abb00000,0x00000007abd78040,0x00000007abd80000)
  to   space 6144K, 0% used [0x00000007ad100000,0x00000007ad100000,0x00000007ad700000)
 ParOldGen       total 44032K, used 6556K [0x0000000780000000, 0x0000000782b00000, 0x00000007aab00000)
  object space 44032K, 14% used [0x0000000780000000,0x0000000780667200,0x0000000782b00000)
 Metaspace       used 20649K, capacity 21168K, committed 21296K, reserved 1067008K
  class space    used 2799K, capacity 2933K, committed 2944K, reserved 1048576K
Event: 4.880 GC heap after
Heap after GC invocations=6 (full 0):
 PSYoungGen      total 38912K, used 3473K [0x00000007aab00000, 0x00000007ad700000, 0x00000007c0000000)
  eden space 32768K, 0% used [0x00000007aab00000,0x00000007aab00000,0x00000007acb00000)
  from space 6144K, 56% used [0x00000007ad100000,0x00000007ad464430,0x00000007ad700000)
  to   space 6144K, 0% used [0x00000007acb00000,0x00000007acb00000,0x00000007ad100000)
 ParOldGen       total 44032K, used 6556K [0x0000000780000000, 0x0000000782b00000, 0x00000007aab00000)
  object space 44032K, 14% used [0x0000000780000000,0x0000000780667200,0x0000000782b00000)
 Metaspace       used 20649K, capacity 21168K, committed 21296K, reserved 1067008K
  class space    used 2799K, capacity 2933K, committed 2944K, reserved 1048576K
}
Event: 4.880 GC heap before
{Heap before GC invocations=7 (full 1):
 PSYoungGen      total 38912K, used 3473K [0x00000007aab00000, 0x00000007ad700000, 0x00000007c0000000)
  eden space 32768K, 0% used [0x00000007aab00000,0x00000007aab00000,0x00000007acb00000)
  from space 6144K, 56% used [0x00000007ad100000,0x00000007ad464430,0x00000007ad700000)
  to   space 6144K, 0% used [0x00000007acb00000,0x00000007acb00000,0x00000007ad100000)
 ParOldGen       total 44032K, used 6556K [0x0000000780000000, 0x0000000782b00000, 0x00000007aab00000)
  object space 44032K, 14% used [0x0000000780000000,0x0000000780667200,0x0000000782b00000)
 Metaspace       used 20649K, capacity 21168K, committed 21296K, reserved 1067008K
  class space    used 2799K, capacity 2933K, committed 2944K, reserved 1048576K
Event: 4.920 GC heap after
Heap after GC invocations=7 (full 1):
 PSYoungGen      total 38912K, used 0K [0x00000007aab00000, 0x00000007ad700000, 0x00000007c0000000)
  eden space 32768K, 0% used [0x00000007aab00000,0x00000007aab00000,0x00000007acb00000)
  from space 6144K, 0% used [0x00000007ad100000,0x00000007ad100000,0x00000007ad700000)
  to   space 6144K, 0% used [0x00000007acb00000,0x00000007acb00000,0x00000007ad100000)
 ParOldGen       total 32768K, used 6993K [0x0000000780000000, 0x0000000782000000, 0x00000007aab00000)
  object space 32768K, 21% used [0x0000000780000000,0x00000007806d4540,0x0000000782000000)
 Metaspace       used 20649K, capacity 21168K, committed 21296K, reserved 1067008K
  class space    used 2799K, capacity 2933K, committed 2944K, reserved 1048576K
}

Deoptimization events (10 events):
Event: 5.495 Thread 0x00007fe8652c0000 Uncommon trap: reason=unstable_if action=reinterpret pc=0x000000010f7e84f8 method=java.lang.StringCoding$StringDecoder.decode([BII)[C @ 33
Event: 5.496 Thread 0x00007fe8652c0000 Uncommon trap: reason=unstable_if action=reinterpret pc=0x000000010f7e6054 method=java.lang.StringCoding$StringDecoder.decode([BII)[C @ 33
Event: 5.638 Thread 0x00007fe8652c0000 Uncommon trap: reason=unstable_if action=reinterpret pc=0x000000010f9c62c4 method=com.sun.javafx.css.BitSet.add(Ljava/lang/Object;)Z @ 91
Event: 5.723 Thread 0x00007fe8652c0000 Uncommon trap: reason=unstable_if action=reinterpret pc=0x000000010f902444 method=java.lang.ClassLoader.checkName(Ljava/lang/String;)Z @ 20
Event: 5.723 Thread 0x00007fe8652c0000 Uncommon trap: reason=unstable_if action=reinterpret pc=0x000000010f73a0dc method=java.lang.ClassLoader.checkName(Ljava/lang/String;)Z @ 20
Event: 5.987 Thread 0x00007fe8652c0000 Uncommon trap: reason=array_check action=maybe_recompile pc=0x000000010f501ff8 method=com.sun.javafx.css.SimpleSelector.applies(Ljavafx/css/Styleable;[Ljava/util/Set;I)Z @ 37
Event: 5.988 Thread 0x00007fe8652c0000 Uncommon trap: reason=array_check action=maybe_recompile pc=0x000000010f717800 method=com.sun.javafx.css.SimpleSelector.applies(Ljavafx/css/Styleable;[Ljava/util/Set;I)Z @ 37
Event: 5.988 Thread 0x00007fe8652c0000 Uncommon trap: reason=array_check action=maybe_recompile pc=0x000000010f717800 method=com.sun.javafx.css.SimpleSelector.applies(Ljavafx/css/Styleable;[Ljava/util/Set;I)Z @ 37
Event: 5.988 Thread 0x00007fe8652c0000 Uncommon trap: reason=array_check action=maybe_recompile pc=0x000000010f717800 method=com.sun.javafx.css.SimpleSelector.applies(Ljavafx/css/Styleable;[Ljava/util/Set;I)Z @ 37
Event: 5.988 Thread 0x00007fe8652c0000 Uncommon trap: reason=array_check action=maybe_recompile pc=0x000000010f501ff8 method=com.sun.javafx.css.SimpleSelector.applies(Ljavafx/css/Styleable;[Ljava/util/Set;I)Z @ 37

Internal exceptions (10 events):
Event: 4.749 Thread 0x00007fe8652c0000 Exception <a 'java/lang/NullPointerException'> (0x00000007aad89bb0) thrown at [/HUDSON3/workspace/8-2-build-macosx-x86_64/jdk8u66/4988/hotspot/src/share/vm/interpreter/linkResolver.cpp, line 1280]
Event: 4.755 Thread 0x00007fe8652c0000 Implicit null exception at 0x000000010f777ad8 to 0x000000010f777b66
Event: 4.852 Thread 0x00007fe8652c0000 Exception <a 'java/lang/NullPointerException'> (0x00000007aaee0e18) thrown at [/HUDSON3/workspace/8-2-build-macosx-x86_64/jdk8u66/4988/hotspot/src/share/vm/interpreter/linkResolver.cpp, line 1178]
Event: 4.852 Thread 0x00007fe8652c0000 Exception <a 'java/lang/reflect/InvocationTargetException'> (0x00000007aaee1020) thrown at [/HUDSON3/workspace/8-2-build-macosx-x86_64/jdk8u66/4988/hotspot/src/share/vm/runtime/reflection.cpp, line 1092]
Event: 4.951 Thread 0x00007fe8652c0000 Exception <a 'java/lang/NullPointerException'> (0x00000007aac0c300) thrown at [/HUDSON3/workspace/8-2-build-macosx-x86_64/jdk8u66/4988/hotspot/src/share/vm/interpreter/linkResolver.cpp, line 1178]
Event: 4.951 Thread 0x00007fe8652c0000 Exception <a 'java/lang/NullPointerException'> (0x00000007aac0c300) thrown at [/HUDSON3/workspace/8-2-build-macosx-x86_64/jdk8u66/4988/hotspot/src/share/vm/prims/jvm.cpp, line 1390]
Event: 5.071 Thread 0x00007fe8652c0000 Exception <a 'java/io/FileNotFoundException'> (0x00000007ab19b958) thrown at [/HUDSON3/workspace/8-2-build-macosx-x86_64/jdk8u66/4988/hotspot/src/share/vm/prims/jni.cpp, line 709]
Event: 5.117 Thread 0x00007fe8652c0000 Exception <a 'java/io/FileNotFoundException'> (0x00000007ab2bec48) thrown at [/HUDSON3/workspace/8-2-build-macosx-x86_64/jdk8u66/4988/hotspot/src/share/vm/prims/jni.cpp, line 709]
Event: 5.830 Thread 0x00007fe8652c0000 Exception <a 'java/io/FileNotFoundException'> (0x00000007ac332fa0) thrown at [/HUDSON3/workspace/8-2-build-macosx-x86_64/jdk8u66/4988/hotspot/src/share/vm/prims/jni.cpp, line 709]
Event: 5.837 Thread 0x00007fe8652c0000 Exception <a 'java/io/FileNotFoundException'> (0x00000007ac392c28) thrown at [/HUDSON3/workspace/8-2-build-macosx-x86_64/jdk8u66/4988/hotspot/src/share/vm/prims/jni.cpp, line 709]

Events (10 events):
Event: 5.988 Thread 0x00007fe8652c0000 DEOPT UNPACKING pc=0x000000010f405229 sp=0x00007fff523f4430 mode 2
Event: 5.988 Thread 0x00007fe8652c0000 Uncommon trap: trap_request=0xffffffd6 fr.pc=0x000000010f717800
Event: 5.988 Thread 0x00007fe8652c0000 DEOPT PACKING pc=0x000000010f717800 sp=0x00007fff523f44b0
Event: 5.988 Thread 0x00007fe8652c0000 DEOPT UNPACKING pc=0x000000010f405229 sp=0x00007fff523f4430 mode 2
Event: 5.988 Thread 0x00007fe8652c0000 Uncommon trap: trap_request=0xffffffd6 fr.pc=0x000000010f717800
Event: 5.988 Thread 0x00007fe8652c0000 DEOPT PACKING pc=0x000000010f717800 sp=0x00007fff523f4430
Event: 5.988 Thread 0x00007fe8652c0000 DEOPT UNPACKING pc=0x000000010f405229 sp=0x00007fff523f43b0 mode 2
Event: 5.988 Thread 0x00007fe8652c0000 Uncommon trap: trap_request=0xffffffd6 fr.pc=0x000000010f501ff8
Event: 5.988 Thread 0x00007fe8652c0000 DEOPT PACKING pc=0x000000010f501ff8 sp=0x00007fff523f4510
Event: 5.988 Thread 0x00007fe8652c0000 DEOPT UNPACKING pc=0x000000010f405229 sp=0x00007fff523f44c0 mode 2


Dynamic libraries:
0x0000000009239000 	/System/Library/Frameworks/Cocoa.framework/Versions/A/Cocoa
0x0000000009239000 	/System/Library/Frameworks/Security.framework/Versions/A/Security
0x0000000009239000 	/System/Library/Frameworks/ApplicationServices.framework/Versions/A/ApplicationServices
0x0000000009239000 	/usr/lib/libz.1.dylib
0x0000000009239000 	/usr/lib/libSystem.B.dylib
0x0000000009239000 	/usr/lib/libobjc.A.dylib
0x0000000009239000 	/System/Library/Frameworks/CoreFoundation.framework/Versions/A/CoreFoundation
0x0000000009239000 	/System/Library/Frameworks/Foundation.framework/Versions/C/Foundation
0x0000000009239000 	/System/Library/Frameworks/AppKit.framework/Versions/C/AppKit
0x0000000009239000 	/System/Library/Frameworks/CoreData.framework/Versions/A/CoreData
0x0000000009239000 	/System/Library/PrivateFrameworks/RemoteViewServices.framework/Versions/A/RemoteViewServices
0x0000000009239000 	/System/Library/PrivateFrameworks/UIFoundation.framework/Versions/A/UIFoundation
0x0000000009239000 	/usr/lib/libScreenReader.dylib
0x0000000009239000 	/System/Library/Frameworks/Accelerate.framework/Versions/A/Accelerate
0x0000000009239000 	/System/Library/Frameworks/IOSurface.framework/Versions/A/IOSurface
0x0000000009239000 	/System/Library/Frameworks/AudioToolbox.framework/Versions/A/AudioToolbox
0x0000000009239000 	/System/Library/Frameworks/AudioUnit.framework/Versions/A/AudioUnit
0x0000000009239000 	/System/Library/PrivateFrameworks/DataDetectorsCore.framework/Versions/A/DataDetectorsCore
0x0000000009239000 	/System/Library/PrivateFrameworks/DesktopServicesPriv.framework/Versions/A/DesktopServicesPriv
0x0000000009239000 	/System/Library/Frameworks/Carbon.framework/Versions/A/Frameworks/HIToolbox.framework/Versions/A/HIToolbox
0x0000000009239000 	/System/Library/Frameworks/QuartzCore.framework/Versions/A/QuartzCore
0x0000000009239000 	/System/Library/Frameworks/Carbon.framework/Versions/A/Frameworks/SpeechRecognition.framework/Versions/A/SpeechRecognition
0x0000000009239000 	/usr/lib/libauto.dylib
0x0000000009239000 	/usr/lib/libicucore.A.dylib
0x0000000009239000 	/usr/lib/libxml2.2.dylib
0x0000000009239000 	/System/Library/PrivateFrameworks/CoreUI.framework/Versions/A/CoreUI
0x0000000009239000 	/System/Library/Frameworks/CoreAudio.framework/Versions/A/CoreAudio
0x0000000009239000 	/System/Library/Frameworks/DiskArbitration.framework/Versions/A/DiskArbitration
0x0000000009239000 	/usr/lib/liblangid.dylib
0x0000000009239000 	/System/Library/PrivateFrameworks/MultitouchSupport.framework/Versions/A/MultitouchSupport
0x0000000009239000 	/System/Library/Frameworks/IOKit.framework/Versions/A/IOKit
0x0000000009239000 	/usr/lib/libDiagnosticMessagesClient.dylib
0x0000000009239000 	/System/Library/Frameworks/CoreServices.framework/Versions/A/CoreServices
0x0000000009239000 	/System/Library/PrivateFrameworks/PerformanceAnalysis.framework/Versions/A/PerformanceAnalysis
0x0000000009239000 	/System/Library/PrivateFrameworks/GenerationalStorage.framework/Versions/A/GenerationalStorage
0x0000000009239000 	/System/Library/Frameworks/OpenGL.framework/Versions/A/OpenGL
0x0000000009239000 	/System/Library/PrivateFrameworks/Sharing.framework/Versions/A/Sharing
0x0000000009239000 	/System/Library/Frameworks/CoreGraphics.framework/Versions/A/CoreGraphics
0x0000000009239000 	/System/Library/Frameworks/CoreImage.framework/Versions/A/CoreImage
0x0000000009239000 	/System/Library/Frameworks/CoreText.framework/Versions/A/CoreText
0x0000000009239000 	/System/Library/Frameworks/ImageIO.framework/Versions/A/ImageIO
0x0000000009239000 	/System/Library/PrivateFrameworks/Backup.framework/Versions/A/Backup
0x0000000009239000 	/usr/lib/libextension.dylib
0x0000000009239000 	/usr/lib/libarchive.2.dylib
0x0000000009239000 	/System/Library/Frameworks/CFNetwork.framework/Versions/A/CFNetwork
0x0000000009239000 	/System/Library/Frameworks/SystemConfiguration.framework/Versions/A/SystemConfiguration
0x0000000009239000 	/usr/lib/libCRFSuite.dylib
0x0000000009239000 	/usr/lib/libc++.1.dylib
0x0000000009239000 	/usr/lib/libc++abi.dylib
0x0000000009239000 	/usr/lib/system/libcache.dylib
0x0000000009239000 	/usr/lib/system/libcommonCrypto.dylib
0x0000000009239000 	/usr/lib/system/libcompiler_rt.dylib
0x0000000009239000 	/usr/lib/system/libcopyfile.dylib
0x0000000009239000 	/usr/lib/system/libcorecrypto.dylib
0x0000000009239000 	/usr/lib/system/libdispatch.dylib
0x0000000009239000 	/usr/lib/system/libdyld.dylib
0x0000000009239000 	/usr/lib/system/libkeymgr.dylib
0x0000000009239000 	/usr/lib/system/liblaunch.dylib
0x0000000009239000 	/usr/lib/system/libmacho.dylib
0x0000000009239000 	/usr/lib/system/libquarantine.dylib
0x0000000009239000 	/usr/lib/system/libremovefile.dylib
0x0000000009239000 	/usr/lib/system/libsystem_asl.dylib
0x0000000009239000 	/usr/lib/system/libsystem_blocks.dylib
0x0000000009239000 	/usr/lib/system/libsystem_c.dylib
0x0000000009239000 	/usr/lib/system/libsystem_configuration.dylib
0x0000000009239000 	/usr/lib/system/libsystem_coreservices.dylib
0x0000000009239000 	/usr/lib/system/libsystem_coretls.dylib
0x0000000009239000 	/usr/lib/system/libsystem_dnssd.dylib
0x0000000009239000 	/usr/lib/system/libsystem_info.dylib
0x0000000009239000 	/usr/lib/system/libsystem_kernel.dylib
0x0000000009239000 	/usr/lib/system/libsystem_m.dylib
0x0000000009239000 	/usr/lib/system/libsystem_malloc.dylib
0x0000000009239000 	/usr/lib/system/libsystem_network.dylib
0x0000000009239000 	/usr/lib/system/libsystem_networkextension.dylib
0x0000000009239000 	/usr/lib/system/libsystem_notify.dylib
0x0000000009239000 	/usr/lib/system/libsystem_platform.dylib
0x0000000009239000 	/usr/lib/system/libsystem_pthread.dylib
0x0000000009239000 	/usr/lib/system/libsystem_sandbox.dylib
0x0000000009239000 	/usr/lib/system/libsystem_secinit.dylib
0x0000000009239000 	/usr/lib/system/libsystem_trace.dylib
0x0000000009239000 	/usr/lib/system/libunc.dylib
0x0000000009239000 	/usr/lib/system/libunwind.dylib
0x0000000009239000 	/usr/lib/system/libxpc.dylib
0x0000000009239000 	/usr/lib/libenergytrace.dylib
0x0000000009239000 	/usr/lib/libbsm.0.dylib
0x0000000009239000 	/usr/lib/system/libkxld.dylib
0x0000000009239000 	/usr/lib/libxar.1.dylib
0x0000000009239000 	/usr/lib/libsqlite3.dylib
0x0000000009239000 	/usr/lib/libpam.2.dylib
0x0000000009239000 	/usr/lib/libOpenScriptingUtil.dylib
0x0000000009239000 	/usr/lib/libbz2.1.0.dylib
0x0000000009239000 	/usr/lib/liblzma.5.dylib
0x0000000009239000 	/System/Library/Frameworks/CoreServices.framework/Versions/A/Frameworks/FSEvents.framework/Versions/A/FSEvents
0x0000000009239000 	/System/Library/Frameworks/CoreServices.framework/Versions/A/Frameworks/CarbonCore.framework/Versions/A/CarbonCore
0x0000000009239000 	/System/Library/Frameworks/CoreServices.framework/Versions/A/Frameworks/Metadata.framework/Versions/A/Metadata
0x0000000009239000 	/System/Library/Frameworks/CoreServices.framework/Versions/A/Frameworks/OSServices.framework/Versions/A/OSServices
0x0000000009239000 	/System/Library/Frameworks/CoreServices.framework/Versions/A/Frameworks/SearchKit.framework/Versions/A/SearchKit
0x0000000009239000 	/System/Library/Frameworks/CoreServices.framework/Versions/A/Frameworks/AE.framework/Versions/A/AE
0x0000000009239000 	/System/Library/Frameworks/CoreServices.framework/Versions/A/Frameworks/LaunchServices.framework/Versions/A/LaunchServices
0x0000000009239000 	/System/Library/Frameworks/CoreServices.framework/Versions/A/Frameworks/DictionaryServices.framework/Versions/A/DictionaryServices
0x0000000009239000 	/System/Library/Frameworks/CoreServices.framework/Versions/A/Frameworks/SharedFileList.framework/Versions/A/SharedFileList
0x0000000009239000 	/System/Library/Frameworks/NetFS.framework/Versions/A/NetFS
0x0000000009239000 	/System/Library/PrivateFrameworks/NetAuth.framework/Versions/A/NetAuth
0x0000000009239000 	/System/Library/PrivateFrameworks/login.framework/Versions/A/Frameworks/loginsupport.framework/Versions/A/loginsupport
0x0000000009239000 	/System/Library/PrivateFrameworks/TCC.framework/Versions/A/TCC
0x0000000009239000 	/usr/lib/libmecabra.dylib
0x0000000009239000 	/System/Library/Frameworks/ApplicationServices.framework/Versions/A/Frameworks/ATS.framework/Versions/A/ATS
0x0000000009239000 	/System/Library/Frameworks/ApplicationServices.framework/Versions/A/Frameworks/ColorSync.framework/Versions/A/ColorSync
0x0000000009239000 	/System/Library/Frameworks/ApplicationServices.framework/Versions/A/Frameworks/HIServices.framework/Versions/A/HIServices
0x0000000009239000 	/System/Library/Frameworks/ApplicationServices.framework/Versions/A/Frameworks/LangAnalysis.framework/Versions/A/LangAnalysis
0x0000000009239000 	/System/Library/Frameworks/ApplicationServices.framework/Versions/A/Frameworks/PrintCore.framework/Versions/A/PrintCore
0x0000000009239000 	/System/Library/Frameworks/ApplicationServices.framework/Versions/A/Frameworks/QD.framework/Versions/A/QD
0x0000000009239000 	/System/Library/Frameworks/ApplicationServices.framework/Versions/A/Frameworks/SpeechSynthesis.framework/Versions/A/SpeechSynthesis
0x0000000009239000 	/System/Library/Frameworks/Metal.framework/Versions/A/Metal
0x0000000009239000 	/System/Library/Frameworks/Accelerate.framework/Versions/A/Frameworks/vImage.framework/Versions/A/vImage
0x0000000009239000 	/System/Library/Frameworks/Accelerate.framework/Versions/A/Frameworks/vecLib.framework/Versions/A/vecLib
0x0000000009239000 	/System/Library/Frameworks/Accelerate.framework/Versions/A/Frameworks/vecLib.framework/Versions/A/libvDSP.dylib
0x0000000009239000 	/System/Library/Frameworks/Accelerate.framework/Versions/A/Frameworks/vecLib.framework/Versions/A/libvMisc.dylib
0x0000000009239000 	/System/Library/Frameworks/Accelerate.framework/Versions/A/Frameworks/vecLib.framework/Versions/A/libLAPACK.dylib
0x0000000009239000 	/System/Library/Frameworks/Accelerate.framework/Versions/A/Frameworks/vecLib.framework/Versions/A/libBLAS.dylib
0x0000000009239000 	/System/Library/Frameworks/Accelerate.framework/Versions/A/Frameworks/vecLib.framework/Versions/A/libLinearAlgebra.dylib
0x0000000009239000 	/System/Library/Frameworks/Accelerate.framework/Versions/A/Frameworks/vecLib.framework/Versions/A/libSparseBLAS.dylib
0x0000000009239000 	/System/Library/PrivateFrameworks/GPUCompiler.framework/libmetal_timestamp.dylib
0x0000000009239000 	/System/Library/Frameworks/OpenGL.framework/Versions/A/Libraries/libCoreFSCache.dylib
0x0000000009239000 	/System/Library/PrivateFrameworks/IOAccelerator.framework/Versions/A/IOAccelerator
0x0000000009239000 	/System/Library/Frameworks/ApplicationServices.framework/Versions/A/Frameworks/ATS.framework/Versions/A/Resources/libFontParser.dylib
0x0000000009239000 	/System/Library/Frameworks/ApplicationServices.framework/Versions/A/Frameworks/ATS.framework/Versions/A/Resources/libFontRegistry.dylib
0x0000000009239000 	/System/Library/PrivateFrameworks/AppleVPA.framework/Versions/A/AppleVPA
0x0000000009239000 	/System/Library/PrivateFrameworks/AppleJPEG.framework/Versions/A/AppleJPEG
0x0000000009239000 	/System/Library/Frameworks/ImageIO.framework/Versions/A/Resources/libJPEG.dylib
0x0000000009239000 	/System/Library/Frameworks/ImageIO.framework/Versions/A/Resources/libTIFF.dylib
0x0000000009239000 	/System/Library/Frameworks/ImageIO.framework/Versions/A/Resources/libPng.dylib
0x0000000009239000 	/System/Library/Frameworks/ImageIO.framework/Versions/A/Resources/libGIF.dylib
0x0000000009239000 	/System/Library/Frameworks/ImageIO.framework/Versions/A/Resources/libJP2.dylib
0x0000000009239000 	/System/Library/Frameworks/ImageIO.framework/Versions/A/Resources/libRadiance.dylib
0x0000000009239000 	/System/Library/Frameworks/CoreVideo.framework/Versions/A/CoreVideo
0x0000000009239000 	/System/Library/Frameworks/OpenGL.framework/Versions/A/Libraries/libGLU.dylib
0x0000000009239000 	/System/Library/Frameworks/OpenGL.framework/Versions/A/Libraries/libGFXShared.dylib
0x0000000009239000 	/System/Library/Frameworks/OpenGL.framework/Versions/A/Libraries/libGL.dylib
0x0000000009239000 	/System/Library/Frameworks/OpenGL.framework/Versions/A/Libraries/libGLImage.dylib
0x0000000009239000 	/System/Library/Frameworks/OpenGL.framework/Versions/A/Libraries/libCVMSPluginSupport.dylib
0x0000000009239000 	/System/Library/Frameworks/OpenGL.framework/Versions/A/Libraries/libCoreVMClient.dylib
0x0000000009239000 	/usr/lib/libcups.2.dylib
0x0000000009239000 	/System/Library/Frameworks/Kerberos.framework/Versions/A/Kerberos
0x0000000009239000 	/System/Library/Frameworks/GSS.framework/Versions/A/GSS
0x0000000009239000 	/usr/lib/libresolv.9.dylib
0x0000000009239000 	/usr/lib/libiconv.2.dylib
0x0000000009239000 	/System/Library/PrivateFrameworks/Heimdal.framework/Versions/A/Heimdal
0x0000000009239000 	/usr/lib/libheimdal-asn1.dylib
0x0000000009239000 	/System/Library/Frameworks/OpenDirectory.framework/Versions/A/OpenDirectory
0x0000000009239000 	/System/Library/PrivateFrameworks/CommonAuth.framework/Versions/A/CommonAuth
0x0000000009239000 	/System/Library/Frameworks/OpenDirectory.framework/Versions/A/Frameworks/CFOpenDirectory.framework/Versions/A/CFOpenDirectory
0x0000000009239000 	/System/Library/Frameworks/SecurityFoundation.framework/Versions/A/SecurityFoundation
0x0000000009239000 	/System/Library/PrivateFrameworks/LanguageModeling.framework/Versions/A/LanguageModeling
0x0000000009239000 	/usr/lib/libmarisa.dylib
0x0000000009239000 	/usr/lib/libChineseTokenizer.dylib
0x0000000009239000 	/usr/lib/libcmph.dylib
0x0000000009239000 	/usr/lib/libcompression.dylib
0x0000000009239000 	/System/Library/Frameworks/ServiceManagement.framework/Versions/A/ServiceManagement
0x0000000009239000 	/usr/lib/libxslt.1.dylib
0x0000000009239000 	/System/Library/Frameworks/Carbon.framework/Versions/A/Frameworks/Ink.framework/Versions/A/Ink
0x0000000009239000 	/usr/lib/libFosl_dynamic.dylib
0x0000000009239000 	/System/Library/PrivateFrameworks/FaceCore.framework/Versions/A/FaceCore
0x0000000009239000 	/System/Library/Frameworks/OpenCL.framework/Versions/A/OpenCL
0x0000000009239000 	/System/Library/PrivateFrameworks/CrashReporterSupport.framework/Versions/A/CrashReporterSupport
0x0000000009239000 	/System/Library/PrivateFrameworks/IconServices.framework/Versions/A/IconServices
0x0000000009239000 	/System/Library/PrivateFrameworks/Apple80211.framework/Versions/A/Apple80211
0x0000000009239000 	/System/Library/Frameworks/CoreWLAN.framework/Versions/A/CoreWLAN
0x0000000009239000 	/System/Library/Frameworks/IOBluetooth.framework/Versions/A/IOBluetooth
0x0000000009239000 	/System/Library/PrivateFrameworks/CoreWiFi.framework/Versions/A/CoreWiFi
0x0000000009239000 	/System/Library/Frameworks/CoreBluetooth.framework/Versions/A/CoreBluetooth
0x0000000009239000 	/System/Library/PrivateFrameworks/ChunkingLibrary.framework/Versions/A/ChunkingLibrary
0x0000000009239000 	/System/Library/PrivateFrameworks/DebugSymbols.framework/Versions/A/DebugSymbols
0x0000000009239000 	/System/Library/PrivateFrameworks/CoreSymbolication.framework/Versions/A/CoreSymbolication
0x0000000009239000 	/System/Library/PrivateFrameworks/Symbolication.framework/Versions/A/Symbolication
0x0000000009239000 	/System/Library/PrivateFrameworks/SpeechRecognitionCore.framework/Versions/A/SpeechRecognitionCore
0x000000010da80000 	/Library/Java/JavaVirtualMachines/jdk1.8.0_66.jdk/Contents/Home/jre/lib/server/libjvm.dylib
0x0000000009239000 	/usr/lib/libstdc++.6.dylib
0x000000010ea0a000 	/Library/Java/JavaVirtualMachines/jdk1.8.0_66.jdk/Contents/Home/jre/lib/libverify.dylib
0x000000010ea18000 	/Library/Java/JavaVirtualMachines/jdk1.8.0_66.jdk/Contents/Home/jre/lib/libjava.dylib
0x000000010ea57000 	/Library/Java/JavaVirtualMachines/jdk1.8.0_66.jdk/Contents/Home/jre/lib/libzip.dylib
0x0000000122667000 	/System/Library/Frameworks/JavaVM.framework/Frameworks/JavaRuntimeSupport.framework/JavaRuntimeSupport
0x0000000122682000 	/System/Library/Frameworks/JavaVM.framework/Versions/A/Frameworks/JavaNativeFoundation.framework/Versions/A/JavaNativeFoundation
0x000000010ebf3000 	/System/Library/Frameworks/JavaVM.framework/Versions/A/JavaVM
0x0000000009239000 	/System/Library/Frameworks/Carbon.framework/Versions/A/Carbon
0x0000000122697000 	/System/Library/PrivateFrameworks/JavaLaunching.framework/Versions/A/JavaLaunching
0x0000000009239000 	/System/Library/Frameworks/Carbon.framework/Versions/A/Frameworks/CommonPanels.framework/Versions/A/CommonPanels
0x0000000009239000 	/System/Library/Frameworks/Carbon.framework/Versions/A/Frameworks/Help.framework/Versions/A/Help
0x0000000009239000 	/System/Library/Frameworks/Carbon.framework/Versions/A/Frameworks/ImageCapture.framework/Versions/A/ImageCapture
0x0000000009239000 	/System/Library/Frameworks/Carbon.framework/Versions/A/Frameworks/OpenScripting.framework/Versions/A/OpenScripting
0x0000000009239000 	/System/Library/Frameworks/Carbon.framework/Versions/A/Frameworks/Print.framework/Versions/A/Print
0x0000000009239000 	/System/Library/Frameworks/Carbon.framework/Versions/A/Frameworks/SecurityHI.framework/Versions/A/SecurityHI
0x0000000124469000 	/Library/Java/JavaVirtualMachines/jdk1.8.0_66.jdk/Contents/Home/jre/lib/libnet.dylib
0x000000012494a000 	/Library/Java/JavaVirtualMachines/jdk1.8.0_66.jdk/Contents/Home/jre/lib/libnio.dylib
0x000000012495a000 	/Users/m133225/.gradle/native/19/osx-amd64/libnative-platform.dylib
0x0000000124ced000 	/Library/Java/JavaVirtualMachines/jdk1.8.0_66.jdk/Contents/Home/jre/lib/libawt.dylib
0x0000000124e98000 	/Library/Java/JavaVirtualMachines/jdk1.8.0_66.jdk/Contents/Home/jre/lib/./libmlib_image.dylib
0x0000000124f64000 	/Library/Java/JavaVirtualMachines/jdk1.8.0_66.jdk/Contents/Home/jre/lib/libawt_lwawt.dylib
0x0000000124504000 	/Library/Java/JavaVirtualMachines/jdk1.8.0_66.jdk/Contents/Home/jre/lib/./libosxapp.dylib
0x0000000009239000 	/System/Library/Frameworks/ExceptionHandling.framework/Versions/A/ExceptionHandling
0x0000000009239000 	/System/Library/PrivateFrameworks/CoreServicesInternal.framework/Versions/A/CoreServicesInternal
0x0000000009239000 	/System/Library/Frameworks/CoreGraphics.framework/Versions/A/Resources/libRIP.A.dylib
0x0000000009239000 	/System/Library/Frameworks/Accelerate.framework/Versions/A/Frameworks/vImage.framework/Versions/A/Libraries/libCGInterfaces.dylib
0x0000000009239000 	/System/Library/Frameworks/CoreGraphics.framework/Versions/A/Resources/libCGXType.A.dylib
0x0000000009239000 	/System/Library/Frameworks/OpenCL.framework/Versions/A/Libraries/libcldcpuengine.dylib
0x0000000009239000 	/System/Library/PrivateFrameworks/DiskImages.framework/Versions/A/DiskImages
0x0000000009239000 	/System/Library/Frameworks/DiscRecording.framework/Versions/A/DiscRecording
0x0000000009239000 	/usr/lib/libcsfde.dylib
0x0000000009239000 	/usr/lib/libcurl.4.dylib
0x0000000009239000 	/System/Library/PrivateFrameworks/MediaKit.framework/Versions/A/MediaKit
0x0000000009239000 	/System/Library/PrivateFrameworks/ProtectedCloudStorage.framework/Versions/A/ProtectedCloudStorage
0x0000000009239000 	/usr/lib/libCoreStorage.dylib
0x0000000009239000 	/System/Library/PrivateFrameworks/EFILogin.framework/Versions/A/EFILogin
0x0000000009239000 	/usr/lib/libutil.dylib
0x0000000009239000 	/System/Library/PrivateFrameworks/FindMyDevice.framework/Versions/A/FindMyDevice
0x0000000009239000 	/System/Library/Frameworks/LDAP.framework/Versions/A/LDAP
0x0000000009239000 	/usr/lib/libsasl2.2.dylib
0x0000000009239000 	/System/Library/PrivateFrameworks/CoreDaemon.framework/Versions/B/CoreDaemon
0x0000000009239000 	/usr/lib/libcrypto.0.9.8.dylib
0x0000000009239000 	/System/Library/PrivateFrameworks/AppleSRP.framework/Versions/A/AppleSRP
0x0000000009239000 	/System/Library/PrivateFrameworks/TrustEvaluationAgent.framework/Versions/A/TrustEvaluationAgent
0x0000000124447000 	cl_kernels
0x0000000009239000 	/System/Library/Frameworks/OpenCL.framework/Versions/A/Libraries/ImageFormats/unorm8_bgra.dylib
0x0000000009239000 	/System/Library/Frameworks/OpenCL.framework/Versions/A/Libraries/ImageFormats/unorm8_rgba.dylib
0x0000000009239000 	/System/Library/PrivateFrameworks/FamilyControls.framework/Versions/A/FamilyControls
0x0000000009239000 	/System/Library/PrivateFrameworks/CommerceKit.framework/Versions/A/Frameworks/CommerceCore.framework/Versions/A/CommerceCore
0x0000000009239000 	/System/Library/PrivateFrameworks/SystemAdministration.framework/Versions/A/SystemAdministration
0x0000000009239000 	/System/Library/PrivateFrameworks/AppContainer.framework/Versions/A/AppContainer
0x0000000009239000 	/System/Library/PrivateFrameworks/SecCodeWrapper.framework/Versions/A/SecCodeWrapper
0x0000000009239000 	/System/Library/Frameworks/DirectoryService.framework/Versions/A/DirectoryService
0x0000000009239000 	/System/Library/PrivateFrameworks/LoginUIKit.framework/Versions/A/Frameworks/LoginUICore.framework/Versions/A/LoginUICore
0x0000000009239000 	/usr/lib/libodfde.dylib
0x0000000009239000 	/System/Library/Frameworks/OpenGL.framework/Versions/A/Resources/GLEngine.bundle/GLEngine
0x0000000009239000 	/System/Library/Frameworks/OpenGL.framework/Versions/A/Libraries/libGLProgrammability.dylib
0x0000000127d42000 	/System/Library/Extensions/AppleIntelHD5000GraphicsGLDriver.bundle/Contents/MacOS/AppleIntelHD5000GraphicsGLDriver
0x0000000009239000 	/System/Library/PrivateFrameworks/GPUSupport.framework/Versions/A/Libraries/libGPUSupportMercury.dylib
0x0000000009239000 	/System/Library/Frameworks/OpenGL.framework/Versions/A/Resources/GLRendererFloat.bundle/GLRendererFloat
0x0000000124c37000 	/Library/Java/JavaVirtualMachines/jdk1.8.0_66.jdk/Contents/Home/jre/lib/libprism_es2.dylib
0x0000000129273000 	/Library/Java/JavaVirtualMachines/jdk1.8.0_66.jdk/Contents/Home/jre/lib/libglass.dylib
0x0000000124b46000 	/Library/Java/JavaVirtualMachines/jdk1.8.0_66.jdk/Contents/Home/jre/lib/libosx.dylib
0x0000000124b54000 	/private/var/folders/_c/sshmvp7j771czrx3qc5rqdkm0000gn/T/jxbrowser-chromium-49.0.2623.110.6.4/data/Temp/libjxbrowser-common64-7a14d7dd-3e71-4a50-bac8-2474473a2e3a.dylib
0x000000012a528000 	/var/folders/_c/sshmvp7j771czrx3qc5rqdkm0000gn/T/jxbrowser-chromium-49.0.2623.110.6.4/jxbrowser.app/Contents/Frameworks/JxBrowser.framework/Libraries/libjxbrowser.dylib
0x0000000009239000 	/usr/lib/libsandbox.1.dylib
0x0000000009239000 	/System/Library/Frameworks/QTKit.framework/Versions/A/QTKit
0x0000000009239000 	/System/Library/Frameworks/ImageCaptureCore.framework/Versions/A/ImageCaptureCore
0x0000000009239000 	/System/Library/Frameworks/AddressBook.framework/Versions/A/AddressBook
0x0000000009239000 	/System/Library/Frameworks/SecurityInterface.framework/Versions/A/SecurityInterface
0x0000000126722000 	/System/Library/Frameworks/CoreMIDI.framework/Versions/A/CoreMIDI
0x0000000009239000 	/System/Library/Frameworks/Quartz.framework/Versions/A/Quartz
0x0000000009239000 	/usr/lib/libMatch.1.dylib
0x0000000009239000 	/System/Library/Frameworks/AVFoundation.framework/Versions/A/AVFoundation
0x0000000009239000 	/System/Library/Frameworks/CoreMedia.framework/Versions/A/CoreMedia
0x0000000009239000 	/System/Library/Frameworks/MediaToolbox.framework/Versions/A/MediaToolbox
0x0000000009239000 	/System/Library/Frameworks/VideoToolbox.framework/Versions/A/VideoToolbox
0x0000000009239000 	/System/Library/PrivateFrameworks/CoreMediaAuthoring.framework/Versions/A/CoreMediaAuthoring
0x0000000009239000 	/System/Library/Frameworks/CoreMediaIO.framework/Versions/A/CoreMediaIO
0x0000000009239000 	/System/Library/Frameworks/AVFoundation.framework/Versions/A/Resources/libAVFAudio.dylib
0x0000000009239000 	/usr/lib/libspindump.dylib
0x0000000009239000 	/System/Library/PrivateFrameworks/CoreAVCHD.framework/Versions/A/CoreAVCHD
0x0000000009239000 	/System/Library/Frameworks/MediaAccessibility.framework/Versions/A/MediaAccessibility
0x0000000009239000 	/System/Library/PrivateFrameworks/Mangrove.framework/Versions/A/Mangrove
0x0000000009239000 	/System/Library/PrivateFrameworks/CoreAUC.framework/Versions/A/CoreAUC
0x0000000009239000 	/System/Library/PrivateFrameworks/AppleVA.framework/Versions/A/AppleVA
0x0000000009239000 	/System/Library/PrivateFrameworks/XPCService.framework/Versions/A/XPCService
0x0000000009239000 	/System/Library/PrivateFrameworks/AppSandbox.framework/Versions/A/AppSandbox
0x0000000009239000 	/System/Library/PrivateFrameworks/ContactsPersistence.framework/Versions/A/ContactsPersistence
0x0000000009239000 	/System/Library/PrivateFrameworks/ContactsFoundation.framework/Versions/A/ContactsFoundation
0x0000000009239000 	/System/Library/PrivateFrameworks/vCard.framework/Versions/A/vCard
0x0000000009239000 	/System/Library/PrivateFrameworks/IntlPreferences.framework/Versions/A/IntlPreferences
0x0000000009239000 	/System/Library/PrivateFrameworks/ToneLibrary.framework/Versions/A/ToneLibrary
0x0000000009239000 	/System/Library/PrivateFrameworks/ToneKit.framework/Versions/A/ToneKit
0x0000000009239000 	/System/Library/PrivateFrameworks/ApplePushService.framework/Versions/A/ApplePushService
0x0000000009239000 	/System/Library/PrivateFrameworks/PhoneNumbers.framework/Versions/A/PhoneNumbers
0x0000000009239000 	/System/Library/PrivateFrameworks/ViewBridge.framework/Versions/A/ViewBridge
0x0000000009239000 	/System/Library/Frameworks/Quartz.framework/Versions/A/Frameworks/QuartzComposer.framework/Versions/A/QuartzComposer
0x0000000009239000 	/System/Library/Frameworks/Quartz.framework/Versions/A/Frameworks/PDFKit.framework/Versions/A/PDFKit
0x0000000009239000 	/System/Library/Frameworks/Quartz.framework/Versions/A/Frameworks/QuartzFilters.framework/Versions/A/QuartzFilters
0x0000000009239000 	/System/Library/Frameworks/Quartz.framework/Versions/A/Frameworks/ImageKit.framework/Versions/A/ImageKit
0x0000000009239000 	/System/Library/Frameworks/Quartz.framework/Versions/A/Frameworks/QuickLookUI.framework/Versions/A/QuickLookUI
0x0000000009239000 	/System/Library/Frameworks/JavaScriptCore.framework/Versions/A/JavaScriptCore
0x0000000009239000 	/System/Library/PrivateFrameworks/AppleSystemInfo.framework/Versions/A/AppleSystemInfo
0x0000000009239000 	/System/Library/PrivateFrameworks/CorePDF.framework/Versions/A/CorePDF
0x0000000009239000 	/System/Library/Frameworks/QuickLook.framework/Versions/A/QuickLook
0x0000000009239000 	/System/Library/PrivateFrameworks/DisplayServices.framework/Versions/A/DisplayServices
0x0000000009239000 	/System/Library/PrivateFrameworks/SafariServices.framework/Versions/A/SafariServices
0x0000000124bc3000 	/usr/lib/libexpat.1.dylib
0x0000000124b6f000 	/System/Library/Extensions/AppleHDA.kext/Contents/PlugIns/AppleHDAHALPlugIn.bundle/Contents/MacOS/AppleHDAHALPlugIn
0x0000000126782000 	/Library/CoreMediaIO/Plug-Ins/DAL/AppleCamera.plugin/Contents/MacOS/AppleCamera
0x0000000124ba2000 	/Library/Java/JavaVirtualMachines/jdk1.8.0_66.jdk/Contents/Home/jre/lib/libjavafx_font.dylib
0x0000000124dba000 	/Library/Java/JavaVirtualMachines/jdk1.8.0_66.jdk/Contents/Home/jre/lib/libprism_common.dylib

VM Arguments:
jvm_args: -Djava.security.manager=jarjar.org.gradle.process.internal.child.BootstrapSecurityManager -Dfile.encoding=UTF-8 -Duser.country=US -Duser.language=en -Duser.variant -ea 
java_command: jarjar.org.gradle.process.internal.launcher.GradleWorkerMain 'Gradle Test Executor 1'
java_class_path (initial): /Users/m133225/.gradle/caches/2.12/workerMain/gradle-worker.jar
Launcher Type: SUN_STANDARD

Environment Variables:
JAVA_HOME=/Library/Java/JavaVirtualMachines/jdk1.8.0_66.jdk/Contents/Home
PATH=/usr/local/bin:/usr/bin:/bin:/usr/sbin:/sbin:/opt/X11/bin:/Library/TeX/texbin
SHELL=/bin/bash
DISPLAY=/private/tmp/com.apple.launchd.dudRl2wIGI/org.macosforge.xquartz:0

Signal Handlers:
SIGSEGV: [libjvm.dylib+0x5a65d5], sa_mask[0]=11111111011111110111111111111111, sa_flags=SA_ONSTACK|SA_RESTART|SA_SIGINFO
SIGBUS: [libjvm.dylib+0x5a65d5], sa_mask[0]=11111111011111110111111111111111, sa_flags=SA_RESTART|SA_SIGINFO
SIGFPE: [libjvm.dylib+0x4802e8], sa_mask[0]=11111111011111110111111111111111, sa_flags=SA_RESTART|SA_SIGINFO
SIGPIPE: [libjvm.dylib+0x4802e8], sa_mask[0]=11111111011111110111111111111111, sa_flags=SA_RESTART|SA_SIGINFO
SIGXFSZ: [libjvm.dylib+0x4802e8], sa_mask[0]=11111111011111110111111111111111, sa_flags=SA_RESTART|SA_SIGINFO
SIGILL: [libjvm.dylib+0x4802e8], sa_mask[0]=11111111011111110111111111111111, sa_flags=SA_RESTART|SA_SIGINFO
SIGUSR1: SIG_DFL, sa_mask[0]=00000000000000000000000000000000, sa_flags=none
SIGUSR2: [libjvm.dylib+0x47fe06], sa_mask[0]=00100000000000000000000000000000, sa_flags=SA_RESTART|SA_SIGINFO
SIGHUP: [libjvm.dylib+0x47e3dd], sa_mask[0]=11111111011111110111111111111111, sa_flags=SA_RESTART|SA_SIGINFO
SIGINT: [libjvm.dylib+0x47e3dd], sa_mask[0]=11111111011111110111111111111111, sa_flags=SA_RESTART|SA_SIGINFO
SIGTERM: [libjvm.dylib+0x47e3dd], sa_mask[0]=11111111011111110111111111111111, sa_flags=SA_RESTART|SA_SIGINFO
SIGQUIT: [libjvm.dylib+0x47e3dd], sa_mask[0]=11111111011111110111111111111111, sa_flags=SA_RESTART|SA_SIGINFO


---------------  S Y S T E M  ---------------

OS:Bsduname:Darwin 15.3.0 Darwin Kernel Version 15.3.0: Thu Dec 10 18:40:58 PST 2015; root:xnu-3248.30.4~1/RELEASE_X86_64 x86_64
rlimit: STACK 8192k, CORE 0k, NPROC 709, NOFILE 1024, AS infinity
load average:4.09 3.66 3.12

CPU:total 4 (2 cores per cpu, 2 threads per core) family 6 model 69 stepping 1, cmov, cx8, fxsr, mmx, sse, sse2, sse3, ssse3, sse4.1, sse4.2, popcnt, avx, avx2, aes, clmul, erms, lzcnt, ht, tsc, tscinvbit, bmi1, bmi2

Memory: 4k page, physical 4194304k(139192k free)

/proc/meminfo:


vm_info: Java HotSpot(TM) 64-Bit Server VM (25.66-b17) for bsd-amd64 JRE (1.8.0_66-b17), built on Oct  6 2015 16:09:13 by "java_re" with gcc 4.2.1 (Based on Apple Inc. build 5658) (LLVM build 2336.11.00)

time: Tue May 17 11:41:11 2016
elapsed time: 6 seconds (0d 0h 0m 6s)

