#
# A fatal error has been detected by the Java Runtime Environment:
#
#  SIGSEGV (0xb) at pc=0x00007fff9977771b, pid=1163, tid=2571
#
# JRE version: Java(TM) SE Runtime Environment (8.0_66-b17) (build 1.8.0_66-b17)
# Java VM: Java HotSpot(TM) 64-Bit Server VM (25.66-b17 mixed mode bsd-amd64 compressed oops)
# Problematic frame:
# C  [AppKit+0x3e71b]  NSViewDefersInvalidateFocus+0x20
#
# Failed to write core dump. Core dumps have been disabled. To enable core dumping, try "ulimit -c unlimited" before starting Java again
#
# If you would like to submit a bug report, please visit:
#   http://bugreport.java.com/bugreport/crash.jsp
# The crash happened outside the Java Virtual Machine in native code.
# See problematic frame for where to report the bug.
#

---------------  T H R E A D  ---------------

Current thread (0x00007fa50a2d4000):  JavaThread "JavaFX Application Thread" daemon [_thread_in_native, id=2571, stack(0x00007fff52edc000,0x00007fff536dc000)]

siginfo: si_signo: 11 (SIGSEGV), si_code: 1 (SEGV_MAPERR), si_addr: 0x0000000100000016

Registers:
RAX=0x0000000100000000, RBX=0x00007fa5097c4190, RCX=0x0000000000000014, RDX=0x00007fff536d31f0
RSP=0x00007fff536d3190, RBP=0x00007fff536d31a0, RSI=0x00007fff9a18e8a5, RDI=0x00007fa5097c4190
R8 =0x0000000000000010, R9 =0x0000000000000001, R10=0x00007fa509b82450, R11=0x000000012f22b870
R12=0x00007fa50bb88280, R13=0x00007fa50bb88280, R14=0x00007fff7cad1f74, R15=0x0000000000000088
RIP=0x00007fff9977771b, EFLAGS=0x0000000000010206, ERR=0x0000000000000004
  TRAPNO=0x000000000000000e

Top of Stack: (sp=0x00007fff536d3190)
0x00007fff536d3190:   0000000000000050 00007fa50bb88280
0x00007fff536d31a0:   00007fff536d31c0 00007fff99777737
0x00007fff536d31b0:   00007fa50bb88d20 5200bcf3099d2962
0x00007fff536d31c0:   00007fff536d32e0 00007fff99777492
0x00007fff536d31d0:   00007fa50bba8b00 00007fff9a1fc65c
0x00007fff536d31e0:   00007fff536d32e0 00007fff997f7d38
0x00007fff536d31f0:   ffffffffffffffff 00007fa50bba8da0
0x00007fff536d3200:   00007fa50bba8b20 0000000000000000
0x00007fff536d3210:   0000000000000000 0000000000000000
0x00007fff536d3220:   0000000000000000 0000000000000000
0x00007fff536d3230:   00007fff536d3230 00007fff536d31f0
0x00007fff536d3240:   00007fff9a1fc85b 00007fa50bb88280
0x00007fff536d3250:   5200bcf3099d2962 00007fff9977254a
0x00007fff536d3260:   6000000042a00000 a00007fa50bce4bd
0x00007fff536d3270:   000000003f800000 0000000000000000
0x00007fff536d3280:   0000000043410000 0000000000000000
0x00007fff536d3290:   3f5f578d81c00000 3f5f578d81c00000
0x00007fff536d32a0:   63416f5470617753 79636e6574614c6b
0x00007fff536d32b0:   5200bcf3099d2962 00007fff9488b4c0
0x00007fff536d32c0:   0000000000000000 00007fa50bb88280
0x00007fff536d32d0:   00007fff7cad1f74 0000000000000088
0x00007fff536d32e0:   00007fff536d3370 00007fff9979356d
0x00007fff536d32f0:   3ff0000000000000 0000000100000000
0x00007fff536d3300:   0000000000000000 0000000000000000
0x00007fff536d3310:   3ff0000000000000 3ff0000000000000
0x00007fff536d3320:   0000000000000000 0000000000000000
0x00007fff536d3330:   0000000000000000 0000000000000000
0x00007fff536d3340:   0000000000000000 00007fa50bb88280
0x00007fff536d3350:   00007fa5096f1d00 00007fff536d3690
0x00007fff536d3360:   00007fff9488b4c0 00007fff536d33c0
0x00007fff536d3370:   00007fff536d33b0 00007fff99792619
0x00007fff536d3380:   0000000000000000 3ff0000000000000 

Instructions: (pc=0x00007fff9977771b)
0x00007fff997776fb:   55 48 89 e5 53 50 48 89 fb 48 8b 05 9d 22 33 e3
0x00007fff9977770b:   48 8b 04 03 48 85 c0 74 0e 48 8b 0d f5 20 33 e3
0x00007fff9977771b:   f6 44 08 02 40 75 19 48 8b 05 b7 22 33 e3 48 8b
0x00007fff9977772b:   3c 03 48 85 ff 74 21 e8 c4 ff ff ff 84 c0 74 18 

Register to memory mapping:

RAX=0x0000000100000000 is an unknown value
RBX=0x00007fa5097c4190 is an unknown value
RCX=0x0000000000000014 is an unknown value
RDX=0x00007fff536d31f0 is pointing into the stack for thread: 0x00007fa50a2d4000
RSP=0x00007fff536d3190 is pointing into the stack for thread: 0x00007fa50a2d4000
RBP=0x00007fff536d31a0 is pointing into the stack for thread: 0x00007fa50a2d4000
RSI=0x00007fff9a18e8a5: -[NSTitlebarContainerView transparent]+0x3068d in /System/Library/Frameworks/AppKit.framework/Versions/C/AppKit at 0x00007fff99739000
RDI=0x00007fa5097c4190 is an unknown value
R8 =0x0000000000000010 is an unknown value
R9 =0x0000000000000001 is an unknown value
R10=0x00007fa509b82450 is an unknown value
R11=0x000000012f22b870: OBJC_CLASS_$_WebContentsViewCocoa+0 in /var/folders/_c/sshmvp7j771czrx3qc5rqdkm0000gn/T/jxbrowser-chromium-49.0.2623.110.6.4/jxbrowser.app/Contents/Frameworks/JxBrowser.framework/Libraries/libjxbrowser.dylib at 0x0000000128f33000
R12=0x00007fa50bb88280 is an unknown value
R13=0x00007fa50bb88280 is an unknown value
R14=0x00007fff7cad1f74: _NSViewAuxiliaryBitfieldLock+0 in /System/Library/Frameworks/AppKit.framework/Versions/C/AppKit at 0x00007fff99739000
R15=0x0000000000000088 is an unknown value


Stack: [0x00007fff52edc000,0x00007fff536dc000],  sp=0x00007fff536d3190,  free space=8156k
Native frames: (J=compiled Java code, j=interpreted, Vv=VM code, C=native code)
C  [AppKit+0x3e71b]  NSViewDefersInvalidateFocus+0x20
C  [AppKit+0x3e737]  NSViewDefersInvalidateFocus+0x3c
C  [AppKit+0x3e492]  -[NSView _invalidateFocus]+0x5b
C  [AppKit+0x5a56d]  -[NSView setFrameSize:]+0x749
C  [AppKit+0x59619]  -[NSView setFrame:]+0x1dc
C  [libjxbrowser.dylib+0x2bc42]  _ZN3jxb11BrowserViewC2EP6NSViewPN7content11WebContentsERKN3gfx4RectE+0xc2
C  [libjxbrowser.dylib+0x2f325]  _ZN3jxb7Browser6AttachEP6NSView+0x85
C  [libjxbrowser.dylib+0x63218a]  _ZN4base5debug13TaskAnnotator7RunTaskEPKcRKNS_11PendingTaskE+0xca
C  [libjxbrowser.dylib+0x653f29]  _ZN4base11MessageLoop7RunTaskERKNS_11PendingTaskE+0x1e9
C  [libjxbrowser.dylib+0x654468]  _ZN4base11MessageLoop6DoWorkEv+0x278
C  [libjxbrowser.dylib+0x6284e1]  _ZN4base24MessagePumpCFRunLoopBase7RunWorkEv+0x31
C  [libjxbrowser.dylib+0x64a91a]  _ZN4base3mac15CallWithEHFrameEU13block_pointerFvvE+0xa
C  [libjxbrowser.dylib+0x627ee4]  _ZN4base24MessagePumpCFRunLoopBase13RunWorkSourceEPv+0x44
C  [CoreFoundation+0x7e5c1]  __CFRUNLOOP_IS_CALLING_OUT_TO_A_SOURCE0_PERFORM_FUNCTION__+0x11
C  [CoreFoundation+0x70397]  __CFRunLoopDoSources0+0x1a7
C  [CoreFoundation+0x6f93f]  __CFRunLoopRun+0x39f
C  [CoreFoundation+0x6f338]  CFRunLoopRunSpecific+0x128
C  [HIToolbox+0x30935]  RunCurrentEventLoopInMode+0xeb
C  [HIToolbox+0x3076f]  ReceiveNextEventCommon+0x1b0
C  [HIToolbox+0x305af]  _BlockUntilNextEventMatchingListInModeWithFilter+0x47
C  [AppKit+0x8a0ee]  _DPSNextEvent+0x42b
C  [AppKit+0x456943]  -[NSApplication _nextEventMatchingEventMask:untilDate:inMode:dequeue:]+0x1c6
C  [libosxapp.dylib+0x23aa]  -[NSApplicationAWT nextEventMatchingMask:untilDate:inMode:dequeue:]+0x7c
C  [libjxbrowser.dylib+0x628d26]  _ZN4base24MessagePumpNSApplication5DoRunEPNS_11MessagePump8DelegateE+0x106
C  [libjxbrowser.dylib+0x628334]  _ZN4base24MessagePumpCFRunLoopBase3RunEPNS_11MessagePump8DelegateE+0x64
C  [libjxbrowser.dylib+0x6661d3]  _ZN4base7RunLoop3RunEv+0x63
C  [libjxbrowser.dylib+0x65369d]  _ZN4base11MessageLoop3RunEv+0x1d
C  [libjxbrowser.dylib+0x2580d]  jxb_main+0x9f
C  [libjxbrowser-common64-4e8c2661-2986-4cd9-8c4c-a080f610f73c.dylib+0x377f]  +[StartIPCTask runTask:]+0x1a0
C  [Foundation+0x8dd4b]  __NSThreadPerformPerform+0x117
C  [CoreFoundation+0x7e5c1]  __CFRUNLOOP_IS_CALLING_OUT_TO_A_SOURCE0_PERFORM_FUNCTION__+0x11
C  [CoreFoundation+0x7041c]  __CFRunLoopDoSources0+0x22c
C  [CoreFoundation+0x6f93f]  __CFRunLoopRun+0x39f
C  [CoreFoundation+0x6f338]  CFRunLoopRunSpecific+0x128
C  [HIToolbox+0x30935]  RunCurrentEventLoopInMode+0xeb
C  [HIToolbox+0x3076f]  ReceiveNextEventCommon+0x1b0
C  [HIToolbox+0x305af]  _BlockUntilNextEventMatchingListInModeWithFilter+0x47
C  [AppKit+0x8a0ee]  _DPSNextEvent+0x42b
C  [AppKit+0x456943]  -[NSApplication _nextEventMatchingEventMask:untilDate:inMode:dequeue:]+0x1c6
C  [libosxapp.dylib+0x23aa]  -[NSApplicationAWT nextEventMatchingMask:untilDate:inMode:dequeue:]+0x7c
C  [AppKit+0x7ffc8]  -[NSApplication run]+0x2aa
C  [libosxapp.dylib+0x214d]  +[NSApplicationAWT runAWTLoopWithApp:]+0x9c
C  [libawt_lwawt.dylib+0x4455b]  -[AWTStarter starter:]+0x389
C  [Foundation+0x8dd4b]  __NSThreadPerformPerform+0x117
C  [CoreFoundation+0x7e5c1]  __CFRUNLOOP_IS_CALLING_OUT_TO_A_SOURCE0_PERFORM_FUNCTION__+0x11
C  [CoreFoundation+0x7041c]  __CFRunLoopDoSources0+0x22c
C  [CoreFoundation+0x6f93f]  __CFRunLoopRun+0x39f
C  [CoreFoundation+0x6f338]  CFRunLoopRunSpecific+0x128
C  [java+0x6463]  CreateExecutionEnvironment+0x367
C  [java+0x21ac]  JLI_Launch+0x7a0
C  [java+0x84c0]  main+0x65
C  [java+0x1a04]  start+0x34
C  0x000000000000000c


---------------  P R O C E S S  ---------------

Java Threads: ( => current thread )
  0x00007fa50a23c000 JavaThread "Update Bounds In Screen Task Executor" daemon [_thread_blocked, id=113923, stack(0x000070000ade6000,0x000070000aee6000)]
  0x00007fa509c31000 JavaThread "Update Bounds Task Executor" daemon [_thread_blocked, id=113411, stack(0x000070000ace3000,0x000070000ade3000)]
  0x00007fa509d5b800 JavaThread "Prism Font Disposer" daemon [_thread_blocked, id=112647, stack(0x000070000abe0000,0x000070000ace0000)]
  0x00007fa50b27f000 JavaThread "Browser Events Thread" [_thread_blocked, id=110083, stack(0x000070000aadd000,0x000070000abdd000)]
  0x00007fa50a65e800 JavaThread "IPC Events Thread" [_thread_blocked, id=109571, stack(0x000070000a9da000,0x000070000aada000)]
  0x00007fa50a65e000 JavaThread "Memory Writer SocketInfo{cid=0, bid=0, channelType=Render}" [_thread_blocked, id=109059, stack(0x000070000a8d7000,0x000070000a9d7000)]
  0x00007fa50a65d000 JavaThread "Socket Connection Checker SocketInfo{cid=0, bid=0, channelType=Render}" [_thread_in_native, id=108547, stack(0x000070000a7d4000,0x000070000a8d4000)]
  0x00007fa50a65c800 JavaThread "Thread-13" [_thread_in_native, id=108047, stack(0x000070000a751000,0x000070000a7d1000)]
  0x00007fa509cb5800 JavaThread "Memory Writer SocketInfo{cid=0, bid=0, channelType=Browser}" [_thread_blocked, id=93187, stack(0x000070000a5cb000,0x000070000a6cb000)]
  0x00007fa50aac8800 JavaThread "Socket Connection Checker SocketInfo{cid=0, bid=0, channelType=Browser}" [_thread_in_native, id=92419, stack(0x000070000a4c8000,0x000070000a5c8000)]
  0x00007fa509bad000 JavaThread "Thread-12" [_thread_in_native, id=90115, stack(0x000070000a3c2000,0x000070000a442000)]
  0x00007fa50b274000 JavaThread "Memory Writer SocketInfo{cid=0, bid=-1, channelType=Main}" [_thread_blocked, id=84995, stack(0x00007000091b3000,0x00007000092b3000)]
  0x00007fa509c6d000 JavaThread "Socket Connection Checker SocketInfo{cid=0, bid=-1, channelType=Main}" [_thread_in_native, id=84483, stack(0x00007000090b0000,0x00007000091b0000)]
  0x00007fa509c6c000 JavaThread "Thread-11" [_thread_in_native, id=83715, stack(0x0000700008faa000,0x000070000902a000)]
  0x00007fa50a3a6000 JavaThread "IPC Process Thread" daemon [_thread_in_native, id=64515, stack(0x0000700001d77000,0x0000700001e77000)]
  0x00007fa50a584800 JavaThread "IPC Server Thread" daemon [_thread_in_native, id=64279, stack(0x0000700001c74000,0x0000700001d74000)]
  0x00007fa50b167000 JavaThread "Timer-0" daemon [_thread_blocked, id=63491, stack(0x0000700001b71000,0x0000700001c71000)]
  0x00007fa50a3a3800 JavaThread "Thread-6" daemon [_thread_blocked, id=62979, stack(0x0000700001a6e000,0x0000700001b6e000)]
  0x00007fa50b14f000 JavaThread "Thread-5" daemon [_thread_in_native, id=62467, stack(0x00007000019eb000,0x0000700001a6b000)]
  0x00007fa50a2a8000 JavaThread "Thread-4" daemon [_thread_blocked, id=60419, stack(0x00007000018e8000,0x00007000019e8000)]
  0x00007fa509ac7800 JavaThread "QuantumRenderer-0" daemon [_thread_blocked, id=59395, stack(0x00007000017e5000,0x00007000018e5000)]
  0x00007fa509ac4800 JavaThread "JavaFX-Launcher" daemon [_thread_blocked, id=58883, stack(0x00007000016e2000,0x00007000017e2000)]
  0x00007fa50a390000 JavaThread "Thread-1" daemon [_thread_blocked, id=58371, stack(0x00007000015df000,0x00007000016df000)]
  0x00007fa509ab5800 JavaThread "Java2D Disposer" daemon [_thread_blocked, id=58127, stack(0x00007000014dc000,0x00007000015dc000)]
  0x00007fa509a56000 JavaThread "Java2D Queue Flusher" daemon [_thread_blocked, id=56839, stack(0x00007000013d9000,0x00007000014d9000)]
  0x00007fa50a8b6000 JavaThread "AWT-Shutdown" [_thread_blocked, id=29715, stack(0x0000700001253000,0x0000700001353000)]
=>0x00007fa50a2d4000 JavaThread "JavaFX Application Thread" daemon [_thread_in_native, id=2571, stack(0x00007fff52edc000,0x00007fff536dc000)]
  0x00007fa50986f000 JavaThread "Monitor Ctrl-Break" daemon [_thread_in_native, id=19715, stack(0x000070000104a000,0x000070000114a000)]
  0x00007fa509856000 JavaThread "Service Thread" daemon [_thread_blocked, id=18691, stack(0x0000700000e44000,0x0000700000f44000)]
  0x00007fa50a053000 JavaThread "C1 CompilerThread2" daemon [_thread_blocked, id=18179, stack(0x0000700000d41000,0x0000700000e41000)]
  0x00007fa509853800 JavaThread "C2 CompilerThread1" daemon [_thread_blocked, id=17667, stack(0x0000700000c3e000,0x0000700000d3e000)]
  0x00007fa50982f000 JavaThread "C2 CompilerThread0" daemon [_thread_blocked, id=17155, stack(0x0000700000b3b000,0x0000700000c3b000)]
  0x00007fa50b017000 JavaThread "Signal Dispatcher" daemon [_thread_blocked, id=12815, stack(0x0000700000a38000,0x0000700000b38000)]
  0x00007fa50b012000 JavaThread "Finalizer" daemon [_thread_blocked, id=12291, stack(0x000070000082f000,0x000070000092f000)]
  0x00007fa50b00b800 JavaThread "Reference Handler" daemon [_thread_blocked, id=11779, stack(0x000070000072c000,0x000070000082c000)]
  0x00007fa509811000 JavaThread "main" [_thread_blocked, id=5891, stack(0x000070000011a000,0x000070000021a000)]

Other Threads:
  0x00007fa50a051800 VMThread [stack: 0x0000700000629000,0x0000700000729000] [id=11267]
  0x00007fa50a026800 WatcherThread [stack: 0x0000700000f47000,0x0000700001047000] [id=19203]

VM state:not at safepoint (normal execution)

VM Mutex/Monitor currently owned by a thread: None

Heap:
 PSYoungGen      total 27136K, used 10696K [0x00000007aab00000, 0x00000007ad280000, 0x00000007c0000000)
  eden space 25088K, 34% used [0x00000007aab00000,0x00000007ab385930,0x00000007ac380000)
  from space 2048K, 96% used [0x00000007ad080000,0x00000007ad26ca80,0x00000007ad280000)
  to   space 6144K, 0% used [0x00000007ac680000,0x00000007ac680000,0x00000007acc80000)
 ParOldGen       total 35328K, used 8255K [0x0000000780000000, 0x0000000782280000, 0x00000007aab00000)
  object space 35328K, 23% used [0x0000000780000000,0x000000078080fd50,0x0000000782280000)
 Metaspace       used 26589K, capacity 27686K, committed 27776K, reserved 1073152K
  class space    used 3905K, capacity 4141K, committed 4224K, reserved 1048576K

Card table byte_map: [0x000000011d3c0000,0x000000011d5c1000] byte_map_base: 0x00000001197c0000

Marking Bits: (ParMarkBitMap*) 0x000000010d07de20
 Begin Bits: [0x000000011d717000, 0x000000011e717000)
 End Bits:   [0x000000011e717000, 0x000000011f717000)

Polling page: 0x000000010d76d000

CodeCache: size=245760Kb used=6199Kb max_used=6221Kb free=239560Kb
 bounds [0x000000010e000000, 0x000000010e620000, 0x000000011d000000]
 total_blobs=2677 nmethods=1921 adapters=669
 compilation: enabled

Compilation events (10 events):
Event: 6.119 Thread 0x00007fa509853800 nmethod 1903 0x000000010e609290 code [0x000000010e6095a0, 0x000000010e60a8b0]
Event: 6.119 Thread 0x00007fa509853800 1906       4       com.sun.javafx.css.PseudoClassState::addAll (6 bytes)
Event: 6.119 Thread 0x00007fa509853800 nmethod 1906 0x000000010e130350 code [0x000000010e1304a0, 0x000000010e130528]
Event: 6.120 Thread 0x00007fa509853800 1908       4       com.sun.javafx.css.SimpleSelector::applies (54 bytes)
Event: 6.126 Thread 0x00007fa509853800 nmethod 1908 0x000000010e604210 code [0x000000010e6043a0, 0x000000010e604618]
Event: 6.126 Thread 0x00007fa509853800 1948       4       java.lang.ref.SoftReference::get (29 bytes)
Event: 6.127 Thread 0x00007fa509853800 nmethod 1948 0x000000010e603f50 code [0x000000010e6040a0, 0x000000010e604138]
Event: 6.127 Thread 0x00007fa509853800 1920       4       com.sun.javafx.css.PseudoClassState::<init> (5 bytes)
Event: 6.128 Thread 0x00007fa509853800 nmethod 1920 0x000000010e130110 code [0x000000010e130260, 0x000000010e1302d8]
Event: 6.130 Thread 0x00007fa50982f000 nmethod 1907 0x000000010e6071d0 code [0x000000010e607360, 0x000000010e607958]

GC Heap History (10 events):
Event: 4.086 GC heap before
{Heap before GC invocations=3 (full 0):
 PSYoungGen      total 18944K, used 18933K [0x00000007aab00000, 0x00000007ac000000, 0x00000007c0000000)
  eden space 16384K, 100% used [0x00000007aab00000,0x00000007abb00000,0x00000007abb00000)
  from space 2560K, 99% used [0x00000007abd80000,0x00000007abffd768,0x00000007ac000000)
  to   space 2560K, 0% used [0x00000007abb00000,0x00000007abb00000,0x00000007abd80000)
 ParOldGen       total 44032K, used 1423K [0x0000000780000000, 0x0000000782b00000, 0x00000007aab00000)
  object space 44032K, 3% used [0x0000000780000000,0x0000000780163c90,0x0000000782b00000)
 Metaspace       used 14270K, capacity 14578K, committed 14720K, reserved 1062912K
  class space    used 1810K, capacity 1910K, committed 1920K, reserved 1048576K
Event: 4.093 GC heap after
Heap after GC invocations=3 (full 0):
 PSYoungGen      total 18944K, used 2549K [0x00000007aab00000, 0x00000007ac000000, 0x00000007c0000000)
  eden space 16384K, 0% used [0x00000007aab00000,0x00000007aab00000,0x00000007abb00000)
  from space 2560K, 99% used [0x00000007abb00000,0x00000007abd7d748,0x00000007abd80000)
  to   space 2560K, 0% used [0x00000007abd80000,0x00000007abd80000,0x00000007ac000000)
 ParOldGen       total 44032K, used 3150K [0x0000000780000000, 0x0000000782b00000, 0x00000007aab00000)
  object space 44032K, 7% used [0x0000000780000000,0x0000000780313be0,0x0000000782b00000)
 Metaspace       used 14270K, capacity 14578K, committed 14720K, reserved 1062912K
  class space    used 1810K, capacity 1910K, committed 1920K, reserved 1048576K
}
Event: 4.718 GC heap before
{Heap before GC invocations=4 (full 0):
 PSYoungGen      total 18944K, used 18933K [0x00000007aab00000, 0x00000007ac000000, 0x00000007c0000000)
  eden space 16384K, 100% used [0x00000007aab00000,0x00000007abb00000,0x00000007abb00000)
  from space 2560K, 99% used [0x00000007abb00000,0x00000007abd7d748,0x00000007abd80000)
  to   space 2560K, 0% used [0x00000007abd80000,0x00000007abd80000,0x00000007ac000000)
 ParOldGen       total 44032K, used 3150K [0x0000000780000000, 0x0000000782b00000, 0x00000007aab00000)
  object space 44032K, 7% used [0x0000000780000000,0x0000000780313be0,0x0000000782b00000)
 Metaspace       used 19712K, capacity 20142K, committed 20480K, reserved 1067008K
  class space    used 2609K, capacity 2729K, committed 2816K, reserved 1048576K
Event: 4.727 GC heap after
Heap after GC invocations=4 (full 0):
 PSYoungGen      total 18944K, used 2544K [0x00000007aab00000, 0x00000007ad000000, 0x00000007c0000000)
  eden space 16384K, 0% used [0x00000007aab00000,0x00000007aab00000,0x00000007abb00000)
  from space 2560K, 99% used [0x00000007abd80000,0x00000007abffc030,0x00000007ac000000)
  to   space 2560K, 0% used [0x00000007abb00000,0x00000007abb00000,0x00000007abd80000)
 ParOldGen       total 44032K, used 5472K [0x0000000780000000, 0x0000000782b00000, 0x00000007aab00000)
  object space 44032K, 12% used [0x0000000780000000,0x0000000780558170,0x0000000782b00000)
 Metaspace       used 19712K, capacity 20142K, committed 20480K, reserved 1067008K
  class space    used 2609K, capacity 2729K, committed 2816K, reserved 1048576K
}
Event: 4.909 GC heap before
{Heap before GC invocations=5 (full 0):
 PSYoungGen      total 18944K, used 6403K [0x00000007aab00000, 0x00000007ad000000, 0x00000007c0000000)
  eden space 16384K, 23% used [0x00000007aab00000,0x00000007aaec4ed0,0x00000007abb00000)
  from space 2560K, 99% used [0x00000007abd80000,0x00000007abffc030,0x00000007ac000000)
  to   space 2560K, 0% used [0x00000007abb00000,0x00000007abb00000,0x00000007abd80000)
 ParOldGen       total 44032K, used 5472K [0x0000000780000000, 0x0000000782b00000, 0x00000007aab00000)
  object space 44032K, 12% used [0x0000000780000000,0x0000000780558170,0x0000000782b00000)
 Metaspace       used 20641K, capacity 21124K, committed 21296K, reserved 1067008K
  class space    used 2767K, capacity 2928K, committed 2944K, reserved 1048576K
Event: 4.915 GC heap after
Heap after GC invocations=5 (full 0):
 PSYoungGen      total 18944K, used 2544K [0x00000007aab00000, 0x00000007ad600000, 0x00000007c0000000)
  eden space 16384K, 0% used [0x00000007aab00000,0x00000007aab00000,0x00000007abb00000)
  from space 2560K, 99% used [0x00000007abb00000,0x00000007abd7c030,0x00000007abd80000)
  to   space 5632K, 0% used [0x00000007ad080000,0x00000007ad080000,0x00000007ad600000)
 ParOldGen       total 44032K, used 6511K [0x0000000780000000, 0x0000000782b00000, 0x00000007aab00000)
  object space 44032K, 14% used [0x0000000780000000,0x000000078065bf10,0x0000000782b00000)
 Metaspace       used 20641K, capacity 21124K, committed 21296K, reserved 1067008K
  class space    used 2767K, capacity 2928K, committed 2944K, reserved 1048576K
}
Event: 4.915 GC heap before
{Heap before GC invocations=6 (full 1):
 PSYoungGen      total 18944K, used 2544K [0x00000007aab00000, 0x00000007ad600000, 0x00000007c0000000)
  eden space 16384K, 0% used [0x00000007aab00000,0x00000007aab00000,0x00000007abb00000)
  from space 2560K, 99% used [0x00000007abb00000,0x00000007abd7c030,0x00000007abd80000)
  to   space 5632K, 0% used [0x00000007ad080000,0x00000007ad080000,0x00000007ad600000)
 ParOldGen       total 44032K, used 6511K [0x0000000780000000, 0x0000000782b00000, 0x00000007aab00000)
  object space 44032K, 14% used [0x0000000780000000,0x000000078065bf10,0x0000000782b00000)
 Metaspace       used 20641K, capacity 21124K, committed 21296K, reserved 1067008K
  class space    used 2767K, capacity 2928K, committed 2944K, reserved 1048576K
Event: 4.982 GC heap after
Heap after GC invocations=6 (full 1):
 PSYoungGen      total 18944K, used 0K [0x00000007aab00000, 0x00000007ad600000, 0x00000007c0000000)
  eden space 16384K, 0% used [0x00000007aab00000,0x00000007aab00000,0x00000007abb00000)
  from space 2560K, 0% used [0x00000007abb00000,0x00000007abb00000,0x00000007abd80000)
  to   space 5632K, 0% used [0x00000007ad080000,0x00000007ad080000,0x00000007ad600000)
 ParOldGen       total 35328K, used 8247K [0x0000000780000000, 0x0000000782280000, 0x00000007aab00000)
  object space 35328K, 23% used [0x0000000780000000,0x000000078080dd50,0x0000000782280000)
 Metaspace       used 20641K, capacity 21124K, committed 21296K, reserved 1067008K
  class space    used 2767K, capacity 2928K, committed 2944K, reserved 1048576K
}
Event: 5.806 GC heap before
{Heap before GC invocations=7 (full 1):
 PSYoungGen      total 18944K, used 16384K [0x00000007aab00000, 0x00000007ad600000, 0x00000007c0000000)
  eden space 16384K, 100% used [0x00000007aab00000,0x00000007abb00000,0x00000007abb00000)
  from space 2560K, 0% used [0x00000007abb00000,0x00000007abb00000,0x00000007abd80000)
  to   space 5632K, 0% used [0x00000007ad080000,0x00000007ad080000,0x00000007ad600000)
 ParOldGen       total 35328K, used 8247K [0x0000000780000000, 0x0000000782280000, 0x00000007aab00000)
  object space 35328K, 23% used [0x0000000780000000,0x000000078080dd50,0x0000000782280000)
 Metaspace       used 25480K, capacity 26386K, committed 26496K, reserved 1071104K
  class space    used 3738K, capacity 3933K, committed 3968K, reserved 1048576K
Event: 5.812 GC heap after
Heap after GC invocations=7 (full 1):
 PSYoungGen      total 27136K, used 1970K [0x00000007aab00000, 0x00000007ad280000, 0x00000007c0000000)
  eden space 25088K, 0% used [0x00000007aab00000,0x00000007aab00000,0x00000007ac380000)
  from space 2048K, 96% used [0x00000007ad080000,0x00000007ad26ca80,0x00000007ad280000)
  to   space 6144K, 0% used [0x00000007ac680000,0x00000007ac680000,0x00000007acc80000)
 ParOldGen       total 35328K, used 8255K [0x0000000780000000, 0x0000000782280000, 0x00000007aab00000)
  object space 35328K, 23% used [0x0000000780000000,0x000000078080fd50,0x0000000782280000)
 Metaspace       used 25480K, capacity 26386K, committed 26496K, reserved 1071104K
  class space    used 3738K, capacity 3933K, committed 3968K, reserved 1048576K
}

Deoptimization events (10 events):
Event: 5.454 Thread 0x00007fa50a2d4000 Uncommon trap: reason=unstable_if action=reinterpret pc=0x000000010e1a3cfc method=java.io.UnixFileSystem.normalize(Ljava/lang/String;)Ljava/lang/String; @ 34
Event: 5.456 Thread 0x00007fa50a2d4000 Uncommon trap: reason=unstable_if action=reinterpret pc=0x000000010e3a0154 method=java.lang.StringCoding$StringDecoder.decode([BII)[C @ 33
Event: 5.457 Thread 0x00007fa50a2d4000 Uncommon trap: reason=unstable_if action=reinterpret pc=0x000000010e179db0 method=java.io.UnixFileSystem.normalize(Ljava/lang/String;)Ljava/lang/String; @ 34
Event: 5.712 Thread 0x00007fa50a2d4000 Uncommon trap: reason=unstable_if action=reinterpret pc=0x000000010e3c071c method=java.net.URL.<init>(Ljava/net/URL;Ljava/lang/String;Ljava/net/URLStreamHandler;)V @ 347
Event: 5.740 Thread 0x00007fa50a2d4000 Uncommon trap: reason=unstable_if action=reinterpret pc=0x000000010e3bd9fc method=java.lang.ClassLoader.checkName(Ljava/lang/String;)Z @ 20
Event: 5.813 Thread 0x00007fa50a2d4000 Uncommon trap: reason=class_check action=maybe_recompile pc=0x000000010e44404c method=java.util.concurrent.ConcurrentHashMap.putVal(Ljava/lang/Object;Ljava/lang/Object;Z)Ljava/lang/Object; @ 192
Event: 6.067 Thread 0x00007fa50a2d4000 Uncommon trap: reason=array_check action=maybe_recompile pc=0x000000010e1ba600 method=com.sun.javafx.css.SimpleSelector.applies(Ljavafx/css/Styleable;[Ljava/util/Set;I)Z @ 37
Event: 6.068 Thread 0x00007fa50a2d4000 Uncommon trap: reason=array_check action=maybe_recompile pc=0x000000010e1ba600 method=com.sun.javafx.css.SimpleSelector.applies(Ljavafx/css/Styleable;[Ljava/util/Set;I)Z @ 37
Event: 6.068 Thread 0x00007fa50a2d4000 Uncommon trap: reason=array_check action=maybe_recompile pc=0x000000010e1ba600 method=com.sun.javafx.css.SimpleSelector.applies(Ljavafx/css/Styleable;[Ljava/util/Set;I)Z @ 37
Event: 6.068 Thread 0x00007fa50a2d4000 Uncommon trap: reason=array_check action=maybe_recompile pc=0x000000010e1ba600 method=com.sun.javafx.css.SimpleSelector.applies(Ljavafx/css/Styleable;[Ljava/util/Set;I)Z @ 37

Internal exceptions (10 events):
Event: 4.559 Thread 0x00007fa50a2d4000 Exception <a 'java/lang/ArrayIndexOutOfBoundsException': 48> (0x00000007ab60c3b0) thrown at [/HUDSON3/workspace/8-2-build-macosx-x86_64/jdk8u66/4988/hotspot/src/share/vm/interpreter/interpreterRuntime.cpp, line 366]
Event: 4.630 Thread 0x00007fa50a2d4000 Exception <a 'java/lang/NullPointerException'> (0x00000007ab79ee60) thrown at [/HUDSON3/workspace/8-2-build-macosx-x86_64/jdk8u66/4988/hotspot/src/share/vm/interpreter/linkResolver.cpp, line 1178]
Event: 4.630 Thread 0x00007fa50a2d4000 Exception <a 'java/lang/reflect/InvocationTargetException'> (0x00000007ab79f068) thrown at [/HUDSON3/workspace/8-2-build-macosx-x86_64/jdk8u66/4988/hotspot/src/share/vm/runtime/reflection.cpp, line 1092]
Event: 4.688 Thread 0x00007fa50a2d4000 Exception <a 'java/lang/NullPointerException'> (0x00000007ab995900) thrown at [/HUDSON3/workspace/8-2-build-macosx-x86_64/jdk8u66/4988/hotspot/src/share/vm/interpreter/linkResolver.cpp, line 1178]
Event: 4.688 Thread 0x00007fa50a2d4000 Exception <a 'java/lang/NullPointerException'> (0x00000007ab995900) thrown at [/HUDSON3/workspace/8-2-build-macosx-x86_64/jdk8u66/4988/hotspot/src/share/vm/prims/jvm.cpp, line 1390]
Event: 5.000 Thread 0x00007fa50a2d4000 Implicit null exception at 0x000000010e3a384c to 0x000000010e3a4001
Event: 5.001 Thread 0x00007fa50a2d4000 Exception <a 'java/io/FileNotFoundException'> (0x00000007aab579d8) thrown at [/HUDSON3/workspace/8-2-build-macosx-x86_64/jdk8u66/4988/hotspot/src/share/vm/prims/jni.cpp, line 709]
Event: 5.062 Thread 0x00007fa50a2d4000 Exception <a 'java/io/FileNotFoundException'> (0x00000007aac74680) thrown at [/HUDSON3/workspace/8-2-build-macosx-x86_64/jdk8u66/4988/hotspot/src/share/vm/prims/jni.cpp, line 709]
Event: 5.906 Thread 0x00007fa50a2d4000 Exception <a 'java/io/FileNotFoundException'> (0x00000007aaccb798) thrown at [/HUDSON3/workspace/8-2-build-macosx-x86_64/jdk8u66/4988/hotspot/src/share/vm/prims/jni.cpp, line 709]
Event: 5.912 Thread 0x00007fa50a2d4000 Exception <a 'java/io/FileNotFoundException'> (0x00000007aad21190) thrown at [/HUDSON3/workspace/8-2-build-macosx-x86_64/jdk8u66/4988/hotspot/src/share/vm/prims/jni.cpp, line 709]

Events (10 events):
Event: 6.068 Thread 0x00007fa50a2d4000 Uncommon trap: trap_request=0xffffffd6 fr.pc=0x000000010e1ba600
Event: 6.068 Thread 0x00007fa50a2d4000 DEOPT PACKING pc=0x000000010e1ba600 sp=0x00007fff536d1a60
Event: 6.068 Thread 0x00007fa50a2d4000 DEOPT UNPACKING pc=0x000000010e005229 sp=0x00007fff536d19e0 mode 2
Event: 6.068 Thread 0x00007fa50a2d4000 Uncommon trap: trap_request=0xffffffd6 fr.pc=0x000000010e1ba600
Event: 6.068 Thread 0x00007fa50a2d4000 DEOPT PACKING pc=0x000000010e1ba600 sp=0x00007fff536d19d0
Event: 6.068 Thread 0x00007fa50a2d4000 DEOPT UNPACKING pc=0x000000010e005229 sp=0x00007fff536d1950 mode 2
Event: 6.100 loading class java/util/Collections$UnmodifiableList$1
Event: 6.100 loading class java/util/Collections$UnmodifiableList$1 done
Event: 6.104 Executing VM operation: RevokeBias
Event: 6.104 Executing VM operation: RevokeBias done


Dynamic libraries:
0x0000000009239000 	/System/Library/Frameworks/Cocoa.framework/Versions/A/Cocoa
0x0000000009239000 	/System/Library/Frameworks/Security.framework/Versions/A/Security
0x0000000009239000 	/System/Library/Frameworks/ApplicationServices.framework/Versions/A/ApplicationServices
0x0000000009239000 	/usr/lib/libz.1.dylib
0x0000000009239000 	/usr/lib/libSystem.B.dylib
0x0000000009239000 	/usr/lib/libobjc.A.dylib
0x0000000009239000 	/System/Library/Frameworks/CoreFoundation.framework/Versions/A/CoreFoundation
0x0000000009239000 	/System/Library/Frameworks/Foundation.framework/Versions/C/Foundation
0x0000000009239000 	/System/Library/Frameworks/AppKit.framework/Versions/C/AppKit
0x0000000009239000 	/System/Library/Frameworks/CoreData.framework/Versions/A/CoreData
0x0000000009239000 	/System/Library/PrivateFrameworks/RemoteViewServices.framework/Versions/A/RemoteViewServices
0x0000000009239000 	/System/Library/PrivateFrameworks/UIFoundation.framework/Versions/A/UIFoundation
0x0000000009239000 	/usr/lib/libScreenReader.dylib
0x0000000009239000 	/System/Library/Frameworks/Accelerate.framework/Versions/A/Accelerate
0x0000000009239000 	/System/Library/Frameworks/IOSurface.framework/Versions/A/IOSurface
0x0000000009239000 	/System/Library/Frameworks/AudioToolbox.framework/Versions/A/AudioToolbox
0x0000000009239000 	/System/Library/Frameworks/AudioUnit.framework/Versions/A/AudioUnit
0x0000000009239000 	/System/Library/PrivateFrameworks/DataDetectorsCore.framework/Versions/A/DataDetectorsCore
0x0000000009239000 	/System/Library/PrivateFrameworks/DesktopServicesPriv.framework/Versions/A/DesktopServicesPriv
0x0000000009239000 	/System/Library/Frameworks/Carbon.framework/Versions/A/Frameworks/HIToolbox.framework/Versions/A/HIToolbox
0x0000000009239000 	/System/Library/Frameworks/QuartzCore.framework/Versions/A/QuartzCore
0x0000000009239000 	/System/Library/Frameworks/Carbon.framework/Versions/A/Frameworks/SpeechRecognition.framework/Versions/A/SpeechRecognition
0x0000000009239000 	/usr/lib/libauto.dylib
0x0000000009239000 	/usr/lib/libicucore.A.dylib
0x0000000009239000 	/usr/lib/libxml2.2.dylib
0x0000000009239000 	/System/Library/PrivateFrameworks/CoreUI.framework/Versions/A/CoreUI
0x0000000009239000 	/System/Library/Frameworks/CoreAudio.framework/Versions/A/CoreAudio
0x0000000009239000 	/System/Library/Frameworks/DiskArbitration.framework/Versions/A/DiskArbitration
0x0000000009239000 	/usr/lib/liblangid.dylib
0x0000000009239000 	/System/Library/PrivateFrameworks/MultitouchSupport.framework/Versions/A/MultitouchSupport
0x0000000009239000 	/System/Library/Frameworks/IOKit.framework/Versions/A/IOKit
0x0000000009239000 	/usr/lib/libDiagnosticMessagesClient.dylib
0x0000000009239000 	/System/Library/Frameworks/CoreServices.framework/Versions/A/CoreServices
0x0000000009239000 	/System/Library/PrivateFrameworks/PerformanceAnalysis.framework/Versions/A/PerformanceAnalysis
0x0000000009239000 	/System/Library/PrivateFrameworks/GenerationalStorage.framework/Versions/A/GenerationalStorage
0x0000000009239000 	/System/Library/Frameworks/OpenGL.framework/Versions/A/OpenGL
0x0000000009239000 	/System/Library/PrivateFrameworks/Sharing.framework/Versions/A/Sharing
0x0000000009239000 	/System/Library/Frameworks/CoreGraphics.framework/Versions/A/CoreGraphics
0x0000000009239000 	/System/Library/Frameworks/CoreImage.framework/Versions/A/CoreImage
0x0000000009239000 	/System/Library/Frameworks/CoreText.framework/Versions/A/CoreText
0x0000000009239000 	/System/Library/Frameworks/ImageIO.framework/Versions/A/ImageIO
0x0000000009239000 	/System/Library/PrivateFrameworks/Backup.framework/Versions/A/Backup
0x0000000009239000 	/usr/lib/libextension.dylib
0x0000000009239000 	/usr/lib/libarchive.2.dylib
0x0000000009239000 	/System/Library/Frameworks/CFNetwork.framework/Versions/A/CFNetwork
0x0000000009239000 	/System/Library/Frameworks/SystemConfiguration.framework/Versions/A/SystemConfiguration
0x0000000009239000 	/usr/lib/libCRFSuite.dylib
0x0000000009239000 	/usr/lib/libc++.1.dylib
0x0000000009239000 	/usr/lib/libc++abi.dylib
0x0000000009239000 	/usr/lib/system/libcache.dylib
0x0000000009239000 	/usr/lib/system/libcommonCrypto.dylib
0x0000000009239000 	/usr/lib/system/libcompiler_rt.dylib
0x0000000009239000 	/usr/lib/system/libcopyfile.dylib
0x0000000009239000 	/usr/lib/system/libcorecrypto.dylib
0x0000000009239000 	/usr/lib/system/libdispatch.dylib
0x0000000009239000 	/usr/lib/system/libdyld.dylib
0x0000000009239000 	/usr/lib/system/libkeymgr.dylib
0x0000000009239000 	/usr/lib/system/liblaunch.dylib
0x0000000009239000 	/usr/lib/system/libmacho.dylib
0x0000000009239000 	/usr/lib/system/libquarantine.dylib
0x0000000009239000 	/usr/lib/system/libremovefile.dylib
0x0000000009239000 	/usr/lib/system/libsystem_asl.dylib
0x0000000009239000 	/usr/lib/system/libsystem_blocks.dylib
0x0000000009239000 	/usr/lib/system/libsystem_c.dylib
0x0000000009239000 	/usr/lib/system/libsystem_configuration.dylib
0x0000000009239000 	/usr/lib/system/libsystem_coreservices.dylib
0x0000000009239000 	/usr/lib/system/libsystem_coretls.dylib
0x0000000009239000 	/usr/lib/system/libsystem_dnssd.dylib
0x0000000009239000 	/usr/lib/system/libsystem_info.dylib
0x0000000009239000 	/usr/lib/system/libsystem_kernel.dylib
0x0000000009239000 	/usr/lib/system/libsystem_m.dylib
0x0000000009239000 	/usr/lib/system/libsystem_malloc.dylib
0x0000000009239000 	/usr/lib/system/libsystem_network.dylib
0x0000000009239000 	/usr/lib/system/libsystem_networkextension.dylib
0x0000000009239000 	/usr/lib/system/libsystem_notify.dylib
0x0000000009239000 	/usr/lib/system/libsystem_platform.dylib
0x0000000009239000 	/usr/lib/system/libsystem_pthread.dylib
0x0000000009239000 	/usr/lib/system/libsystem_sandbox.dylib
0x0000000009239000 	/usr/lib/system/libsystem_secinit.dylib
0x0000000009239000 	/usr/lib/system/libsystem_trace.dylib
0x0000000009239000 	/usr/lib/system/libunc.dylib
0x0000000009239000 	/usr/lib/system/libunwind.dylib
0x0000000009239000 	/usr/lib/system/libxpc.dylib
0x0000000009239000 	/usr/lib/libenergytrace.dylib
0x0000000009239000 	/usr/lib/libbsm.0.dylib
0x0000000009239000 	/usr/lib/system/libkxld.dylib
0x0000000009239000 	/usr/lib/libxar.1.dylib
0x0000000009239000 	/usr/lib/libsqlite3.dylib
0x0000000009239000 	/usr/lib/libpam.2.dylib
0x0000000009239000 	/usr/lib/libOpenScriptingUtil.dylib
0x0000000009239000 	/usr/lib/libbz2.1.0.dylib
0x0000000009239000 	/usr/lib/liblzma.5.dylib
0x0000000009239000 	/System/Library/Frameworks/CoreServices.framework/Versions/A/Frameworks/FSEvents.framework/Versions/A/FSEvents
0x0000000009239000 	/System/Library/Frameworks/CoreServices.framework/Versions/A/Frameworks/CarbonCore.framework/Versions/A/CarbonCore
0x0000000009239000 	/System/Library/Frameworks/CoreServices.framework/Versions/A/Frameworks/Metadata.framework/Versions/A/Metadata
0x0000000009239000 	/System/Library/Frameworks/CoreServices.framework/Versions/A/Frameworks/OSServices.framework/Versions/A/OSServices
0x0000000009239000 	/System/Library/Frameworks/CoreServices.framework/Versions/A/Frameworks/SearchKit.framework/Versions/A/SearchKit
0x0000000009239000 	/System/Library/Frameworks/CoreServices.framework/Versions/A/Frameworks/AE.framework/Versions/A/AE
0x0000000009239000 	/System/Library/Frameworks/CoreServices.framework/Versions/A/Frameworks/LaunchServices.framework/Versions/A/LaunchServices
0x0000000009239000 	/System/Library/Frameworks/CoreServices.framework/Versions/A/Frameworks/DictionaryServices.framework/Versions/A/DictionaryServices
0x0000000009239000 	/System/Library/Frameworks/CoreServices.framework/Versions/A/Frameworks/SharedFileList.framework/Versions/A/SharedFileList
0x0000000009239000 	/System/Library/Frameworks/NetFS.framework/Versions/A/NetFS
0x0000000009239000 	/System/Library/PrivateFrameworks/NetAuth.framework/Versions/A/NetAuth
0x0000000009239000 	/System/Library/PrivateFrameworks/login.framework/Versions/A/Frameworks/loginsupport.framework/Versions/A/loginsupport
0x0000000009239000 	/System/Library/PrivateFrameworks/TCC.framework/Versions/A/TCC
0x0000000009239000 	/usr/lib/libmecabra.dylib
0x0000000009239000 	/System/Library/Frameworks/ApplicationServices.framework/Versions/A/Frameworks/ATS.framework/Versions/A/ATS
0x0000000009239000 	/System/Library/Frameworks/ApplicationServices.framework/Versions/A/Frameworks/ColorSync.framework/Versions/A/ColorSync
0x0000000009239000 	/System/Library/Frameworks/ApplicationServices.framework/Versions/A/Frameworks/HIServices.framework/Versions/A/HIServices
0x0000000009239000 	/System/Library/Frameworks/ApplicationServices.framework/Versions/A/Frameworks/LangAnalysis.framework/Versions/A/LangAnalysis
0x0000000009239000 	/System/Library/Frameworks/ApplicationServices.framework/Versions/A/Frameworks/PrintCore.framework/Versions/A/PrintCore
0x0000000009239000 	/System/Library/Frameworks/ApplicationServices.framework/Versions/A/Frameworks/QD.framework/Versions/A/QD
0x0000000009239000 	/System/Library/Frameworks/ApplicationServices.framework/Versions/A/Frameworks/SpeechSynthesis.framework/Versions/A/SpeechSynthesis
0x0000000009239000 	/System/Library/Frameworks/Metal.framework/Versions/A/Metal
0x0000000009239000 	/System/Library/Frameworks/Accelerate.framework/Versions/A/Frameworks/vImage.framework/Versions/A/vImage
0x0000000009239000 	/System/Library/Frameworks/Accelerate.framework/Versions/A/Frameworks/vecLib.framework/Versions/A/vecLib
0x0000000009239000 	/System/Library/Frameworks/Accelerate.framework/Versions/A/Frameworks/vecLib.framework/Versions/A/libvDSP.dylib
0x0000000009239000 	/System/Library/Frameworks/Accelerate.framework/Versions/A/Frameworks/vecLib.framework/Versions/A/libvMisc.dylib
0x0000000009239000 	/System/Library/Frameworks/Accelerate.framework/Versions/A/Frameworks/vecLib.framework/Versions/A/libLAPACK.dylib
0x0000000009239000 	/System/Library/Frameworks/Accelerate.framework/Versions/A/Frameworks/vecLib.framework/Versions/A/libBLAS.dylib
0x0000000009239000 	/System/Library/Frameworks/Accelerate.framework/Versions/A/Frameworks/vecLib.framework/Versions/A/libLinearAlgebra.dylib
0x0000000009239000 	/System/Library/Frameworks/Accelerate.framework/Versions/A/Frameworks/vecLib.framework/Versions/A/libSparseBLAS.dylib
0x0000000009239000 	/System/Library/PrivateFrameworks/GPUCompiler.framework/libmetal_timestamp.dylib
0x0000000009239000 	/System/Library/Frameworks/OpenGL.framework/Versions/A/Libraries/libCoreFSCache.dylib
0x0000000009239000 	/System/Library/PrivateFrameworks/IOAccelerator.framework/Versions/A/IOAccelerator
0x0000000009239000 	/System/Library/Frameworks/ApplicationServices.framework/Versions/A/Frameworks/ATS.framework/Versions/A/Resources/libFontParser.dylib
0x0000000009239000 	/System/Library/Frameworks/ApplicationServices.framework/Versions/A/Frameworks/ATS.framework/Versions/A/Resources/libFontRegistry.dylib
0x0000000009239000 	/System/Library/PrivateFrameworks/AppleVPA.framework/Versions/A/AppleVPA
0x0000000009239000 	/System/Library/PrivateFrameworks/AppleJPEG.framework/Versions/A/AppleJPEG
0x0000000009239000 	/System/Library/Frameworks/ImageIO.framework/Versions/A/Resources/libJPEG.dylib
0x0000000009239000 	/System/Library/Frameworks/ImageIO.framework/Versions/A/Resources/libTIFF.dylib
0x0000000009239000 	/System/Library/Frameworks/ImageIO.framework/Versions/A/Resources/libPng.dylib
0x0000000009239000 	/System/Library/Frameworks/ImageIO.framework/Versions/A/Resources/libGIF.dylib
0x0000000009239000 	/System/Library/Frameworks/ImageIO.framework/Versions/A/Resources/libJP2.dylib
0x0000000009239000 	/System/Library/Frameworks/ImageIO.framework/Versions/A/Resources/libRadiance.dylib
0x0000000009239000 	/System/Library/Frameworks/CoreVideo.framework/Versions/A/CoreVideo
0x0000000009239000 	/System/Library/Frameworks/OpenGL.framework/Versions/A/Libraries/libGLU.dylib
0x0000000009239000 	/System/Library/Frameworks/OpenGL.framework/Versions/A/Libraries/libGFXShared.dylib
0x0000000009239000 	/System/Library/Frameworks/OpenGL.framework/Versions/A/Libraries/libGL.dylib
0x0000000009239000 	/System/Library/Frameworks/OpenGL.framework/Versions/A/Libraries/libGLImage.dylib
0x0000000009239000 	/System/Library/Frameworks/OpenGL.framework/Versions/A/Libraries/libCVMSPluginSupport.dylib
0x0000000009239000 	/System/Library/Frameworks/OpenGL.framework/Versions/A/Libraries/libCoreVMClient.dylib
0x0000000009239000 	/usr/lib/libcups.2.dylib
0x0000000009239000 	/System/Library/Frameworks/Kerberos.framework/Versions/A/Kerberos
0x0000000009239000 	/System/Library/Frameworks/GSS.framework/Versions/A/GSS
0x0000000009239000 	/usr/lib/libresolv.9.dylib
0x0000000009239000 	/usr/lib/libiconv.2.dylib
0x0000000009239000 	/System/Library/PrivateFrameworks/Heimdal.framework/Versions/A/Heimdal
0x0000000009239000 	/usr/lib/libheimdal-asn1.dylib
0x0000000009239000 	/System/Library/Frameworks/OpenDirectory.framework/Versions/A/OpenDirectory
0x0000000009239000 	/System/Library/PrivateFrameworks/CommonAuth.framework/Versions/A/CommonAuth
0x0000000009239000 	/System/Library/Frameworks/OpenDirectory.framework/Versions/A/Frameworks/CFOpenDirectory.framework/Versions/A/CFOpenDirectory
0x0000000009239000 	/System/Library/Frameworks/SecurityFoundation.framework/Versions/A/SecurityFoundation
0x0000000009239000 	/System/Library/PrivateFrameworks/LanguageModeling.framework/Versions/A/LanguageModeling
0x0000000009239000 	/usr/lib/libmarisa.dylib
0x0000000009239000 	/usr/lib/libChineseTokenizer.dylib
0x0000000009239000 	/usr/lib/libcmph.dylib
0x0000000009239000 	/usr/lib/libcompression.dylib
0x0000000009239000 	/System/Library/Frameworks/ServiceManagement.framework/Versions/A/ServiceManagement
0x0000000009239000 	/usr/lib/libxslt.1.dylib
0x0000000009239000 	/System/Library/Frameworks/Carbon.framework/Versions/A/Frameworks/Ink.framework/Versions/A/Ink
0x0000000009239000 	/usr/lib/libFosl_dynamic.dylib
0x0000000009239000 	/System/Library/PrivateFrameworks/FaceCore.framework/Versions/A/FaceCore
0x0000000009239000 	/System/Library/Frameworks/OpenCL.framework/Versions/A/OpenCL
0x0000000009239000 	/System/Library/PrivateFrameworks/CrashReporterSupport.framework/Versions/A/CrashReporterSupport
0x0000000009239000 	/System/Library/PrivateFrameworks/IconServices.framework/Versions/A/IconServices
0x0000000009239000 	/System/Library/PrivateFrameworks/Apple80211.framework/Versions/A/Apple80211
0x0000000009239000 	/System/Library/Frameworks/CoreWLAN.framework/Versions/A/CoreWLAN
0x0000000009239000 	/System/Library/Frameworks/IOBluetooth.framework/Versions/A/IOBluetooth
0x0000000009239000 	/System/Library/PrivateFrameworks/CoreWiFi.framework/Versions/A/CoreWiFi
0x0000000009239000 	/System/Library/Frameworks/CoreBluetooth.framework/Versions/A/CoreBluetooth
0x0000000009239000 	/System/Library/PrivateFrameworks/ChunkingLibrary.framework/Versions/A/ChunkingLibrary
0x0000000009239000 	/System/Library/PrivateFrameworks/DebugSymbols.framework/Versions/A/DebugSymbols
0x0000000009239000 	/System/Library/PrivateFrameworks/CoreSymbolication.framework/Versions/A/CoreSymbolication
0x0000000009239000 	/System/Library/PrivateFrameworks/Symbolication.framework/Versions/A/Symbolication
0x0000000009239000 	/System/Library/PrivateFrameworks/SpeechRecognitionCore.framework/Versions/A/SpeechRecognitionCore
0x000000010c7a0000 	/Library/Java/JavaVirtualMachines/jdk1.8.0_66.jdk/Contents/Home/jre/lib/server/libjvm.dylib
0x0000000009239000 	/usr/lib/libstdc++.6.dylib
0x000000010d72a000 	/Library/Java/JavaVirtualMachines/jdk1.8.0_66.jdk/Contents/Home/jre/lib/libverify.dylib
0x000000010d738000 	/Library/Java/JavaVirtualMachines/jdk1.8.0_66.jdk/Contents/Home/jre/lib/libjava.dylib
0x000000010d777000 	/Library/Java/JavaVirtualMachines/jdk1.8.0_66.jdk/Contents/Home/jre/lib/libzip.dylib
0x000000012137d000 	/System/Library/Frameworks/JavaVM.framework/Frameworks/JavaRuntimeSupport.framework/JavaRuntimeSupport
0x0000000121398000 	/System/Library/Frameworks/JavaVM.framework/Versions/A/Frameworks/JavaNativeFoundation.framework/Versions/A/JavaNativeFoundation
0x00000001213ad000 	/System/Library/Frameworks/JavaVM.framework/Versions/A/JavaVM
0x0000000009239000 	/System/Library/Frameworks/Carbon.framework/Versions/A/Carbon
0x00000001213ba000 	/System/Library/PrivateFrameworks/JavaLaunching.framework/Versions/A/JavaLaunching
0x0000000009239000 	/System/Library/Frameworks/Carbon.framework/Versions/A/Frameworks/CommonPanels.framework/Versions/A/CommonPanels
0x0000000009239000 	/System/Library/Frameworks/Carbon.framework/Versions/A/Frameworks/Help.framework/Versions/A/Help
0x0000000009239000 	/System/Library/Frameworks/Carbon.framework/Versions/A/Frameworks/ImageCapture.framework/Versions/A/ImageCapture
0x0000000009239000 	/System/Library/Frameworks/Carbon.framework/Versions/A/Frameworks/OpenScripting.framework/Versions/A/OpenScripting
0x0000000009239000 	/System/Library/Frameworks/Carbon.framework/Versions/A/Frameworks/Print.framework/Versions/A/Print
0x0000000009239000 	/System/Library/Frameworks/Carbon.framework/Versions/A/Frameworks/SecurityHI.framework/Versions/A/SecurityHI
0x0000000122cdd000 	/Applications/IntelliJ IDEA 15 CE.app/Contents/bin/libbreakgen64.jnilib
0x0000000122ce0000 	/Library/Java/JavaVirtualMachines/jdk1.8.0_66.jdk/Contents/Home/jre/lib/libnet.dylib
0x000000012324e000 	/Library/Java/JavaVirtualMachines/jdk1.8.0_66.jdk/Contents/Home/jre/lib/libawt.dylib
0x00000001232f6000 	/Library/Java/JavaVirtualMachines/jdk1.8.0_66.jdk/Contents/Home/jre/lib/./libmlib_image.dylib
0x00000001233c2000 	/Library/Java/JavaVirtualMachines/jdk1.8.0_66.jdk/Contents/Home/jre/lib/libawt_lwawt.dylib
0x0000000123477000 	/Library/Java/JavaVirtualMachines/jdk1.8.0_66.jdk/Contents/Home/jre/lib/./libosxapp.dylib
0x0000000009239000 	/System/Library/Frameworks/ExceptionHandling.framework/Versions/A/ExceptionHandling
0x0000000009239000 	/System/Library/PrivateFrameworks/CoreServicesInternal.framework/Versions/A/CoreServicesInternal
0x0000000009239000 	/System/Library/Frameworks/CoreGraphics.framework/Versions/A/Resources/libRIP.A.dylib
0x0000000009239000 	/System/Library/Frameworks/Accelerate.framework/Versions/A/Frameworks/vImage.framework/Versions/A/Libraries/libCGInterfaces.dylib
0x0000000009239000 	/System/Library/Frameworks/CoreGraphics.framework/Versions/A/Resources/libCGXType.A.dylib
0x0000000009239000 	/System/Library/Frameworks/OpenCL.framework/Versions/A/Libraries/libcldcpuengine.dylib
0x0000000009239000 	/System/Library/PrivateFrameworks/DiskImages.framework/Versions/A/DiskImages
0x0000000009239000 	/System/Library/Frameworks/DiscRecording.framework/Versions/A/DiscRecording
0x0000000009239000 	/usr/lib/libcsfde.dylib
0x0000000009239000 	/usr/lib/libcurl.4.dylib
0x0000000009239000 	/System/Library/PrivateFrameworks/MediaKit.framework/Versions/A/MediaKit
0x0000000009239000 	/System/Library/PrivateFrameworks/ProtectedCloudStorage.framework/Versions/A/ProtectedCloudStorage
0x0000000009239000 	/usr/lib/libCoreStorage.dylib
0x0000000009239000 	/System/Library/PrivateFrameworks/EFILogin.framework/Versions/A/EFILogin
0x0000000009239000 	/usr/lib/libutil.dylib
0x0000000009239000 	/System/Library/PrivateFrameworks/FindMyDevice.framework/Versions/A/FindMyDevice
0x0000000009239000 	/System/Library/Frameworks/LDAP.framework/Versions/A/LDAP
0x0000000009239000 	/usr/lib/libsasl2.2.dylib
0x0000000009239000 	/System/Library/PrivateFrameworks/CoreDaemon.framework/Versions/B/CoreDaemon
0x0000000009239000 	/usr/lib/libcrypto.0.9.8.dylib
0x0000000009239000 	/System/Library/PrivateFrameworks/AppleSRP.framework/Versions/A/AppleSRP
0x0000000009239000 	/System/Library/PrivateFrameworks/TrustEvaluationAgent.framework/Versions/A/TrustEvaluationAgent
0x0000000124cd8000 	cl_kernels
0x0000000009239000 	/System/Library/Frameworks/OpenCL.framework/Versions/A/Libraries/ImageFormats/unorm8_bgra.dylib
0x0000000009239000 	/System/Library/Frameworks/OpenCL.framework/Versions/A/Libraries/ImageFormats/unorm8_rgba.dylib
0x0000000009239000 	/System/Library/PrivateFrameworks/FamilyControls.framework/Versions/A/FamilyControls
0x0000000009239000 	/System/Library/PrivateFrameworks/CommerceKit.framework/Versions/A/Frameworks/CommerceCore.framework/Versions/A/CommerceCore
0x0000000009239000 	/System/Library/PrivateFrameworks/SystemAdministration.framework/Versions/A/SystemAdministration
0x0000000009239000 	/System/Library/PrivateFrameworks/AppContainer.framework/Versions/A/AppContainer
0x0000000009239000 	/System/Library/PrivateFrameworks/SecCodeWrapper.framework/Versions/A/SecCodeWrapper
0x0000000009239000 	/System/Library/Frameworks/DirectoryService.framework/Versions/A/DirectoryService
0x0000000009239000 	/System/Library/PrivateFrameworks/LoginUIKit.framework/Versions/A/Frameworks/LoginUICore.framework/Versions/A/LoginUICore
0x0000000009239000 	/usr/lib/libodfde.dylib
0x0000000009239000 	/System/Library/Frameworks/OpenGL.framework/Versions/A/Resources/GLEngine.bundle/GLEngine
0x0000000009239000 	/System/Library/Frameworks/OpenGL.framework/Versions/A/Libraries/libGLProgrammability.dylib
0x00000001261ca000 	/System/Library/Extensions/AppleIntelHD5000GraphicsGLDriver.bundle/Contents/MacOS/AppleIntelHD5000GraphicsGLDriver
0x0000000009239000 	/System/Library/PrivateFrameworks/GPUSupport.framework/Versions/A/Libraries/libGPUSupportMercury.dylib
0x0000000009239000 	/System/Library/Frameworks/OpenGL.framework/Versions/A/Resources/GLRendererFloat.bundle/GLRendererFloat
0x0000000127376000 	/Library/Java/JavaVirtualMachines/jdk1.8.0_66.jdk/Contents/Home/jre/lib/libprism_es2.dylib
0x00000001277b2000 	/Library/Java/JavaVirtualMachines/jdk1.8.0_66.jdk/Contents/Home/jre/lib/libglass.dylib
0x0000000123184000 	/Library/Java/JavaVirtualMachines/jdk1.8.0_66.jdk/Contents/Home/jre/lib/libosx.dylib
0x0000000123234000 	/Library/Java/JavaVirtualMachines/jdk1.8.0_66.jdk/Contents/Home/jre/lib/libnio.dylib
0x00000001240e4000 	/private/var/folders/_c/sshmvp7j771czrx3qc5rqdkm0000gn/T/jxbrowser-chromium-49.0.2623.110.6.4/data/Temp/libjxbrowser-common64-4e8c2661-2986-4cd9-8c4c-a080f610f73c.dylib
0x0000000128f33000 	/var/folders/_c/sshmvp7j771czrx3qc5rqdkm0000gn/T/jxbrowser-chromium-49.0.2623.110.6.4/jxbrowser.app/Contents/Frameworks/JxBrowser.framework/Libraries/libjxbrowser.dylib
0x0000000009239000 	/usr/lib/libsandbox.1.dylib
0x0000000009239000 	/System/Library/Frameworks/QTKit.framework/Versions/A/QTKit
0x0000000009239000 	/System/Library/Frameworks/ImageCaptureCore.framework/Versions/A/ImageCaptureCore
0x0000000009239000 	/System/Library/Frameworks/AddressBook.framework/Versions/A/AddressBook
0x0000000009239000 	/System/Library/Frameworks/SecurityInterface.framework/Versions/A/SecurityInterface
0x0000000124c50000 	/System/Library/Frameworks/CoreMIDI.framework/Versions/A/CoreMIDI
0x0000000009239000 	/System/Library/Frameworks/Quartz.framework/Versions/A/Quartz
0x0000000009239000 	/usr/lib/libMatch.1.dylib
0x0000000009239000 	/System/Library/Frameworks/AVFoundation.framework/Versions/A/AVFoundation
0x0000000009239000 	/System/Library/Frameworks/CoreMedia.framework/Versions/A/CoreMedia
0x0000000009239000 	/System/Library/Frameworks/MediaToolbox.framework/Versions/A/MediaToolbox
0x0000000009239000 	/System/Library/Frameworks/VideoToolbox.framework/Versions/A/VideoToolbox
0x0000000009239000 	/System/Library/PrivateFrameworks/CoreMediaAuthoring.framework/Versions/A/CoreMediaAuthoring
0x0000000009239000 	/System/Library/Frameworks/CoreMediaIO.framework/Versions/A/CoreMediaIO
0x0000000009239000 	/System/Library/Frameworks/AVFoundation.framework/Versions/A/Resources/libAVFAudio.dylib
0x0000000009239000 	/usr/lib/libspindump.dylib
0x0000000009239000 	/System/Library/PrivateFrameworks/CoreAVCHD.framework/Versions/A/CoreAVCHD
0x0000000009239000 	/System/Library/Frameworks/MediaAccessibility.framework/Versions/A/MediaAccessibility
0x0000000009239000 	/System/Library/PrivateFrameworks/Mangrove.framework/Versions/A/Mangrove
0x0000000009239000 	/System/Library/PrivateFrameworks/CoreAUC.framework/Versions/A/CoreAUC
0x0000000009239000 	/System/Library/PrivateFrameworks/AppleVA.framework/Versions/A/AppleVA
0x0000000009239000 	/System/Library/PrivateFrameworks/XPCService.framework/Versions/A/XPCService
0x0000000009239000 	/System/Library/PrivateFrameworks/AppSandbox.framework/Versions/A/AppSandbox
0x0000000009239000 	/System/Library/PrivateFrameworks/ContactsPersistence.framework/Versions/A/ContactsPersistence
0x0000000009239000 	/System/Library/PrivateFrameworks/ContactsFoundation.framework/Versions/A/ContactsFoundation
0x0000000009239000 	/System/Library/PrivateFrameworks/vCard.framework/Versions/A/vCard
0x0000000009239000 	/System/Library/PrivateFrameworks/IntlPreferences.framework/Versions/A/IntlPreferences
0x0000000009239000 	/System/Library/PrivateFrameworks/ToneLibrary.framework/Versions/A/ToneLibrary
0x0000000009239000 	/System/Library/PrivateFrameworks/ToneKit.framework/Versions/A/ToneKit
0x0000000009239000 	/System/Library/PrivateFrameworks/ApplePushService.framework/Versions/A/ApplePushService
0x0000000009239000 	/System/Library/PrivateFrameworks/PhoneNumbers.framework/Versions/A/PhoneNumbers
0x0000000009239000 	/System/Library/PrivateFrameworks/ViewBridge.framework/Versions/A/ViewBridge
0x0000000009239000 	/System/Library/Frameworks/Quartz.framework/Versions/A/Frameworks/QuartzComposer.framework/Versions/A/QuartzComposer
0x0000000009239000 	/System/Library/Frameworks/Quartz.framework/Versions/A/Frameworks/PDFKit.framework/Versions/A/PDFKit
0x0000000009239000 	/System/Library/Frameworks/Quartz.framework/Versions/A/Frameworks/QuartzFilters.framework/Versions/A/QuartzFilters
0x0000000009239000 	/System/Library/Frameworks/Quartz.framework/Versions/A/Frameworks/ImageKit.framework/Versions/A/ImageKit
0x0000000009239000 	/System/Library/Frameworks/Quartz.framework/Versions/A/Frameworks/QuickLookUI.framework/Versions/A/QuickLookUI
0x0000000009239000 	/System/Library/Frameworks/JavaScriptCore.framework/Versions/A/JavaScriptCore
0x0000000009239000 	/System/Library/PrivateFrameworks/AppleSystemInfo.framework/Versions/A/AppleSystemInfo
0x0000000009239000 	/System/Library/PrivateFrameworks/CorePDF.framework/Versions/A/CorePDF
0x0000000009239000 	/System/Library/Frameworks/QuickLook.framework/Versions/A/QuickLook
0x0000000009239000 	/System/Library/PrivateFrameworks/DisplayServices.framework/Versions/A/DisplayServices
0x0000000009239000 	/System/Library/PrivateFrameworks/SafariServices.framework/Versions/A/SafariServices
0x0000000128a0c000 	/usr/lib/libexpat.1.dylib
0x0000000124087000 	/System/Library/Extensions/AppleHDA.kext/Contents/PlugIns/AppleHDAHALPlugIn.bundle/Contents/MacOS/AppleHDAHALPlugIn
0x0000000133590000 	/Library/CoreMediaIO/Plug-Ins/DAL/AppleCamera.plugin/Contents/MacOS/AppleCamera
0x0000000124aaa000 	/Library/Java/JavaVirtualMachines/jdk1.8.0_66.jdk/Contents/Home/jre/lib/libjavafx_font.dylib
0x0000000124903000 	/Library/Java/JavaVirtualMachines/jdk1.8.0_66.jdk/Contents/Home/jre/lib/libprism_common.dylib

VM Arguments:
jvm_args: -ea -Didea.launcher.port=7532 -Didea.launcher.bin.path=/Applications/IntelliJ IDEA 15 CE.app/Contents/bin -Didea.junit.sm_runner -Dfile.encoding=UTF-8 
java_command: com.intellij.rt.execution.application.AppMain com.intellij.rt.execution.junit.JUnitStarter -ideVersion5 address.guitests.GroupEditDialogTest
java_class_path (initial): /Applications/IntelliJ IDEA 15 CE.app/Contents/lib/idea_rt.jar:/Applications/IntelliJ IDEA 15 CE.app/Contents/plugins/junit/lib/junit-rt.jar:/Library/Java/JavaVirtualMachines/jdk1.8.0_66.jdk/Contents/Home/jre/lib/charsets.jar:/Library/Java/JavaVirtualMachines/jdk1.8.0_66.jdk/Contents/Home/jre/lib/deploy.jar:/Library/Java/JavaVirtualMachines/jdk1.8.0_66.jdk/Contents/Home/jre/lib/ext/cldrdata.jar:/Library/Java/JavaVirtualMachines/jdk1.8.0_66.jdk/Contents/Home/jre/lib/ext/dnsns.jar:/Library/Java/JavaVirtualMachines/jdk1.8.0_66.jdk/Contents/Home/jre/lib/ext/jaccess.jar:/Library/Java/JavaVirtualMachines/jdk1.8.0_66.jdk/Contents/Home/jre/lib/ext/jfxrt.jar:/Library/Java/JavaVirtualMachines/jdk1.8.0_66.jdk/Contents/Home/jre/lib/ext/localedata.jar:/Library/Java/JavaVirtualMachines/jdk1.8.0_66.jdk/Contents/Home/jre/lib/ext/nashorn.jar:/Library/Java/JavaVirtualMachines/jdk1.8.0_66.jdk/Contents/Home/jre/lib/ext/sunec.jar:/Library/Java/JavaVirtualMachines/jdk1.8.0_66.jdk/Contents/Home/jre/lib/ext/sunjce_provider.jar:/Library/Java/JavaVirtualMachines/jdk1.8.0_66.jdk/Contents/Home/jre/lib/ext/sunpkcs11.jar:/Library/Java/JavaVirtualMachines/jdk1.8.0_66.jdk/Contents/Home/jre/lib/ext/zipfs.jar:/Library/Java/JavaVirtualMachines/jdk1.8.0_66.jdk/Contents/Home/jre/lib/javaws.jar:/Library/Java/JavaVirtualMachines/jdk1.8.0_66.jdk/Contents/Home/jre/lib/jce.jar:/Library/Java/JavaVirtualMachines/jdk1.8.0_66.jdk/Contents/Home/jre/lib/jfr.jar:/Library/Java/JavaVirtualMachines/jdk1.8.0_66.jdk/Contents/Home/jre/lib/jfxswt.jar:/Library/Java/JavaVirtualMachines/jdk1.8.0_66.jdk/Contents/Home/jre/lib/jsse.jar:/Library/Java/JavaVirtualMachines/jdk1.8.0_66.jdk/Contents/Home/jre/lib/management-agent.jar:/Library/Java/JavaVirtualMachines/jdk1.8.0_66.jdk/Contents/Home/jre/lib/plugin.jar:/Library/Java/JavaVirtualMachines/jdk1.8.0_66.jdk/Contents/Home/jre/lib/resources.jar:/Library/Java/JavaVirtualMachines/jdk1.8.0_66.jdk/Contents/Home/jre/lib/rt.jar:/Library/Java/JavaVirtualMac
Launcher Type: SUN_STANDARD

Environment Variables:
JAVA_HOME=/Library/Java/JavaVirtualMachines/jdk1.8.0_66.jdk/Contents/Home
PATH=/usr/local/bin:/usr/bin:/bin:/usr/sbin:/sbin:/opt/X11/bin:/Library/TeX/texbin
SHELL=/bin/bash
DISPLAY=/private/tmp/com.apple.launchd.dudRl2wIGI/org.macosforge.xquartz:0

Signal Handlers:
SIGSEGV: [libjvm.dylib+0x5a65d5], sa_mask[0]=11111111011111110111111111111111, sa_flags=SA_ONSTACK|SA_RESTART|SA_SIGINFO
SIGBUS: [libjvm.dylib+0x5a65d5], sa_mask[0]=11111111011111110111111111111111, sa_flags=SA_RESTART|SA_SIGINFO
SIGFPE: [libjvm.dylib+0x4802e8], sa_mask[0]=11111111011111110111111111111111, sa_flags=SA_RESTART|SA_SIGINFO
SIGPIPE: [libjvm.dylib+0x4802e8], sa_mask[0]=11111111011111110111111111111111, sa_flags=SA_RESTART|SA_SIGINFO
SIGXFSZ: [libjvm.dylib+0x4802e8], sa_mask[0]=11111111011111110111111111111111, sa_flags=SA_RESTART|SA_SIGINFO
SIGILL: [libjvm.dylib+0x4802e8], sa_mask[0]=11111111011111110111111111111111, sa_flags=SA_RESTART|SA_SIGINFO
SIGUSR1: SIG_DFL, sa_mask[0]=00000000000000000000000000000000, sa_flags=none
SIGUSR2: [libjvm.dylib+0x47fe06], sa_mask[0]=00100000000000000000000000000000, sa_flags=SA_RESTART|SA_SIGINFO
SIGHUP: [libjvm.dylib+0x47e3dd], sa_mask[0]=11111111011111110111111111111111, sa_flags=SA_RESTART|SA_SIGINFO
SIGINT: [libjvm.dylib+0x47e3dd], sa_mask[0]=11111111011111110111111111111111, sa_flags=SA_RESTART|SA_SIGINFO
SIGTERM: [libjvm.dylib+0x47e3dd], sa_mask[0]=11111111011111110111111111111111, sa_flags=SA_RESTART|SA_SIGINFO
SIGQUIT: [libjvm.dylib+0x47e3dd], sa_mask[0]=11111111011111110111111111111111, sa_flags=SA_RESTART|SA_SIGINFO


---------------  S Y S T E M  ---------------

OS:Bsduname:Darwin 15.3.0 Darwin Kernel Version 15.3.0: Thu Dec 10 18:40:58 PST 2015; root:xnu-3248.30.4~1/RELEASE_X86_64 x86_64
rlimit: STACK 8192k, CORE 0k, NPROC 709, NOFILE 1024, AS infinity
load average:4.22 3.70 3.16

CPU:total 4 (2 cores per cpu, 2 threads per core) family 6 model 69 stepping 1, cmov, cx8, fxsr, mmx, sse, sse2, sse3, ssse3, sse4.1, sse4.2, popcnt, avx, avx2, aes, clmul, erms, lzcnt, ht, tsc, tscinvbit, bmi1, bmi2

Memory: 4k page, physical 4194304k(18988k free)

/proc/meminfo:


vm_info: Java HotSpot(TM) 64-Bit Server VM (25.66-b17) for bsd-amd64 JRE (1.8.0_66-b17), built on Oct  6 2015 16:09:13 by "java_re" with gcc 4.2.1 (Based on Apple Inc. build 5658) (LLVM build 2336.11.00)

time: Tue May 17 11:41:46 2016
elapsed time: 6 seconds (0d 0h 0m 6s)

