#
# A fatal error has been detected by the Java Runtime Environment:
#
#  SIGSEGV (0xb) at pc=0x00007fff9488b4e9, pid=1150, tid=2571
#
# JRE version: Java(TM) SE Runtime Environment (8.0_66-b17) (build 1.8.0_66-b17)
# Java VM: Java HotSpot(TM) 64-Bit Server VM (25.66-b17 mixed mode bsd-amd64 compressed oops)
# Problematic frame:
# C  [libobjc.A.dylib+0x14e9]  objc_msgSend+0x29
#
# Failed to write core dump. Core dumps have been disabled. To enable core dumping, try "ulimit -c unlimited" before starting Java again
#
# If you would like to submit a bug report, please visit:
#   http://bugreport.java.com/bugreport/crash.jsp
# The crash happened outside the Java Virtual Machine in native code.
# See problematic frame for where to report the bug.
#

---------------  T H R E A D  ---------------

Current thread (0x00007ff822c7a000):  JavaThread "JavaFX Application Thread" daemon [_thread_in_native, id=2571, stack(0x00007fff507a3000,0x00007fff50fa3000)]

siginfo: si_signo: 11 (SIGSEGV), si_code: 1 (SEGV_MAPERR), si_addr: 0x0000000000000010

Registers:
RAX=0x00007ff824b5e880, RBX=0x00007ff824b5e880, RCX=0x00007fff50f9ce20, RDX=0x00007ff824b5e880
RSP=0x00007fff50f9cd98, RBP=0x00007fff50f9ce10, RSI=0x00007fff9a16aa8b, RDI=0x00007ff824ad6ca0
R8 =0x0000000000000001, R9 =0x00000000ffe00000, R10=0x0000000000000010, R11=0x00000007aca34140
R12=0x00007ff824b09060, R13=0x00007fff50f9d070, R14=0x00007ff824ad6ca0, R15=0x00007fff9488b4c0
RIP=0x00007fff9488b4e9, EFLAGS=0x0000000000010202, ERR=0x0000000000000004
  TRAPNO=0x000000000000000e

Top of Stack: (sp=0x00007fff50f9cd98)
0x00007fff50f9cd98:   000000012b962be3 00007fff50f9cdd0
0x00007fff50f9cda8:   00007fff97c4d5b1 000000010eca8000
0x00007fff50f9cdb8:   0000000000000020 3ff0000000000000
0x00007fff50f9cdc8:   3ff0000000000000 00007fff50f9cdf0
0x00007fff50f9cdd8:   00007fff97c4c0dc 00007ff824b9a168
0x00007fff50f9cde8:   0000000000000020 00007fff50f9ce10
0x00007fff50f9cdf8:   00007ff824b60710 00007ff824ad6ca0
0x00007fff50f9ce08:   00007ff822682b30 00007fff50f9ce50
0x00007fff50f9ce18:   000000012b966325 0000000000000000
0x00007fff50f9ce28:   0000000100000001 00007fff50f9ce50
0x00007fff50f9ce38:   00007fff50f9cee0 000000013007f96d
0x00007fff50f9ce48:   0000000131cd1ba9 00007fff50f9cf50
0x00007fff50f9ce58:   000000012bf6918a 0000000100000000
0x00007fff50f9ce68:   0000000150f9ce18 0000000000000003
0x00007fff50f9ce78:   0000000800000001 000000010ec7ba00
0x00007fff50f9ce88:   0000000000000000 000000010ec78000
0x00007fff50f9ce98:   000000010ec7c400 0000000000000001
0x00007fff50f9cea8:   0000000000000000 00007fff50f9cfa0
0x00007fff50f9ceb8:   00007fff97c4da36 00007fff50f9cef0
0x00007fff50f9cec8:   00000001001b5fe7 00000000001b60c3
0x00007fff50f9ced8:   00000000000000dc 00000000001b60c3
0x00007fff50f9cee8:   00007ff824b079a0 00007fff00000000
0x00007fff50f9cef8:   00007fff50f9ea70 0000000000000a00
0x00007fff50f9cf08:   000000010ec7ba00 000000012b994271
0x00007fff50f9cf18:   00007ffffffffff8 b10006b221194092
0x00007fff50f9cf28:   0000000131cd1ba0 b10006b221194092
0x00007fff50f9cf38:   00007ff824b08f30 00007fff50f9d070
0x00007fff50f9cf48:   00007ff824b09038 00007fff50f9d040
0x00007fff50f9cf58:   000000012bf8af29 ff80000000001001
0x00007fff50f9cf68:   000000000000ffff 00007fff50f9cf90
0x00007fff50f9cf78:   0000000000000008 0000000000000000
0x00007fff50f9cf88:   0000000000000008 000000010ec78000 

Instructions: (pc=0x00007fff9488b4e9)
0x00007fff9488b4c9:   01 2e 75 66 49 bb f8 ff ff ff ff 7f 00 00 4c 23
0x00007fff9488b4d9:   1f 49 89 f2 45 23 53 18 49 c1 e2 04 4d 03 53 10
0x00007fff9488b4e9:   49 3b 32 75 04 41 ff 62 08 49 83 3a 01 76 0d 49
0x00007fff9488b4f9:   83 c2 10 49 3b 32 75 f1 41 ff 62 08 72 40 4d 8b 

Register to memory mapping:

RAX=0x00007ff824b5e880 is an unknown value
RBX=0x00007ff824b5e880 is an unknown value
RCX=0x00007fff50f9ce20 is pointing into the stack for thread: 0x00007ff822c7a000
RDX=0x00007ff824b5e880 is an unknown value
RSP=0x00007fff50f9cd98 is pointing into the stack for thread: 0x00007ff822c7a000
RBP=0x00007fff50f9ce10 is pointing into the stack for thread: 0x00007ff822c7a000
RSI=0x00007fff9a16aa8b: -[NSTitlebarContainerView transparent]+0xc873 in /System/Library/Frameworks/AppKit.framework/Versions/C/AppKit at 0x00007fff99739000
RDI=0x00007ff824ad6ca0 is an unknown value
R8 =0x0000000000000001 is an unknown value
R9 =0x00000000ffe00000 is an unknown value
R10=0x0000000000000010 is an unknown value
R11=0x00000007aca34140 is an oop
[Ljava.lang.Object; 
 - klass: 'java/lang/Object'[]
 - length: 2
R12=0x00007ff824b09060 is an unknown value
R13=0x00007fff50f9d070 is pointing into the stack for thread: 0x00007ff822c7a000
R14=0x00007ff824ad6ca0 is an unknown value
R15=0x00007fff9488b4c0: objc_msgSend+0 in /usr/lib/libobjc.A.dylib at 0x00007fff9488a000


Stack: [0x00007fff507a3000,0x00007fff50fa3000],  sp=0x00007fff50f9cd98,  free space=8167k
Native frames: (J=compiled Java code, j=interpreted, Vv=VM code, C=native code)
C  [libobjc.A.dylib+0x14e9]  objc_msgSend+0x29
C  [libjxbrowser.dylib+0x2f325]  jxb::Browser::Attach(NSView*)+0x85
C  [libjxbrowser.dylib+0x63218a]  base::debug::TaskAnnotator::RunTask(char const*, base::PendingTask const&)+0xca
C  [libjxbrowser.dylib+0x653f29]  base::MessageLoop::RunTask(base::PendingTask const&)+0x1e9
C  [libjxbrowser.dylib+0x654468]  base::MessageLoop::DoWork()+0x278
C  [libjxbrowser.dylib+0x6284e1]  base::MessagePumpCFRunLoopBase::RunWork()+0x31
C  [libjxbrowser.dylib+0x64a91a]  base::mac::CallWithEHFrame(void () block_pointer)+0xa
C  [libjxbrowser.dylib+0x627ee4]  base::MessagePumpCFRunLoopBase::RunWorkSource(void*)+0x44
C  [CoreFoundation+0x7e5c1]  __CFRUNLOOP_IS_CALLING_OUT_TO_A_SOURCE0_PERFORM_FUNCTION__+0x11
C  [CoreFoundation+0x70397]  __CFRunLoopDoSources0+0x1a7
C  [CoreFoundation+0x6f93f]  __CFRunLoopRun+0x39f
C  [CoreFoundation+0x6f338]  CFRunLoopRunSpecific+0x128
C  [HIToolbox+0x30935]  RunCurrentEventLoopInMode+0xeb
C  [HIToolbox+0x3076f]  ReceiveNextEventCommon+0x1b0
C  [HIToolbox+0x305af]  _BlockUntilNextEventMatchingListInModeWithFilter+0x47
C  [AppKit+0x8a0ee]  _DPSNextEvent+0x42b
C  [AppKit+0x456943]  -[NSApplication _nextEventMatchingEventMask:untilDate:inMode:dequeue:]+0x1c6
C  [libosxapp.dylib+0x23aa]  -[NSApplicationAWT nextEventMatchingMask:untilDate:inMode:dequeue:]+0x7c
C  [libjxbrowser.dylib+0x628d26]  base::MessagePumpNSApplication::DoRun(base::MessagePump::Delegate*)+0x106
C  [libjxbrowser.dylib+0x628334]  base::MessagePumpCFRunLoopBase::Run(base::MessagePump::Delegate*)+0x64
C  [libjxbrowser.dylib+0x6661d3]  base::RunLoop::Run()+0x63
C  [libjxbrowser.dylib+0x65369d]  base::MessageLoop::Run()+0x1d
C  [libjxbrowser.dylib+0x2580d]  jxb_main+0x9f
C  [libjxbrowser-common64-c4ecef66-1fc1-4098-a46f-b5a15d3ec269.dylib+0x377f]  +[StartIPCTask runTask:]+0x1a0
C  [Foundation+0x8dd4b]  __NSThreadPerformPerform+0x117
C  [CoreFoundation+0x7e5c1]  __CFRUNLOOP_IS_CALLING_OUT_TO_A_SOURCE0_PERFORM_FUNCTION__+0x11
C  [CoreFoundation+0x7041c]  __CFRunLoopDoSources0+0x22c
C  [CoreFoundation+0x6f93f]  __CFRunLoopRun+0x39f
C  [CoreFoundation+0x6f338]  CFRunLoopRunSpecific+0x128
C  [HIToolbox+0x30935]  RunCurrentEventLoopInMode+0xeb
C  [HIToolbox+0x3076f]  ReceiveNextEventCommon+0x1b0
C  [HIToolbox+0x305af]  _BlockUntilNextEventMatchingListInModeWithFilter+0x47
C  [AppKit+0x8a0ee]  _DPSNextEvent+0x42b
C  [AppKit+0x456943]  -[NSApplication _nextEventMatchingEventMask:untilDate:inMode:dequeue:]+0x1c6
C  [libosxapp.dylib+0x23aa]  -[NSApplicationAWT nextEventMatchingMask:untilDate:inMode:dequeue:]+0x7c
C  [AppKit+0x7ffc8]  -[NSApplication run]+0x2aa
C  [libosxapp.dylib+0x214d]  +[NSApplicationAWT runAWTLoopWithApp:]+0x9c
C  [libawt_lwawt.dylib+0x4455b]  -[AWTStarter starter:]+0x389
C  [Foundation+0x8dd4b]  __NSThreadPerformPerform+0x117
C  [CoreFoundation+0x7e5c1]  __CFRUNLOOP_IS_CALLING_OUT_TO_A_SOURCE0_PERFORM_FUNCTION__+0x11
C  [CoreFoundation+0x7041c]  __CFRunLoopDoSources0+0x22c
C  [CoreFoundation+0x6f93f]  __CFRunLoopRun+0x39f
C  [CoreFoundation+0x6f338]  CFRunLoopRunSpecific+0x128
C  [java+0x6463]  CreateExecutionEnvironment+0x367
C  [java+0x21ac]  JLI_Launch+0x7a0
C  [java+0x84c0]  main+0x65
C  [java+0x1a04]  start+0x34
C  0x000000000000000b


---------------  P R O C E S S  ---------------

Java Threads: ( => current thread )
  0x00007ff824023000 JavaThread "Update Bounds In Screen Task Executor" daemon [_thread_blocked, id=115715, stack(0x000070000b06f000,0x000070000b16f000)]
  0x00007ff822af8800 JavaThread "Update Bounds Task Executor" daemon [_thread_blocked, id=115203, stack(0x000070000af6c000,0x000070000b06c000)]
  0x00007ff822fe1800 JavaThread "Prism Font Disposer" daemon [_thread_blocked, id=114439, stack(0x000070000ae69000,0x000070000af69000)]
  0x00007ff822abc000 JavaThread "Browser Events Thread" [_thread_blocked, id=112131, stack(0x000070000ad66000,0x000070000ae66000)]
  0x00007ff822907800 JavaThread "IPC Events Thread" [_thread_blocked, id=109827, stack(0x000070000ac63000,0x000070000ad63000)]
  0x00007ff823c1b800 JavaThread "Memory Writer SocketInfo{cid=0, bid=0, channelType=Render}" [_thread_blocked, id=109315, stack(0x000070000ab60000,0x000070000ac60000)]
  0x00007ff823c1a800 JavaThread "Socket Connection Checker SocketInfo{cid=0, bid=0, channelType=Render}" [_thread_in_native, id=108803, stack(0x000070000aa5d000,0x000070000ab5d000)]
  0x00007ff824482800 JavaThread "Thread-16" [_thread_in_native, id=108291, stack(0x000070000a9da000,0x000070000aa5a000)]
  0x00007ff82447a000 JavaThread "Memory Writer SocketInfo{cid=0, bid=0, channelType=Browser}" [_thread_blocked, id=95235, stack(0x000070000a854000,0x000070000a954000)]
  0x00007ff823a9e000 JavaThread "Socket Connection Checker SocketInfo{cid=0, bid=0, channelType=Browser}" [_thread_in_native, id=94467, stack(0x000070000a751000,0x000070000a851000)]
  0x00007ff823390000 JavaThread "Thread-15" [_thread_in_native, id=91907, stack(0x000070000a64b000,0x000070000a6cb000)]
  0x00007ff823c7f000 JavaThread "Memory Writer SocketInfo{cid=0, bid=-1, channelType=Main}" [_thread_blocked, id=86787, stack(0x000070000943c000,0x000070000953c000)]
  0x00007ff8231d6800 JavaThread "Socket Connection Checker SocketInfo{cid=0, bid=-1, channelType=Main}" [_thread_in_native, id=86275, stack(0x0000700009339000,0x0000700009439000)]
  0x00007ff823c7e000 JavaThread "Thread-14" [_thread_in_native, id=85507, stack(0x0000700009233000,0x00007000092b3000)]
  0x00007ff8233d1000 JavaThread "IPC Process Thread" daemon [_thread_in_native, id=66051, stack(0x0000700002000000,0x0000700002100000)]
  0x00007ff8243d8000 JavaThread "IPC Server Thread" daemon [_thread_in_native, id=65815, stack(0x0000700001efd000,0x0000700001ffd000)]
  0x00007ff8233ce000 JavaThread "Timer-0" daemon [_thread_blocked, id=65027, stack(0x0000700001dfa000,0x0000700001efa000)]
  0x00007ff822e6d800 JavaThread "Thread-9" daemon [_thread_blocked, id=64515, stack(0x0000700001cf7000,0x0000700001df7000)]
  0x00007ff8243c0000 JavaThread "Thread-8" daemon [_thread_in_native, id=64003, stack(0x0000700001c74000,0x0000700001cf4000)]
  0x00007ff822cad000 JavaThread "Thread-7" daemon [_thread_blocked, id=61955, stack(0x0000700001b71000,0x0000700001c71000)]
  0x00007ff822c27800 JavaThread "QuantumRenderer-0" daemon [_thread_blocked, id=60931, stack(0x0000700001a6e000,0x0000700001b6e000)]
  0x00007ff8243bf000 JavaThread "JavaFX-Launcher" daemon [_thread_blocked, id=60419, stack(0x000070000196b000,0x0000700001a6b000)]
  0x00007ff8243be800 JavaThread "Thread-4" daemon [_thread_blocked, id=59907, stack(0x0000700001868000,0x0000700001968000)]
  0x00007ff82434c800 JavaThread "Java2D Disposer" daemon [_thread_blocked, id=59663, stack(0x0000700001765000,0x0000700001865000)]
  0x00007ff822803000 JavaThread "Java2D Queue Flusher" daemon [_thread_blocked, id=58375, stack(0x0000700001662000,0x0000700001762000)]
  0x00007ff8231e1000 JavaThread "AWT-Shutdown" [_thread_blocked, id=30739, stack(0x00007000013d6000,0x00007000014d6000)]
=>0x00007ff822c7a000 JavaThread "JavaFX Application Thread" daemon [_thread_in_native, id=2571, stack(0x00007fff507a3000,0x00007fff50fa3000)]
  0x00007ff822893000 JavaThread "/0:0:0:0:0:0:0:1:49503 to /0:0:0:0:0:0:0:1:49502 workers Thread 3" [_thread_in_native, id=20739, stack(0x0000700001250000,0x0000700001350000)]
  0x00007ff823add800 JavaThread "/0:0:0:0:0:0:0:1:49503 to /0:0:0:0:0:0:0:1:49502 workers Thread 2" [_thread_blocked, id=20227, stack(0x000070000114d000,0x000070000124d000)]
  0x00007ff823201000 JavaThread "Test worker" [_thread_blocked, id=19715, stack(0x000070000104a000,0x000070000114a000)]
  0x00007ff822874000 JavaThread "Service Thread" daemon [_thread_blocked, id=18691, stack(0x0000700000e44000,0x0000700000f44000)]
  0x00007ff822869800 JavaThread "C1 CompilerThread2" daemon [_thread_blocked, id=18179, stack(0x0000700000d41000,0x0000700000e41000)]
  0x00007ff823029000 JavaThread "C2 CompilerThread1" daemon [_thread_blocked, id=17667, stack(0x0000700000c3e000,0x0000700000d3e000)]
  0x00007ff82401d000 JavaThread "C2 CompilerThread0" daemon [_thread_blocked, id=17155, stack(0x0000700000b3b000,0x0000700000c3b000)]
  0x00007ff82400d000 JavaThread "Signal Dispatcher" daemon [_thread_blocked, id=13839, stack(0x0000700000a38000,0x0000700000b38000)]
  0x00007ff824005800 JavaThread "Finalizer" daemon [_thread_blocked, id=12291, stack(0x000070000082f000,0x000070000092f000)]
  0x00007ff824005000 JavaThread "Reference Handler" daemon [_thread_blocked, id=11779, stack(0x000070000072c000,0x000070000082c000)]
  0x00007ff82280a000 JavaThread "main" [_thread_blocked, id=5891, stack(0x000070000011a000,0x000070000021a000)]

Other Threads:
  0x00007ff82300e000 VMThread [stack: 0x0000700000629000,0x0000700000729000] [id=11267]
  0x00007ff82400d800 WatcherThread [stack: 0x0000700000f47000,0x0000700001047000] [id=19203]

VM state:not at safepoint (normal execution)

VM Mutex/Monitor currently owned by a thread: None

Heap:
 PSYoungGen      total 68096K, used 32173K [0x00000007aab00000, 0x00000007af000000, 0x00000007c0000000)
  eden space 65536K, 49% used [0x00000007aab00000,0x00000007aca6b650,0x00000007aeb00000)
  from space 2560K, 0% used [0x00000007aed80000,0x00000007aed80000,0x00000007af000000)
  to   space 2560K, 0% used [0x00000007aeb00000,0x00000007aeb00000,0x00000007aed80000)
 ParOldGen       total 36864K, used 7785K [0x0000000780000000, 0x0000000782400000, 0x00000007aab00000)
  object space 36864K, 21% used [0x0000000780000000,0x000000078079a4b0,0x0000000782400000)
 Metaspace       used 28704K, capacity 29898K, committed 29952K, reserved 1075200K
  class space    used 4286K, capacity 4567K, committed 4608K, reserved 1048576K

Card table byte_map: [0x000000011fb46000,0x000000011fd47000] byte_map_base: 0x000000011bf46000

Marking Bits: (ParMarkBitMap*) 0x00000001100dde20
 Begin Bits: [0x000000011fe9d000, 0x0000000120e9d000)
 End Bits:   [0x0000000120e9d000, 0x0000000121e9d000)

Polling page: 0x000000010ef20000

CodeCache: size=245760Kb used=6598Kb max_used=6611Kb free=239161Kb
 bounds [0x0000000110786000, 0x0000000110e06000, 0x000000011f786000]
 total_blobs=2839 nmethods=2077 adapters=675
 compilation: enabled

Compilation events (10 events):
Event: 7.114 Thread 0x00007ff822869800 nmethod 2169 0x0000000110dec7d0 code [0x0000000110dec920, 0x0000000110deca30]
Event: 7.116 Thread 0x00007ff822869800 2170       3       java.lang.invoke.MethodHandle::setVarargs (38 bytes)
Event: 7.117 Thread 0x00007ff822869800 nmethod 2170 0x0000000110deca90 code [0x0000000110decc80, 0x0000000110ded728]
Event: 7.117 Thread 0x00007ff822869800 2171       3       java.lang.invoke.MemberName::isVarargs (23 bytes)
Event: 7.117 Thread 0x00007ff822869800 nmethod 2171 0x0000000110dedad0 code [0x0000000110dedc60, 0x0000000110dee1b0]
Event: 7.117 Thread 0x00007ff822869800 2172       1       com.sun.prism.impl.BaseGraphics::isDepthBuffer (5 bytes)
Event: 7.117 Thread 0x00007ff822869800 nmethod 2172 0x0000000110dee350 code [0x0000000110dee4a0, 0x0000000110dee5b0]
Event: 7.127 Thread 0x00007ff822869800 2173       1       java.nio.HeapByteBuffer::_get (7 bytes)
Event: 7.127 Thread 0x00007ff822869800 nmethod 2173 0x0000000110df4110 code [0x0000000110df4260, 0x0000000110df4390]
Event: 7.127 Thread 0x00007ff822869800 2174       3       com.teamdev.jxbrowser.chromium.internal.ipc.message.MessageType::from (67 bytes)

GC Heap History (10 events):
Event: 0.780 GC heap before
{Heap before GC invocations=1 (full 0):
 PSYoungGen      total 18944K, used 16164K [0x00000007aab00000, 0x00000007ac000000, 0x00000007c0000000)
  eden space 16384K, 98% used [0x00000007aab00000,0x00000007abac9100,0x00000007abb00000)
  from space 2560K, 0% used [0x00000007abd80000,0x00000007abd80000,0x00000007ac000000)
  to   space 2560K, 0% used [0x00000007abb00000,0x00000007abb00000,0x00000007abd80000)
 ParOldGen       total 44032K, used 0K [0x0000000780000000, 0x0000000782b00000, 0x00000007aab00000)
  object space 44032K, 0% used [0x0000000780000000,0x0000000780000000,0x0000000782b00000)
 Metaspace       used 5840K, capacity 6092K, committed 6272K, reserved 1056768K
  class space    used 728K, capacity 777K, committed 896K, reserved 1048576K
Event: 0.794 GC heap after
Heap after GC invocations=1 (full 0):
 PSYoungGen      total 18944K, used 2542K [0x00000007aab00000, 0x00000007ad000000, 0x00000007c0000000)
  eden space 16384K, 0% used [0x00000007aab00000,0x00000007aab00000,0x00000007abb00000)
  from space 2560K, 99% used [0x00000007abb00000,0x00000007abd7b958,0x00000007abd80000)
  to   space 2560K, 0% used [0x00000007acd80000,0x00000007acd80000,0x00000007ad000000)
 ParOldGen       total 44032K, used 429K [0x0000000780000000, 0x0000000782b00000, 0x00000007aab00000)
  object space 44032K, 0% used [0x0000000780000000,0x000000078006b550,0x0000000782b00000)
 Metaspace       used 5840K, capacity 6092K, committed 6272K, reserved 1056768K
  class space    used 728K, capacity 777K, committed 896K, reserved 1048576K
}
Event: 1.095 GC heap before
{Heap before GC invocations=2 (full 0):
 PSYoungGen      total 18944K, used 18926K [0x00000007aab00000, 0x00000007ad000000, 0x00000007c0000000)
  eden space 16384K, 100% used [0x00000007aab00000,0x00000007abb00000,0x00000007abb00000)
  from space 2560K, 99% used [0x00000007abb00000,0x00000007abd7b958,0x00000007abd80000)
  to   space 2560K, 0% used [0x00000007acd80000,0x00000007acd80000,0x00000007ad000000)
 ParOldGen       total 44032K, used 429K [0x0000000780000000, 0x0000000782b00000, 0x00000007aab00000)
  object space 44032K, 0% used [0x0000000780000000,0x000000078006b550,0x0000000782b00000)
 Metaspace       used 6903K, capacity 7090K, committed 7424K, reserved 1056768K
  class space    used 890K, capacity 939K, committed 1024K, reserved 1048576K
Event: 1.099 GC heap after
Heap after GC invocations=2 (full 0):
 PSYoungGen      total 35328K, used 2360K [0x00000007aab00000, 0x00000007ad000000, 0x00000007c0000000)
  eden space 32768K, 0% used [0x00000007aab00000,0x00000007aab00000,0x00000007acb00000)
  from space 2560K, 92% used [0x00000007acd80000,0x00000007acfce378,0x00000007ad000000)
  to   space 2560K, 0% used [0x00000007acb00000,0x00000007acb00000,0x00000007acd80000)
 ParOldGen       total 44032K, used 437K [0x0000000780000000, 0x0000000782b00000, 0x00000007aab00000)
  object space 44032K, 0% used [0x0000000780000000,0x000000078006d550,0x0000000782b00000)
 Metaspace       used 6903K, capacity 7090K, committed 7424K, reserved 1056768K
  class space    used 890K, capacity 939K, committed 1024K, reserved 1048576K
}
Event: 5.118 GC heap before
{Heap before GC invocations=3 (full 0):
 PSYoungGen      total 35328K, used 35128K [0x00000007aab00000, 0x00000007ad000000, 0x00000007c0000000)
  eden space 32768K, 100% used [0x00000007aab00000,0x00000007acb00000,0x00000007acb00000)
  from space 2560K, 92% used [0x00000007acd80000,0x00000007acfce378,0x00000007ad000000)
  to   space 2560K, 0% used [0x00000007acb00000,0x00000007acb00000,0x00000007acd80000)
 ParOldGen       total 44032K, used 437K [0x0000000780000000, 0x0000000782b00000, 0x00000007aab00000)
  object space 44032K, 0% used [0x0000000780000000,0x000000078006d550,0x0000000782b00000)
 Metaspace       used 15240K, capacity 15736K, committed 16000K, reserved 1062912K
  class space    used 2001K, capacity 2153K, committed 2176K, reserved 1048576K
Event: 5.127 GC heap after
Heap after GC invocations=3 (full 0):
 PSYoungGen      total 35328K, used 2528K [0x00000007aab00000, 0x00000007af000000, 0x00000007c0000000)
  eden space 32768K, 0% used [0x00000007aab00000,0x00000007aab00000,0x00000007acb00000)
  from space 2560K, 98% used [0x00000007acb00000,0x00000007acd78040,0x00000007acd80000)
  to   space 2560K, 0% used [0x00000007aed80000,0x00000007aed80000,0x00000007af000000)
 ParOldGen       total 44032K, used 3984K [0x0000000780000000, 0x0000000782b00000, 0x00000007aab00000)
  object space 44032K, 9% used [0x0000000780000000,0x00000007803e4190,0x0000000782b00000)
 Metaspace       used 15240K, capacity 15736K, committed 16000K, reserved 1062912K
  class space    used 2001K, capacity 2153K, committed 2176K, reserved 1048576K
}
Event: 5.885 GC heap before
{Heap before GC invocations=4 (full 0):
 PSYoungGen      total 35328K, used 25238K [0x00000007aab00000, 0x00000007af000000, 0x00000007c0000000)
  eden space 32768K, 69% used [0x00000007aab00000,0x00000007ac12d8a0,0x00000007acb00000)
  from space 2560K, 98% used [0x00000007acb00000,0x00000007acd78040,0x00000007acd80000)
  to   space 2560K, 0% used [0x00000007aed80000,0x00000007aed80000,0x00000007af000000)
 ParOldGen       total 44032K, used 3984K [0x0000000780000000, 0x0000000782b00000, 0x00000007aab00000)
  object space 44032K, 9% used [0x0000000780000000,0x00000007803e4190,0x0000000782b00000)
 Metaspace       used 20667K, capacity 21168K, committed 21296K, reserved 1067008K
  class space    used 2799K, capacity 2933K, committed 2944K, reserved 1048576K
Event: 5.895 GC heap after
Heap after GC invocations=4 (full 0):
 PSYoungGen      total 68096K, used 2544K [0x00000007aab00000, 0x00000007af000000, 0x00000007c0000000)
  eden space 65536K, 0% used [0x00000007aab00000,0x00000007aab00000,0x00000007aeb00000)
  from space 2560K, 99% used [0x00000007aed80000,0x00000007aeffc090,0x00000007af000000)
  to   space 2560K, 0% used [0x00000007aeb00000,0x00000007aeb00000,0x00000007aed80000)
 ParOldGen       total 44032K, used 7395K [0x0000000780000000, 0x0000000782b00000, 0x00000007aab00000)
  object space 44032K, 16% used [0x0000000780000000,0x0000000780738de0,0x0000000782b00000)
 Metaspace       used 20667K, capacity 21168K, committed 21296K, reserved 1067008K
  class space    used 2799K, capacity 2933K, committed 2944K, reserved 1048576K
}
Event: 5.895 GC heap before
{Heap before GC invocations=5 (full 1):
 PSYoungGen      total 68096K, used 2544K [0x00000007aab00000, 0x00000007af000000, 0x00000007c0000000)
  eden space 65536K, 0% used [0x00000007aab00000,0x00000007aab00000,0x00000007aeb00000)
  from space 2560K, 99% used [0x00000007aed80000,0x00000007aeffc090,0x00000007af000000)
  to   space 2560K, 0% used [0x00000007aeb00000,0x00000007aeb00000,0x00000007aed80000)
 ParOldGen       total 44032K, used 7395K [0x0000000780000000, 0x0000000782b00000, 0x00000007aab00000)
  object space 44032K, 16% used [0x0000000780000000,0x0000000780738de0,0x0000000782b00000)
 Metaspace       used 20667K, capacity 21168K, committed 21296K, reserved 1067008K
  class space    used 2799K, capacity 2933K, committed 2944K, reserved 1048576K
Event: 5.949 GC heap after
Heap after GC invocations=5 (full 1):
 PSYoungGen      total 68096K, used 0K [0x00000007aab00000, 0x00000007af000000, 0x00000007c0000000)
  eden space 65536K, 0% used [0x00000007aab00000,0x00000007aab00000,0x00000007aeb00000)
  from space 2560K, 0% used [0x00000007aed80000,0x00000007aed80000,0x00000007af000000)
  to   space 2560K, 0% used [0x00000007aeb00000,0x00000007aeb00000,0x00000007aed80000)
 ParOldGen       total 36864K, used 7785K [0x0000000780000000, 0x0000000782400000, 0x00000007aab00000)
  object space 36864K, 21% used [0x0000000780000000,0x000000078079a4b0,0x0000000782400000)
 Metaspace       used 20667K, capacity 21168K, committed 21296K, reserved 1067008K
  class space    used 2799K, capacity 2933K, committed 2944K, reserved 1048576K
}

Deoptimization events (10 events):
Event: 6.556 Thread 0x00007ff822c7a000 Uncommon trap: reason=unstable_if action=reinterpret pc=0x0000000110b72894 method=java.lang.StringCoding$StringDecoder.decode([BII)[C @ 33
Event: 6.558 Thread 0x00007ff822c7a000 Uncommon trap: reason=unstable_if action=reinterpret pc=0x0000000110938aa8 method=java.io.UnixFileSystem.normalize(Ljava/lang/String;)Ljava/lang/String; @ 34
Event: 6.713 Thread 0x00007ff822c7a000 Uncommon trap: reason=unstable_if action=reinterpret pc=0x0000000110ce5fc4 method=com.sun.javafx.css.BitSet.add(Ljava/lang/Object;)Z @ 91
Event: 6.799 Thread 0x00007ff822c7a000 Uncommon trap: reason=unstable_if action=reinterpret pc=0x0000000110c10450 method=java.lang.ClassLoader.checkName(Ljava/lang/String;)Z @ 20
Event: 6.799 Thread 0x00007ff822c7a000 Uncommon trap: reason=unstable_if action=reinterpret pc=0x0000000110ac19dc method=java.lang.ClassLoader.checkName(Ljava/lang/String;)Z @ 20
Event: 7.072 Thread 0x00007ff822c7a000 Uncommon trap: reason=array_check action=maybe_recompile pc=0x0000000110dbc700 method=com.sun.javafx.css.SimpleSelector.applies(Ljavafx/css/Styleable;[Ljava/util/Set;I)Z @ 37
Event: 7.072 Thread 0x00007ff822c7a000 Uncommon trap: reason=array_check action=maybe_recompile pc=0x0000000110dbc700 method=com.sun.javafx.css.SimpleSelector.applies(Ljavafx/css/Styleable;[Ljava/util/Set;I)Z @ 37
Event: 7.072 Thread 0x00007ff822c7a000 Uncommon trap: reason=array_check action=maybe_recompile pc=0x0000000110dbc700 method=com.sun.javafx.css.SimpleSelector.applies(Ljavafx/css/Styleable;[Ljava/util/Set;I)Z @ 37
Event: 7.072 Thread 0x00007ff822c7a000 Uncommon trap: reason=array_check action=maybe_recompile pc=0x0000000110dbc700 method=com.sun.javafx.css.SimpleSelector.applies(Ljavafx/css/Styleable;[Ljava/util/Set;I)Z @ 37
Event: 7.102 Thread 0x00007ff822c7a000 Uncommon trap: reason=unstable_if action=reinterpret pc=0x0000000110c744c4 method=jdk.internal.org.objectweb.asm.Type.getArgumentsAndReturnSizes(Ljava/lang/String;)I @ 47

Internal exceptions (10 events):
Event: 5.761 Thread 0x00007ff822c7a000 Exception <a 'java/lang/NullPointerException'> (0x00000007abef1588) thrown at [/HUDSON3/workspace/8-2-build-macosx-x86_64/jdk8u66/4988/hotspot/src/share/vm/interpreter/linkResolver.cpp, line 1280]
Event: 5.769 Thread 0x00007ff822c7a000 Implicit null exception at 0x0000000110b073d8 to 0x0000000110b07466
Event: 5.859 Thread 0x00007ff822c7a000 Exception <a 'java/lang/NullPointerException'> (0x00000007ac048930) thrown at [/HUDSON3/workspace/8-2-build-macosx-x86_64/jdk8u66/4988/hotspot/src/share/vm/interpreter/linkResolver.cpp, line 1178]
Event: 5.859 Thread 0x00007ff822c7a000 Exception <a 'java/lang/reflect/InvocationTargetException'> (0x00000007ac048b38) thrown at [/HUDSON3/workspace/8-2-build-macosx-x86_64/jdk8u66/4988/hotspot/src/share/vm/runtime/reflection.cpp, line 1092]
Event: 5.994 Thread 0x00007ff822c7a000 Exception <a 'java/lang/NullPointerException'> (0x00000007aabfd0e0) thrown at [/HUDSON3/workspace/8-2-build-macosx-x86_64/jdk8u66/4988/hotspot/src/share/vm/interpreter/linkResolver.cpp, line 1178]
Event: 5.994 Thread 0x00007ff822c7a000 Exception <a 'java/lang/NullPointerException'> (0x00000007aabfd0e0) thrown at [/HUDSON3/workspace/8-2-build-macosx-x86_64/jdk8u66/4988/hotspot/src/share/vm/prims/jvm.cpp, line 1390]
Event: 6.126 Thread 0x00007ff822c7a000 Exception <a 'java/io/FileNotFoundException'> (0x00000007ab1b39a0) thrown at [/HUDSON3/workspace/8-2-build-macosx-x86_64/jdk8u66/4988/hotspot/src/share/vm/prims/jni.cpp, line 709]
Event: 6.168 Thread 0x00007ff822c7a000 Exception <a 'java/io/FileNotFoundException'> (0x00000007ab2d6b48) thrown at [/HUDSON3/workspace/8-2-build-macosx-x86_64/jdk8u66/4988/hotspot/src/share/vm/prims/jni.cpp, line 709]
Event: 6.911 Thread 0x00007ff822c7a000 Exception <a 'java/io/FileNotFoundException'> (0x00000007ac38f248) thrown at [/HUDSON3/workspace/8-2-build-macosx-x86_64/jdk8u66/4988/hotspot/src/share/vm/prims/jni.cpp, line 709]
Event: 6.916 Thread 0x00007ff822c7a000 Exception <a 'java/io/FileNotFoundException'> (0x00000007ac3f8ee8) thrown at [/HUDSON3/workspace/8-2-build-macosx-x86_64/jdk8u66/4988/hotspot/src/share/vm/prims/jni.cpp, line 709]

Events (10 events):
Event: 7.114 loading class com/sun/prism/impl/ps/CachingShapeRepState$CacheEntry
Event: 7.114 loading class com/sun/prism/impl/ps/CachingShapeRepState$CacheEntry done
Event: 7.114 loading class com/sun/prism/impl/ps/CachingShapeRepState$CacheEntry
Event: 7.114 loading class com/sun/prism/impl/ps/CachingShapeRepState$CacheEntry done
Event: 7.115 loading class com/sun/prism/impl/ps/CachingShapeRepState$CacheEntry
Event: 7.115 loading class com/sun/prism/impl/ps/CachingShapeRepState$CacheEntry done
Event: 7.115 loading class com/sun/prism/impl/ps/CachingShapeRepState$MaskTexData
Event: 7.115 loading class com/sun/prism/impl/ps/CachingShapeRepState$MaskTexData done
Event: 7.116 loading class com/sun/prism/impl/ps/CachingShapeRepState$CSRDisposerRecord
Event: 7.116 loading class com/sun/prism/impl/ps/CachingShapeRepState$CSRDisposerRecord done


Dynamic libraries:
0x0000000009239000 	/System/Library/Frameworks/Cocoa.framework/Versions/A/Cocoa
0x0000000009239000 	/System/Library/Frameworks/Security.framework/Versions/A/Security
0x0000000009239000 	/System/Library/Frameworks/ApplicationServices.framework/Versions/A/ApplicationServices
0x0000000009239000 	/usr/lib/libz.1.dylib
0x0000000009239000 	/usr/lib/libSystem.B.dylib
0x0000000009239000 	/usr/lib/libobjc.A.dylib
0x0000000009239000 	/System/Library/Frameworks/CoreFoundation.framework/Versions/A/CoreFoundation
0x0000000009239000 	/System/Library/Frameworks/Foundation.framework/Versions/C/Foundation
0x0000000009239000 	/System/Library/Frameworks/AppKit.framework/Versions/C/AppKit
0x0000000009239000 	/System/Library/Frameworks/CoreData.framework/Versions/A/CoreData
0x0000000009239000 	/System/Library/PrivateFrameworks/RemoteViewServices.framework/Versions/A/RemoteViewServices
0x0000000009239000 	/System/Library/PrivateFrameworks/UIFoundation.framework/Versions/A/UIFoundation
0x0000000009239000 	/usr/lib/libScreenReader.dylib
0x0000000009239000 	/System/Library/Frameworks/Accelerate.framework/Versions/A/Accelerate
0x0000000009239000 	/System/Library/Frameworks/IOSurface.framework/Versions/A/IOSurface
0x0000000009239000 	/System/Library/Frameworks/AudioToolbox.framework/Versions/A/AudioToolbox
0x0000000009239000 	/System/Library/Frameworks/AudioUnit.framework/Versions/A/AudioUnit
0x0000000009239000 	/System/Library/PrivateFrameworks/DataDetectorsCore.framework/Versions/A/DataDetectorsCore
0x0000000009239000 	/System/Library/PrivateFrameworks/DesktopServicesPriv.framework/Versions/A/DesktopServicesPriv
0x0000000009239000 	/System/Library/Frameworks/Carbon.framework/Versions/A/Frameworks/HIToolbox.framework/Versions/A/HIToolbox
0x0000000009239000 	/System/Library/Frameworks/QuartzCore.framework/Versions/A/QuartzCore
0x0000000009239000 	/System/Library/Frameworks/Carbon.framework/Versions/A/Frameworks/SpeechRecognition.framework/Versions/A/SpeechRecognition
0x0000000009239000 	/usr/lib/libauto.dylib
0x0000000009239000 	/usr/lib/libicucore.A.dylib
0x0000000009239000 	/usr/lib/libxml2.2.dylib
0x0000000009239000 	/System/Library/PrivateFrameworks/CoreUI.framework/Versions/A/CoreUI
0x0000000009239000 	/System/Library/Frameworks/CoreAudio.framework/Versions/A/CoreAudio
0x0000000009239000 	/System/Library/Frameworks/DiskArbitration.framework/Versions/A/DiskArbitration
0x0000000009239000 	/usr/lib/liblangid.dylib
0x0000000009239000 	/System/Library/PrivateFrameworks/MultitouchSupport.framework/Versions/A/MultitouchSupport
0x0000000009239000 	/System/Library/Frameworks/IOKit.framework/Versions/A/IOKit
0x0000000009239000 	/usr/lib/libDiagnosticMessagesClient.dylib
0x0000000009239000 	/System/Library/Frameworks/CoreServices.framework/Versions/A/CoreServices
0x0000000009239000 	/System/Library/PrivateFrameworks/PerformanceAnalysis.framework/Versions/A/PerformanceAnalysis
0x0000000009239000 	/System/Library/PrivateFrameworks/GenerationalStorage.framework/Versions/A/GenerationalStorage
0x0000000009239000 	/System/Library/Frameworks/OpenGL.framework/Versions/A/OpenGL
0x0000000009239000 	/System/Library/PrivateFrameworks/Sharing.framework/Versions/A/Sharing
0x0000000009239000 	/System/Library/Frameworks/CoreGraphics.framework/Versions/A/CoreGraphics
0x0000000009239000 	/System/Library/Frameworks/CoreImage.framework/Versions/A/CoreImage
0x0000000009239000 	/System/Library/Frameworks/CoreText.framework/Versions/A/CoreText
0x0000000009239000 	/System/Library/Frameworks/ImageIO.framework/Versions/A/ImageIO
0x0000000009239000 	/System/Library/PrivateFrameworks/Backup.framework/Versions/A/Backup
0x0000000009239000 	/usr/lib/libextension.dylib
0x0000000009239000 	/usr/lib/libarchive.2.dylib
0x0000000009239000 	/System/Library/Frameworks/CFNetwork.framework/Versions/A/CFNetwork
0x0000000009239000 	/System/Library/Frameworks/SystemConfiguration.framework/Versions/A/SystemConfiguration
0x0000000009239000 	/usr/lib/libCRFSuite.dylib
0x0000000009239000 	/usr/lib/libc++.1.dylib
0x0000000009239000 	/usr/lib/libc++abi.dylib
0x0000000009239000 	/usr/lib/system/libcache.dylib
0x0000000009239000 	/usr/lib/system/libcommonCrypto.dylib
0x0000000009239000 	/usr/lib/system/libcompiler_rt.dylib
0x0000000009239000 	/usr/lib/system/libcopyfile.dylib
0x0000000009239000 	/usr/lib/system/libcorecrypto.dylib
0x0000000009239000 	/usr/lib/system/libdispatch.dylib
0x0000000009239000 	/usr/lib/system/libdyld.dylib
0x0000000009239000 	/usr/lib/system/libkeymgr.dylib
0x0000000009239000 	/usr/lib/system/liblaunch.dylib
0x0000000009239000 	/usr/lib/system/libmacho.dylib
0x0000000009239000 	/usr/lib/system/libquarantine.dylib
0x0000000009239000 	/usr/lib/system/libremovefile.dylib
0x0000000009239000 	/usr/lib/system/libsystem_asl.dylib
0x0000000009239000 	/usr/lib/system/libsystem_blocks.dylib
0x0000000009239000 	/usr/lib/system/libsystem_c.dylib
0x0000000009239000 	/usr/lib/system/libsystem_configuration.dylib
0x0000000009239000 	/usr/lib/system/libsystem_coreservices.dylib
0x0000000009239000 	/usr/lib/system/libsystem_coretls.dylib
0x0000000009239000 	/usr/lib/system/libsystem_dnssd.dylib
0x0000000009239000 	/usr/lib/system/libsystem_info.dylib
0x0000000009239000 	/usr/lib/system/libsystem_kernel.dylib
0x0000000009239000 	/usr/lib/system/libsystem_m.dylib
0x0000000009239000 	/usr/lib/system/libsystem_malloc.dylib
0x0000000009239000 	/usr/lib/system/libsystem_network.dylib
0x0000000009239000 	/usr/lib/system/libsystem_networkextension.dylib
0x0000000009239000 	/usr/lib/system/libsystem_notify.dylib
0x0000000009239000 	/usr/lib/system/libsystem_platform.dylib
0x0000000009239000 	/usr/lib/system/libsystem_pthread.dylib
0x0000000009239000 	/usr/lib/system/libsystem_sandbox.dylib
0x0000000009239000 	/usr/lib/system/libsystem_secinit.dylib
0x0000000009239000 	/usr/lib/system/libsystem_trace.dylib
0x0000000009239000 	/usr/lib/system/libunc.dylib
0x0000000009239000 	/usr/lib/system/libunwind.dylib
0x0000000009239000 	/usr/lib/system/libxpc.dylib
0x0000000009239000 	/usr/lib/libenergytrace.dylib
0x0000000009239000 	/usr/lib/libbsm.0.dylib
0x0000000009239000 	/usr/lib/system/libkxld.dylib
0x0000000009239000 	/usr/lib/libxar.1.dylib
0x0000000009239000 	/usr/lib/libsqlite3.dylib
0x0000000009239000 	/usr/lib/libpam.2.dylib
0x0000000009239000 	/usr/lib/libOpenScriptingUtil.dylib
0x0000000009239000 	/usr/lib/libbz2.1.0.dylib
0x0000000009239000 	/usr/lib/liblzma.5.dylib
0x0000000009239000 	/System/Library/Frameworks/CoreServices.framework/Versions/A/Frameworks/FSEvents.framework/Versions/A/FSEvents
0x0000000009239000 	/System/Library/Frameworks/CoreServices.framework/Versions/A/Frameworks/CarbonCore.framework/Versions/A/CarbonCore
0x0000000009239000 	/System/Library/Frameworks/CoreServices.framework/Versions/A/Frameworks/Metadata.framework/Versions/A/Metadata
0x0000000009239000 	/System/Library/Frameworks/CoreServices.framework/Versions/A/Frameworks/OSServices.framework/Versions/A/OSServices
0x0000000009239000 	/System/Library/Frameworks/CoreServices.framework/Versions/A/Frameworks/SearchKit.framework/Versions/A/SearchKit
0x0000000009239000 	/System/Library/Frameworks/CoreServices.framework/Versions/A/Frameworks/AE.framework/Versions/A/AE
0x0000000009239000 	/System/Library/Frameworks/CoreServices.framework/Versions/A/Frameworks/LaunchServices.framework/Versions/A/LaunchServices
0x0000000009239000 	/System/Library/Frameworks/CoreServices.framework/Versions/A/Frameworks/DictionaryServices.framework/Versions/A/DictionaryServices
0x0000000009239000 	/System/Library/Frameworks/CoreServices.framework/Versions/A/Frameworks/SharedFileList.framework/Versions/A/SharedFileList
0x0000000009239000 	/System/Library/Frameworks/NetFS.framework/Versions/A/NetFS
0x0000000009239000 	/System/Library/PrivateFrameworks/NetAuth.framework/Versions/A/NetAuth
0x0000000009239000 	/System/Library/PrivateFrameworks/login.framework/Versions/A/Frameworks/loginsupport.framework/Versions/A/loginsupport
0x0000000009239000 	/System/Library/PrivateFrameworks/TCC.framework/Versions/A/TCC
0x0000000009239000 	/usr/lib/libmecabra.dylib
0x0000000009239000 	/System/Library/Frameworks/ApplicationServices.framework/Versions/A/Frameworks/ATS.framework/Versions/A/ATS
0x0000000009239000 	/System/Library/Frameworks/ApplicationServices.framework/Versions/A/Frameworks/ColorSync.framework/Versions/A/ColorSync
0x0000000009239000 	/System/Library/Frameworks/ApplicationServices.framework/Versions/A/Frameworks/HIServices.framework/Versions/A/HIServices
0x0000000009239000 	/System/Library/Frameworks/ApplicationServices.framework/Versions/A/Frameworks/LangAnalysis.framework/Versions/A/LangAnalysis
0x0000000009239000 	/System/Library/Frameworks/ApplicationServices.framework/Versions/A/Frameworks/PrintCore.framework/Versions/A/PrintCore
0x0000000009239000 	/System/Library/Frameworks/ApplicationServices.framework/Versions/A/Frameworks/QD.framework/Versions/A/QD
0x0000000009239000 	/System/Library/Frameworks/ApplicationServices.framework/Versions/A/Frameworks/SpeechSynthesis.framework/Versions/A/SpeechSynthesis
0x0000000009239000 	/System/Library/Frameworks/Metal.framework/Versions/A/Metal
0x0000000009239000 	/System/Library/Frameworks/Accelerate.framework/Versions/A/Frameworks/vImage.framework/Versions/A/vImage
0x0000000009239000 	/System/Library/Frameworks/Accelerate.framework/Versions/A/Frameworks/vecLib.framework/Versions/A/vecLib
0x0000000009239000 	/System/Library/Frameworks/Accelerate.framework/Versions/A/Frameworks/vecLib.framework/Versions/A/libvDSP.dylib
0x0000000009239000 	/System/Library/Frameworks/Accelerate.framework/Versions/A/Frameworks/vecLib.framework/Versions/A/libvMisc.dylib
0x0000000009239000 	/System/Library/Frameworks/Accelerate.framework/Versions/A/Frameworks/vecLib.framework/Versions/A/libLAPACK.dylib
0x0000000009239000 	/System/Library/Frameworks/Accelerate.framework/Versions/A/Frameworks/vecLib.framework/Versions/A/libBLAS.dylib
0x0000000009239000 	/System/Library/Frameworks/Accelerate.framework/Versions/A/Frameworks/vecLib.framework/Versions/A/libLinearAlgebra.dylib
0x0000000009239000 	/System/Library/Frameworks/Accelerate.framework/Versions/A/Frameworks/vecLib.framework/Versions/A/libSparseBLAS.dylib
0x0000000009239000 	/System/Library/PrivateFrameworks/GPUCompiler.framework/libmetal_timestamp.dylib
0x0000000009239000 	/System/Library/Frameworks/OpenGL.framework/Versions/A/Libraries/libCoreFSCache.dylib
0x0000000009239000 	/System/Library/PrivateFrameworks/IOAccelerator.framework/Versions/A/IOAccelerator
0x0000000009239000 	/System/Library/Frameworks/ApplicationServices.framework/Versions/A/Frameworks/ATS.framework/Versions/A/Resources/libFontParser.dylib
0x0000000009239000 	/System/Library/Frameworks/ApplicationServices.framework/Versions/A/Frameworks/ATS.framework/Versions/A/Resources/libFontRegistry.dylib
0x0000000009239000 	/System/Library/PrivateFrameworks/AppleVPA.framework/Versions/A/AppleVPA
0x0000000009239000 	/System/Library/PrivateFrameworks/AppleJPEG.framework/Versions/A/AppleJPEG
0x0000000009239000 	/System/Library/Frameworks/ImageIO.framework/Versions/A/Resources/libJPEG.dylib
0x0000000009239000 	/System/Library/Frameworks/ImageIO.framework/Versions/A/Resources/libTIFF.dylib
0x0000000009239000 	/System/Library/Frameworks/ImageIO.framework/Versions/A/Resources/libPng.dylib
0x0000000009239000 	/System/Library/Frameworks/ImageIO.framework/Versions/A/Resources/libGIF.dylib
0x0000000009239000 	/System/Library/Frameworks/ImageIO.framework/Versions/A/Resources/libJP2.dylib
0x0000000009239000 	/System/Library/Frameworks/ImageIO.framework/Versions/A/Resources/libRadiance.dylib
0x0000000009239000 	/System/Library/Frameworks/CoreVideo.framework/Versions/A/CoreVideo
0x0000000009239000 	/System/Library/Frameworks/OpenGL.framework/Versions/A/Libraries/libGLU.dylib
0x0000000009239000 	/System/Library/Frameworks/OpenGL.framework/Versions/A/Libraries/libGFXShared.dylib
0x0000000009239000 	/System/Library/Frameworks/OpenGL.framework/Versions/A/Libraries/libGL.dylib
0x0000000009239000 	/System/Library/Frameworks/OpenGL.framework/Versions/A/Libraries/libGLImage.dylib
0x0000000009239000 	/System/Library/Frameworks/OpenGL.framework/Versions/A/Libraries/libCVMSPluginSupport.dylib
0x0000000009239000 	/System/Library/Frameworks/OpenGL.framework/Versions/A/Libraries/libCoreVMClient.dylib
0x0000000009239000 	/usr/lib/libcups.2.dylib
0x0000000009239000 	/System/Library/Frameworks/Kerberos.framework/Versions/A/Kerberos
0x0000000009239000 	/System/Library/Frameworks/GSS.framework/Versions/A/GSS
0x0000000009239000 	/usr/lib/libresolv.9.dylib
0x0000000009239000 	/usr/lib/libiconv.2.dylib
0x0000000009239000 	/System/Library/PrivateFrameworks/Heimdal.framework/Versions/A/Heimdal
0x0000000009239000 	/usr/lib/libheimdal-asn1.dylib
0x0000000009239000 	/System/Library/Frameworks/OpenDirectory.framework/Versions/A/OpenDirectory
0x0000000009239000 	/System/Library/PrivateFrameworks/CommonAuth.framework/Versions/A/CommonAuth
0x0000000009239000 	/System/Library/Frameworks/OpenDirectory.framework/Versions/A/Frameworks/CFOpenDirectory.framework/Versions/A/CFOpenDirectory
0x0000000009239000 	/System/Library/Frameworks/SecurityFoundation.framework/Versions/A/SecurityFoundation
0x0000000009239000 	/System/Library/PrivateFrameworks/LanguageModeling.framework/Versions/A/LanguageModeling
0x0000000009239000 	/usr/lib/libmarisa.dylib
0x0000000009239000 	/usr/lib/libChineseTokenizer.dylib
0x0000000009239000 	/usr/lib/libcmph.dylib
0x0000000009239000 	/usr/lib/libcompression.dylib
0x0000000009239000 	/System/Library/Frameworks/ServiceManagement.framework/Versions/A/ServiceManagement
0x0000000009239000 	/usr/lib/libxslt.1.dylib
0x0000000009239000 	/System/Library/Frameworks/Carbon.framework/Versions/A/Frameworks/Ink.framework/Versions/A/Ink
0x0000000009239000 	/usr/lib/libFosl_dynamic.dylib
0x0000000009239000 	/System/Library/PrivateFrameworks/FaceCore.framework/Versions/A/FaceCore
0x0000000009239000 	/System/Library/Frameworks/OpenCL.framework/Versions/A/OpenCL
0x0000000009239000 	/System/Library/PrivateFrameworks/CrashReporterSupport.framework/Versions/A/CrashReporterSupport
0x0000000009239000 	/System/Library/PrivateFrameworks/IconServices.framework/Versions/A/IconServices
0x0000000009239000 	/System/Library/PrivateFrameworks/Apple80211.framework/Versions/A/Apple80211
0x0000000009239000 	/System/Library/Frameworks/CoreWLAN.framework/Versions/A/CoreWLAN
0x0000000009239000 	/System/Library/Frameworks/IOBluetooth.framework/Versions/A/IOBluetooth
0x0000000009239000 	/System/Library/PrivateFrameworks/CoreWiFi.framework/Versions/A/CoreWiFi
0x0000000009239000 	/System/Library/Frameworks/CoreBluetooth.framework/Versions/A/CoreBluetooth
0x0000000009239000 	/System/Library/PrivateFrameworks/ChunkingLibrary.framework/Versions/A/ChunkingLibrary
0x0000000009239000 	/System/Library/PrivateFrameworks/DebugSymbols.framework/Versions/A/DebugSymbols
0x0000000009239000 	/System/Library/PrivateFrameworks/CoreSymbolication.framework/Versions/A/CoreSymbolication
0x0000000009239000 	/System/Library/PrivateFrameworks/Symbolication.framework/Versions/A/Symbolication
0x0000000009239000 	/System/Library/PrivateFrameworks/SpeechRecognitionCore.framework/Versions/A/SpeechRecognitionCore
0x000000010f800000 	/Library/Java/JavaVirtualMachines/jdk1.8.0_66.jdk/Contents/Home/jre/lib/server/libjvm.dylib
0x0000000009239000 	/usr/lib/libstdc++.6.dylib
0x000000010eedd000 	/Library/Java/JavaVirtualMachines/jdk1.8.0_66.jdk/Contents/Home/jre/lib/libverify.dylib
0x000000010eeeb000 	/Library/Java/JavaVirtualMachines/jdk1.8.0_66.jdk/Contents/Home/jre/lib/libjava.dylib
0x000000010ef2a000 	/Library/Java/JavaVirtualMachines/jdk1.8.0_66.jdk/Contents/Home/jre/lib/libzip.dylib
0x0000000123ac8000 	/System/Library/Frameworks/JavaVM.framework/Frameworks/JavaRuntimeSupport.framework/JavaRuntimeSupport
0x000000010efeb000 	/System/Library/Frameworks/JavaVM.framework/Versions/A/Frameworks/JavaNativeFoundation.framework/Versions/A/JavaNativeFoundation
0x0000000123ae3000 	/System/Library/Frameworks/JavaVM.framework/Versions/A/JavaVM
0x0000000009239000 	/System/Library/Frameworks/Carbon.framework/Versions/A/Carbon
0x0000000123af0000 	/System/Library/PrivateFrameworks/JavaLaunching.framework/Versions/A/JavaLaunching
0x0000000009239000 	/System/Library/Frameworks/Carbon.framework/Versions/A/Frameworks/CommonPanels.framework/Versions/A/CommonPanels
0x0000000009239000 	/System/Library/Frameworks/Carbon.framework/Versions/A/Frameworks/Help.framework/Versions/A/Help
0x0000000009239000 	/System/Library/Frameworks/Carbon.framework/Versions/A/Frameworks/ImageCapture.framework/Versions/A/ImageCapture
0x0000000009239000 	/System/Library/Frameworks/Carbon.framework/Versions/A/Frameworks/OpenScripting.framework/Versions/A/OpenScripting
0x0000000009239000 	/System/Library/Frameworks/Carbon.framework/Versions/A/Frameworks/Print.framework/Versions/A/Print
0x0000000009239000 	/System/Library/Frameworks/Carbon.framework/Versions/A/Frameworks/SecurityHI.framework/Versions/A/SecurityHI
0x0000000125a1b000 	/Library/Java/JavaVirtualMachines/jdk1.8.0_66.jdk/Contents/Home/jre/lib/libnet.dylib
0x0000000125c8b000 	/Library/Java/JavaVirtualMachines/jdk1.8.0_66.jdk/Contents/Home/jre/lib/libnio.dylib
0x0000000125c9b000 	/Users/m133225/.gradle/native/19/osx-amd64/libnative-platform.dylib
0x00000001262ba000 	/Library/Java/JavaVirtualMachines/jdk1.8.0_66.jdk/Contents/Home/jre/lib/libawt.dylib
0x0000000126362000 	/Library/Java/JavaVirtualMachines/jdk1.8.0_66.jdk/Contents/Home/jre/lib/./libmlib_image.dylib
0x000000012642e000 	/Library/Java/JavaVirtualMachines/jdk1.8.0_66.jdk/Contents/Home/jre/lib/libawt_lwawt.dylib
0x00000001259e1000 	/Library/Java/JavaVirtualMachines/jdk1.8.0_66.jdk/Contents/Home/jre/lib/./libosxapp.dylib
0x0000000009239000 	/System/Library/Frameworks/ExceptionHandling.framework/Versions/A/ExceptionHandling
0x0000000009239000 	/System/Library/PrivateFrameworks/CoreServicesInternal.framework/Versions/A/CoreServicesInternal
0x0000000009239000 	/System/Library/Frameworks/CoreGraphics.framework/Versions/A/Resources/libRIP.A.dylib
0x0000000009239000 	/System/Library/Frameworks/Accelerate.framework/Versions/A/Frameworks/vImage.framework/Versions/A/Libraries/libCGInterfaces.dylib
0x0000000009239000 	/System/Library/Frameworks/CoreGraphics.framework/Versions/A/Resources/libCGXType.A.dylib
0x0000000009239000 	/System/Library/Frameworks/OpenCL.framework/Versions/A/Libraries/libcldcpuengine.dylib
0x0000000009239000 	/System/Library/PrivateFrameworks/DiskImages.framework/Versions/A/DiskImages
0x0000000009239000 	/System/Library/Frameworks/DiscRecording.framework/Versions/A/DiscRecording
0x0000000009239000 	/usr/lib/libcsfde.dylib
0x0000000009239000 	/usr/lib/libcurl.4.dylib
0x0000000009239000 	/System/Library/PrivateFrameworks/MediaKit.framework/Versions/A/MediaKit
0x0000000009239000 	/System/Library/PrivateFrameworks/ProtectedCloudStorage.framework/Versions/A/ProtectedCloudStorage
0x0000000009239000 	/usr/lib/libCoreStorage.dylib
0x0000000009239000 	/System/Library/PrivateFrameworks/EFILogin.framework/Versions/A/EFILogin
0x0000000009239000 	/usr/lib/libutil.dylib
0x0000000009239000 	/System/Library/PrivateFrameworks/FindMyDevice.framework/Versions/A/FindMyDevice
0x0000000009239000 	/System/Library/Frameworks/LDAP.framework/Versions/A/LDAP
0x0000000009239000 	/usr/lib/libsasl2.2.dylib
0x0000000009239000 	/System/Library/PrivateFrameworks/CoreDaemon.framework/Versions/B/CoreDaemon
0x0000000009239000 	/usr/lib/libcrypto.0.9.8.dylib
0x0000000009239000 	/System/Library/PrivateFrameworks/AppleSRP.framework/Versions/A/AppleSRP
0x0000000009239000 	/System/Library/PrivateFrameworks/TrustEvaluationAgent.framework/Versions/A/TrustEvaluationAgent
0x0000000125cf8000 	cl_kernels
0x0000000009239000 	/System/Library/Frameworks/OpenCL.framework/Versions/A/Libraries/ImageFormats/unorm8_bgra.dylib
0x0000000009239000 	/System/Library/Frameworks/OpenCL.framework/Versions/A/Libraries/ImageFormats/unorm8_rgba.dylib
0x0000000009239000 	/System/Library/PrivateFrameworks/FamilyControls.framework/Versions/A/FamilyControls
0x0000000009239000 	/System/Library/PrivateFrameworks/CommerceKit.framework/Versions/A/Frameworks/CommerceCore.framework/Versions/A/CommerceCore
0x0000000009239000 	/System/Library/PrivateFrameworks/SystemAdministration.framework/Versions/A/SystemAdministration
0x0000000009239000 	/System/Library/PrivateFrameworks/AppContainer.framework/Versions/A/AppContainer
0x0000000009239000 	/System/Library/PrivateFrameworks/SecCodeWrapper.framework/Versions/A/SecCodeWrapper
0x0000000009239000 	/System/Library/Frameworks/DirectoryService.framework/Versions/A/DirectoryService
0x0000000009239000 	/System/Library/PrivateFrameworks/LoginUIKit.framework/Versions/A/Frameworks/LoginUICore.framework/Versions/A/LoginUICore
0x0000000009239000 	/usr/lib/libodfde.dylib
0x0000000009239000 	/System/Library/Frameworks/OpenGL.framework/Versions/A/Resources/GLEngine.bundle/GLEngine
0x0000000009239000 	/System/Library/Frameworks/OpenGL.framework/Versions/A/Libraries/libGLProgrammability.dylib
0x000000012919d000 	/System/Library/Extensions/AppleIntelHD5000GraphicsGLDriver.bundle/Contents/MacOS/AppleIntelHD5000GraphicsGLDriver
0x0000000009239000 	/System/Library/PrivateFrameworks/GPUSupport.framework/Versions/A/Libraries/libGPUSupportMercury.dylib
0x0000000009239000 	/System/Library/Frameworks/OpenGL.framework/Versions/A/Resources/GLRendererFloat.bundle/GLRendererFloat
0x0000000125514000 	/Library/Java/JavaVirtualMachines/jdk1.8.0_66.jdk/Contents/Home/jre/lib/libprism_es2.dylib
0x000000012a662000 	/Library/Java/JavaVirtualMachines/jdk1.8.0_66.jdk/Contents/Home/jre/lib/libglass.dylib
0x0000000127942000 	/Library/Java/JavaVirtualMachines/jdk1.8.0_66.jdk/Contents/Home/jre/lib/libosx.dylib
0x0000000127950000 	/private/var/folders/_c/sshmvp7j771czrx3qc5rqdkm0000gn/T/jxbrowser-chromium-49.0.2623.110.6.4/data/Temp/libjxbrowser-common64-c4ecef66-1fc1-4098-a46f-b5a15d3ec269.dylib
0x000000012b937000 	/var/folders/_c/sshmvp7j771czrx3qc5rqdkm0000gn/T/jxbrowser-chromium-49.0.2623.110.6.4/jxbrowser.app/Contents/Frameworks/JxBrowser.framework/Libraries/libjxbrowser.dylib
0x0000000009239000 	/usr/lib/libsandbox.1.dylib
0x0000000009239000 	/System/Library/Frameworks/QTKit.framework/Versions/A/QTKit
0x0000000009239000 	/System/Library/Frameworks/ImageCaptureCore.framework/Versions/A/ImageCaptureCore
0x0000000009239000 	/System/Library/Frameworks/AddressBook.framework/Versions/A/AddressBook
0x0000000009239000 	/System/Library/Frameworks/SecurityInterface.framework/Versions/A/SecurityInterface
0x000000012795c000 	/System/Library/Frameworks/CoreMIDI.framework/Versions/A/CoreMIDI
0x0000000009239000 	/System/Library/Frameworks/Quartz.framework/Versions/A/Quartz
0x0000000009239000 	/usr/lib/libMatch.1.dylib
0x0000000009239000 	/System/Library/Frameworks/AVFoundation.framework/Versions/A/AVFoundation
0x0000000009239000 	/System/Library/Frameworks/CoreMedia.framework/Versions/A/CoreMedia
0x0000000009239000 	/System/Library/Frameworks/MediaToolbox.framework/Versions/A/MediaToolbox
0x0000000009239000 	/System/Library/Frameworks/VideoToolbox.framework/Versions/A/VideoToolbox
0x0000000009239000 	/System/Library/PrivateFrameworks/CoreMediaAuthoring.framework/Versions/A/CoreMediaAuthoring
0x0000000009239000 	/System/Library/Frameworks/CoreMediaIO.framework/Versions/A/CoreMediaIO
0x0000000009239000 	/System/Library/Frameworks/AVFoundation.framework/Versions/A/Resources/libAVFAudio.dylib
0x0000000009239000 	/usr/lib/libspindump.dylib
0x0000000009239000 	/System/Library/PrivateFrameworks/CoreAVCHD.framework/Versions/A/CoreAVCHD
0x0000000009239000 	/System/Library/Frameworks/MediaAccessibility.framework/Versions/A/MediaAccessibility
0x0000000009239000 	/System/Library/PrivateFrameworks/Mangrove.framework/Versions/A/Mangrove
0x0000000009239000 	/System/Library/PrivateFrameworks/CoreAUC.framework/Versions/A/CoreAUC
0x0000000009239000 	/System/Library/PrivateFrameworks/AppleVA.framework/Versions/A/AppleVA
0x0000000009239000 	/System/Library/PrivateFrameworks/XPCService.framework/Versions/A/XPCService
0x0000000009239000 	/System/Library/PrivateFrameworks/AppSandbox.framework/Versions/A/AppSandbox
0x0000000009239000 	/System/Library/PrivateFrameworks/ContactsPersistence.framework/Versions/A/ContactsPersistence
0x0000000009239000 	/System/Library/PrivateFrameworks/ContactsFoundation.framework/Versions/A/ContactsFoundation
0x0000000009239000 	/System/Library/PrivateFrameworks/vCard.framework/Versions/A/vCard
0x0000000009239000 	/System/Library/PrivateFrameworks/IntlPreferences.framework/Versions/A/IntlPreferences
0x0000000009239000 	/System/Library/PrivateFrameworks/ToneLibrary.framework/Versions/A/ToneLibrary
0x0000000009239000 	/System/Library/PrivateFrameworks/ToneKit.framework/Versions/A/ToneKit
0x0000000009239000 	/System/Library/PrivateFrameworks/ApplePushService.framework/Versions/A/ApplePushService
0x0000000009239000 	/System/Library/PrivateFrameworks/PhoneNumbers.framework/Versions/A/PhoneNumbers
0x0000000009239000 	/System/Library/PrivateFrameworks/ViewBridge.framework/Versions/A/ViewBridge
0x0000000009239000 	/System/Library/Frameworks/Quartz.framework/Versions/A/Frameworks/QuartzComposer.framework/Versions/A/QuartzComposer
0x0000000009239000 	/System/Library/Frameworks/Quartz.framework/Versions/A/Frameworks/PDFKit.framework/Versions/A/PDFKit
0x0000000009239000 	/System/Library/Frameworks/Quartz.framework/Versions/A/Frameworks/QuartzFilters.framework/Versions/A/QuartzFilters
0x0000000009239000 	/System/Library/Frameworks/Quartz.framework/Versions/A/Frameworks/ImageKit.framework/Versions/A/ImageKit
0x0000000009239000 	/System/Library/Frameworks/Quartz.framework/Versions/A/Frameworks/QuickLookUI.framework/Versions/A/QuickLookUI
0x0000000009239000 	/System/Library/Frameworks/JavaScriptCore.framework/Versions/A/JavaScriptCore
0x0000000009239000 	/System/Library/PrivateFrameworks/AppleSystemInfo.framework/Versions/A/AppleSystemInfo
0x0000000009239000 	/System/Library/PrivateFrameworks/CorePDF.framework/Versions/A/CorePDF
0x0000000009239000 	/System/Library/Frameworks/QuickLook.framework/Versions/A/QuickLook
0x0000000009239000 	/System/Library/PrivateFrameworks/DisplayServices.framework/Versions/A/DisplayServices
0x0000000009239000 	/System/Library/PrivateFrameworks/SafariServices.framework/Versions/A/SafariServices
0x00000001279fe000 	/usr/lib/libexpat.1.dylib
0x00000001258bc000 	/System/Library/Extensions/AppleHDA.kext/Contents/PlugIns/AppleHDAHALPlugIn.bundle/Contents/MacOS/AppleHDAHALPlugIn
0x000000012a121000 	/Library/CoreMediaIO/Plug-Ins/DAL/AppleCamera.plugin/Contents/MacOS/AppleCamera
0x00000001261d5000 	/Library/Java/JavaVirtualMachines/jdk1.8.0_66.jdk/Contents/Home/jre/lib/libjavafx_font.dylib
0x00000001361db000 	/Library/Java/JavaVirtualMachines/jdk1.8.0_66.jdk/Contents/Home/jre/lib/libprism_common.dylib
0x00000001389d3000 	/System/Library/Extensions/AppleIntelHD5000GraphicsMTLDriver.bundle/Contents/MacOS/AppleIntelHD5000GraphicsMTLDriver

VM Arguments:
jvm_args: -Djava.security.manager=jarjar.org.gradle.process.internal.child.BootstrapSecurityManager -Dfile.encoding=UTF-8 -Duser.country=US -Duser.language=en -Duser.variant -ea 
java_command: jarjar.org.gradle.process.internal.launcher.GradleWorkerMain 'Gradle Test Executor 2'
java_class_path (initial): /Users/m133225/.gradle/caches/2.12/workerMain/gradle-worker.jar
Launcher Type: SUN_STANDARD

Environment Variables:
JAVA_HOME=/Library/Java/JavaVirtualMachines/jdk1.8.0_66.jdk/Contents/Home
PATH=/usr/local/bin:/usr/bin:/bin:/usr/sbin:/sbin:/opt/X11/bin:/Library/TeX/texbin
SHELL=/bin/bash
DISPLAY=/private/tmp/com.apple.launchd.dudRl2wIGI/org.macosforge.xquartz:0

Signal Handlers:
SIGSEGV: [libjvm.dylib+0x5a65d5], sa_mask[0]=11111111011111110111111111111111, sa_flags=SA_ONSTACK|SA_RESTART|SA_SIGINFO
SIGBUS: [libjvm.dylib+0x5a65d5], sa_mask[0]=11111111011111110111111111111111, sa_flags=SA_RESTART|SA_SIGINFO
SIGFPE: [libjvm.dylib+0x4802e8], sa_mask[0]=11111111011111110111111111111111, sa_flags=SA_RESTART|SA_SIGINFO
SIGPIPE: [libjvm.dylib+0x4802e8], sa_mask[0]=11111111011111110111111111111111, sa_flags=SA_RESTART|SA_SIGINFO
SIGXFSZ: [libjvm.dylib+0x4802e8], sa_mask[0]=11111111011111110111111111111111, sa_flags=SA_RESTART|SA_SIGINFO
SIGILL: [libjvm.dylib+0x4802e8], sa_mask[0]=11111111011111110111111111111111, sa_flags=SA_RESTART|SA_SIGINFO
SIGUSR1: SIG_DFL, sa_mask[0]=00000000000000000000000000000000, sa_flags=none
SIGUSR2: [libjvm.dylib+0x47fe06], sa_mask[0]=00100000000000000000000000000000, sa_flags=SA_RESTART|SA_SIGINFO
SIGHUP: [libjvm.dylib+0x47e3dd], sa_mask[0]=11111111011111110111111111111111, sa_flags=SA_RESTART|SA_SIGINFO
SIGINT: [libjvm.dylib+0x47e3dd], sa_mask[0]=11111111011111110111111111111111, sa_flags=SA_RESTART|SA_SIGINFO
SIGTERM: [libjvm.dylib+0x47e3dd], sa_mask[0]=11111111011111110111111111111111, sa_flags=SA_RESTART|SA_SIGINFO
SIGQUIT: [libjvm.dylib+0x47e3dd], sa_mask[0]=11111111011111110111111111111111, sa_flags=SA_RESTART|SA_SIGINFO


---------------  S Y S T E M  ---------------

OS:Bsduname:Darwin 15.3.0 Darwin Kernel Version 15.3.0: Thu Dec 10 18:40:58 PST 2015; root:xnu-3248.30.4~1/RELEASE_X86_64 x86_64
rlimit: STACK 8192k, CORE 0k, NPROC 709, NOFILE 1024, AS infinity
load average:3.84 3.61 3.11

CPU:total 4 (2 cores per cpu, 2 threads per core) family 6 model 69 stepping 1, cmov, cx8, fxsr, mmx, sse, sse2, sse3, ssse3, sse4.1, sse4.2, popcnt, avx, avx2, aes, clmul, erms, lzcnt, ht, tsc, tscinvbit, bmi1, bmi2

Memory: 4k page, physical 4194304k(138164k free)

/proc/meminfo:


vm_info: Java HotSpot(TM) 64-Bit Server VM (25.66-b17) for bsd-amd64 JRE (1.8.0_66-b17), built on Oct  6 2015 16:09:13 by "java_re" with gcc 4.2.1 (Based on Apple Inc. build 5658) (LLVM build 2336.11.00)

time: Tue May 17 11:41:19 2016
elapsed time: 7 seconds (0d 0h 0m 7s)

