#
# A fatal error has been detected by the Java Runtime Environment:
#
#  SIGSEGV (0xb) at pc=0x00007fff93c6dca4, pid=49248, tid=2571
#
# JRE version: Java(TM) SE Runtime Environment (8.0_66-b17) (build 1.8.0_66-b17)
# Java VM: Java HotSpot(TM) 64-Bit Server VM (25.66-b17 mixed mode bsd-amd64 compressed oops)
# Problematic frame:
# C  [libobjc.A.dylib+0x6ca4]  lookUpImpOrForward+0x4f
#
# Failed to write core dump. Core dumps have been disabled. To enable core dumping, try "ulimit -c unlimited" before starting Java again
#
# If you would like to submit a bug report, please visit:
#   http://bugreport.java.com/bugreport/crash.jsp
# The crash happened outside the Java Virtual Machine in native code.
# See problematic frame for where to report the bug.
#

---------------  T H R E A D  ---------------

Current thread (0x00007fdfbb184800):  JavaThread "JavaFX Application Thread" daemon [_thread_in_native, id=2571, stack(0x00007fff53573000,0x00007fff53d73000)]

siginfo: si_signo: 11 (SIGSEGV), si_code: 1 (SEGV_MAPERR), si_addr: 0x00000000008103c0

Registers:
RAX=0x00000000008103c0, RBX=0x00007fdfbd48d350, RCX=0x0000000000000001, RDX=0x00007fdfbd48d340
RSP=0x00007fff53d6a1f0, RBP=0x00007fff53d6a240, RSI=0x00007fff99547a8b, RDI=0x00007fdfbd48d350
R8 =0x0000000000000000, R9 =0x0000000000000001, R10=0x00007fdfbd48d390, R11=0x00007fdfbd48d350
R12=0x00007fff99547a8b, R13=0x00007fff53d6a5f0, R14=0x0000000000000001, R15=0x00007ffffffffff8
RIP=0x00007fff93c6dca4, EFLAGS=0x0000000000010206, ERR=0x0000000000000004
  TRAPNO=0x000000000000000e

Top of Stack: (sp=0x00007fff53d6a1f0)
0x00007fff53d6a1f0:   000000010bea8000 000000010beaba00
0x00007fff53d6a200:   0000000000000002 00007fdfbd48d340
0x00007fff53d6a210:   0000000153d6a300 00007fdfbd436c80
0x00007fff53d6a220:   00007fdfbacd89d0 00007fff53d6a5f0
0x00007fff53d6a230:   00007fdfbd48d340 00007fff93c684c0
0x00007fff53d6a240:   00007fff53d6a310 00007fff93c68591
0x00007fff53d6a250:   00000000f8000000 0000000000000001
0x00007fff53d6a260:   00007fff53d6a3a0 00007fdfbd436c80
0x00007fff53d6a270:   00007fff99547a8b 00007fdfbd48d340
0x00007fff53d6a280:   00007fdfbd436c80 000000010beaba00
0x00007fff53d6a290:   3ff0000000000000 0000000000000000
0x00007fff53d6a2a0:   c3e0000000000000 3ff0000000000000
0x00007fff53d6a2b0:   4330000000000000 4530000000000000
0x00007fff53d6a2c0:   3ff0000000000000 3ff0000000000000
0x00007fff53d6a2d0:   756f62610b000000 016b6e616c623a74
0x00007fff53d6a2e0:   4068400000000000 0000000000000000
0x00007fff53d6a2f0:   0000000000000000 0000000000000000
0x00007fff53d6a300:   0000000000000000 0000000000000000
0x00007fff53d6a310:   00007fff53d6a390 0000000128827be3
0x00007fff53d6a320:   00007fff53d6a350 00007fff9702a5b1
0x00007fff53d6a330:   000000010bed8000 0000000000000020
0x00007fff53d6a340:   3ff0000000000000 3ff0000000000000
0x00007fff53d6a350:   00007fff53d6a370 00007fff970290dc
0x00007fff53d6a360:   00007fdfbd35b198 0000000000000020
0x00007fff53d6a370:   00007fff53d6a390 00007fdfbd438350
0x00007fff53d6a380:   00007fdfbd48d340 00007fdfbd48e790
0x00007fff53d6a390:   00007fff53d6a3d0 000000012882b325
0x00007fff53d6a3a0:   0000000000000000 0000000100000001
0x00007fff53d6a3b0:   00007fff53d6a3d0 00007fff53d6a460
0x00007fff53d6a3c0:   000000012cf4496d 000000012eb96ba7
0x00007fff53d6a3d0:   00007fff53d6a4d0 0000000128e2e18a
0x00007fff53d6a3e0:   0000000100000000 0000000153d6a398 

Instructions: (pc=0x00007fff93c6dca4)
0x00007fff93c6dc84:   a7 ff ff 49 89 c5 4d 85 ed 0f 85 79 01 00 00 49
0x00007fff93c6dc94:   bf f8 ff ff ff ff 7f 00 00 48 8b 43 20 4c 21 f8
0x00007fff93c6dca4:   83 38 00 78 20 48 8d 3d 10 d6 c5 e6 e8 43 2a 01
0x00007fff93c6dcb4:   00 48 89 df e8 25 e5 ff ff 48 8d 3d fc d5 c5 e6 

Register to memory mapping:

RAX=0x00000000008103c0 is an unknown value
RBX=0x00007fdfbd48d350 is an unknown value
RCX=0x0000000000000001 is an unknown value
RDX=0x00007fdfbd48d340 is an unknown value
RSP=0x00007fff53d6a1f0 is pointing into the stack for thread: 0x00007fdfbb184800
RBP=0x00007fff53d6a240 is pointing into the stack for thread: 0x00007fdfbb184800
RSI=0x00007fff99547a8b: -[NSTitlebarContainerView transparent]+0xc873 in /System/Library/Frameworks/AppKit.framework/Versions/C/AppKit at 0x00007fff98b16000
RDI=0x00007fdfbd48d350 is an unknown value
R8 =0x0000000000000000 is an unknown value
R9 =0x0000000000000001 is an unknown value
R10=0x00007fdfbd48d390 is an unknown value
R11=0x00007fdfbd48d350 is an unknown value
R12=0x00007fff99547a8b: -[NSTitlebarContainerView transparent]+0xc873 in /System/Library/Frameworks/AppKit.framework/Versions/C/AppKit at 0x00007fff98b16000
R13=0x00007fff53d6a5f0 is pointing into the stack for thread: 0x00007fdfbb184800
R14=0x0000000000000001 is an unknown value
R15=0x00007ffffffffff8 is an unknown value


Stack: [0x00007fff53573000,0x00007fff53d73000],  sp=0x00007fff53d6a1f0,  free space=8156k
Native frames: (J=compiled Java code, j=interpreted, Vv=VM code, C=native code)
C  [libobjc.A.dylib+0x6ca4]  lookUpImpOrForward+0x4f
C  [libobjc.A.dylib+0x1591]  objc_msgSend+0xd1
C  [libjxbrowser.dylib+0x2bbe3]  jxb::BrowserView::BrowserView(NSView*, content::WebContents*, gfx::Rect const&)+0x63
C  [libjxbrowser.dylib+0x2f325]  jxb::Browser::Attach(NSView*)+0x85
C  [libjxbrowser.dylib+0x63218a]  base::debug::TaskAnnotator::RunTask(char const*, base::PendingTask const&)+0xca
C  [libjxbrowser.dylib+0x653f29]  base::MessageLoop::RunTask(base::PendingTask const&)+0x1e9
C  [libjxbrowser.dylib+0x654468]  base::MessageLoop::DoWork()+0x278
C  [libjxbrowser.dylib+0x6284e1]  base::MessagePumpCFRunLoopBase::RunWork()+0x31
C  [libjxbrowser.dylib+0x64a91a]  base::mac::CallWithEHFrame(void () block_pointer)+0xa
C  [libjxbrowser.dylib+0x627ee4]  base::MessagePumpCFRunLoopBase::RunWorkSource(void*)+0x44
C  [CoreFoundation+0x7e5c1]  __CFRUNLOOP_IS_CALLING_OUT_TO_A_SOURCE0_PERFORM_FUNCTION__+0x11
C  [CoreFoundation+0x70397]  __CFRunLoopDoSources0+0x1a7
C  [CoreFoundation+0x6f93f]  __CFRunLoopRun+0x39f
C  [CoreFoundation+0x6f338]  CFRunLoopRunSpecific+0x128
C  [HIToolbox+0x30935]  RunCurrentEventLoopInMode+0xeb
C  [HIToolbox+0x3076f]  ReceiveNextEventCommon+0x1b0
C  [HIToolbox+0x305af]  _BlockUntilNextEventMatchingListInModeWithFilter+0x47
C  [AppKit+0x8a0ee]  _DPSNextEvent+0x42b
C  [AppKit+0x456943]  -[NSApplication _nextEventMatchingEventMask:untilDate:inMode:dequeue:]+0x1c6
C  [libosxapp.dylib+0x23aa]  -[NSApplicationAWT nextEventMatchingMask:untilDate:inMode:dequeue:]+0x7c
C  [libjxbrowser.dylib+0x628d26]  base::MessagePumpNSApplication::DoRun(base::MessagePump::Delegate*)+0x106
C  [libjxbrowser.dylib+0x628334]  base::MessagePumpCFRunLoopBase::Run(base::MessagePump::Delegate*)+0x64
C  [libjxbrowser.dylib+0x6661d3]  base::RunLoop::Run()+0x63
C  [libjxbrowser.dylib+0x65369d]  base::MessageLoop::Run()+0x1d
C  [libjxbrowser.dylib+0x2580d]  jxb_main+0x9f
C  [libjxbrowser-common64-bc3e2a2e-f9f3-41db-b47e-583c80a1096b.dylib+0x377f]  +[StartIPCTask runTask:]+0x1a0
C  [Foundation+0x8dd4b]  __NSThreadPerformPerform+0x117
C  [CoreFoundation+0x7e5c1]  __CFRUNLOOP_IS_CALLING_OUT_TO_A_SOURCE0_PERFORM_FUNCTION__+0x11
C  [CoreFoundation+0x7041c]  __CFRunLoopDoSources0+0x22c
C  [CoreFoundation+0x6f93f]  __CFRunLoopRun+0x39f
C  [CoreFoundation+0x6f338]  CFRunLoopRunSpecific+0x128
C  [HIToolbox+0x30935]  RunCurrentEventLoopInMode+0xeb
C  [HIToolbox+0x3076f]  ReceiveNextEventCommon+0x1b0
C  [HIToolbox+0x305af]  _BlockUntilNextEventMatchingListInModeWithFilter+0x47
C  [AppKit+0x8a0ee]  _DPSNextEvent+0x42b
C  [AppKit+0x456943]  -[NSApplication _nextEventMatchingEventMask:untilDate:inMode:dequeue:]+0x1c6
C  [libosxapp.dylib+0x23aa]  -[NSApplicationAWT nextEventMatchingMask:untilDate:inMode:dequeue:]+0x7c
C  [AppKit+0x7ffc8]  -[NSApplication run]+0x2aa
C  [libosxapp.dylib+0x214d]  +[NSApplicationAWT runAWTLoopWithApp:]+0x9c
C  [libawt_lwawt.dylib+0x4455b]  -[AWTStarter starter:]+0x389
C  [Foundation+0x8dd4b]  __NSThreadPerformPerform+0x117
C  [CoreFoundation+0x7e5c1]  __CFRUNLOOP_IS_CALLING_OUT_TO_A_SOURCE0_PERFORM_FUNCTION__+0x11
C  [CoreFoundation+0x7041c]  __CFRunLoopDoSources0+0x22c
C  [CoreFoundation+0x6f93f]  __CFRunLoopRun+0x39f
C  [CoreFoundation+0x6f338]  CFRunLoopRunSpecific+0x128
C  [java+0x6463]  CreateExecutionEnvironment+0x367
C  [java+0x21ac]  JLI_Launch+0x7a0
C  [java+0x84c0]  main+0x65
C  [java+0x1a04]  start+0x34
C  0x000000000000000e


---------------  P R O C E S S  ---------------

Java Threads: ( => current thread )
  0x00007fdfbbc46000 JavaThread "Update Bounds In Screen Task Executor" daemon [_thread_blocked, id=112907, stack(0x000070000b06f000,0x000070000b16f000)]
  0x00007fdfbbc45800 JavaThread "Update Bounds Task Executor" daemon [_thread_blocked, id=22023, stack(0x000070000af6c000,0x000070000b06c000)]
  0x00007fdfbb839000 JavaThread "Prism Font Disposer" daemon [_thread_blocked, id=27911, stack(0x000070000ae69000,0x000070000af69000)]
  0x00007fdfbb338000 JavaThread "pool-3-thread-2" [_thread_blocked, id=110599, stack(0x000070000ad66000,0x000070000ae66000)]
  0x00007fdfbb320000 JavaThread "pool-3-thread-1" [_thread_blocked, id=111643, stack(0x000070000ac63000,0x000070000ad63000)]
  0x00007fdfbb31a800 JavaThread "Browser Events Thread" [_thread_blocked, id=109315, stack(0x000070000ab60000,0x000070000ac60000)]
  0x00007fdfbcb08800 JavaThread "IPC Events Thread" [_thread_blocked, id=108803, stack(0x000070000aa5d000,0x000070000ab5d000)]
  0x00007fdfbc405000 JavaThread "Memory Writer SocketInfo{cid=0, bid=0, channelType=Render}" [_thread_blocked, id=108291, stack(0x000070000a95a000,0x000070000aa5a000)]
  0x00007fdfbcb08000 JavaThread "Socket Connection Checker SocketInfo{cid=0, bid=0, channelType=Render}" [_thread_in_native, id=107779, stack(0x000070000a857000,0x000070000a957000)]
  0x00007fdfbcb07000 JavaThread "Thread-13" [_thread_in_native, id=107287, stack(0x000070000a7d4000,0x000070000a854000)]
  0x00007fdfbb346800 JavaThread "Memory Writer SocketInfo{cid=0, bid=0, channelType=Browser}" [_thread_blocked, id=91395, stack(0x000070000a64e000,0x000070000a74e000)]
  0x00007fdfbb346000 JavaThread "Socket Connection Checker SocketInfo{cid=0, bid=0, channelType=Browser}" [_thread_in_native, id=90883, stack(0x000070000a54b000,0x000070000a64b000)]
  0x00007fdfbc475800 JavaThread "Thread-12" [_thread_in_native, id=89347, stack(0x000070000a445000,0x000070000a4c5000)]
  0x00007fdfbcabb000 JavaThread "Memory Writer SocketInfo{cid=0, bid=-1, channelType=Main}" [_thread_blocked, id=84227, stack(0x0000700009236000,0x0000700009336000)]
  0x00007fdfbc3a5000 JavaThread "Socket Connection Checker SocketInfo{cid=0, bid=-1, channelType=Main}" [_thread_in_native, id=83715, stack(0x0000700009133000,0x0000700009233000)]
  0x00007fdfbb299800 JavaThread "Thread-11" [_thread_in_native, id=82947, stack(0x000070000902d000,0x00007000090ad000)]
  0x00007fdfbc457800 JavaThread "IPC Process Thread" daemon [_thread_in_native, id=64003, stack(0x0000700001dfa000,0x0000700001efa000)]
  0x00007fdfbccde000 JavaThread "IPC Server Thread" daemon [_thread_in_native, id=63767, stack(0x0000700001cf7000,0x0000700001df7000)]
  0x00007fdfbb889000 JavaThread "Timer-0" daemon [_thread_blocked, id=62979, stack(0x0000700001bf4000,0x0000700001cf4000)]
  0x00007fdfbcaf0000 JavaThread "Thread-6" daemon [_thread_blocked, id=62467, stack(0x0000700001af1000,0x0000700001bf1000)]
  0x00007fdfbcb14000 JavaThread "Thread-5" daemon [_thread_in_native, id=61955, stack(0x0000700001a6e000,0x0000700001aee000)]
  0x00007fdfbc9cb800 JavaThread "Thread-4" daemon [_thread_blocked, id=59907, stack(0x000070000196b000,0x0000700001a6b000)]
  0x00007fdfbca8e800 JavaThread "QuantumRenderer-0" daemon [_thread_blocked, id=58883, stack(0x0000700001868000,0x0000700001968000)]
  0x00007fdfbb9ca000 JavaThread "JavaFX-Launcher" daemon [_thread_blocked, id=58371, stack(0x0000700001765000,0x0000700001865000)]
  0x00007fdfbb98b800 JavaThread "Thread-1" daemon [_thread_blocked, id=57859, stack(0x0000700001662000,0x0000700001762000)]
  0x00007fdfbca7d000 JavaThread "Java2D Disposer" daemon [_thread_blocked, id=57615, stack(0x000070000155f000,0x000070000165f000)]
  0x00007fdfbca39800 JavaThread "Java2D Queue Flusher" daemon [_thread_blocked, id=56071, stack(0x000070000145c000,0x000070000155c000)]
  0x00007fdfbc27e800 JavaThread "AWT-Shutdown" [_thread_blocked, id=30227, stack(0x00007000012d6000,0x00007000013d6000)]
=>0x00007fdfbb184800 JavaThread "JavaFX Application Thread" daemon [_thread_in_native, id=2571, stack(0x00007fff53573000,0x00007fff53d73000)]
  0x00007fdfbb04c000 JavaThread "Monitor Ctrl-Break" daemon [_thread_in_native, id=19715, stack(0x000070000104a000,0x000070000114a000)]
  0x00007fdfbb04b800 JavaThread "Service Thread" daemon [_thread_blocked, id=18691, stack(0x0000700000e44000,0x0000700000f44000)]
  0x00007fdfbc82b000 JavaThread "C1 CompilerThread2" daemon [_thread_blocked, id=18179, stack(0x0000700000d41000,0x0000700000e41000)]
  0x00007fdfbc820000 JavaThread "C2 CompilerThread1" daemon [_thread_blocked, id=17667, stack(0x0000700000c3e000,0x0000700000d3e000)]
  0x00007fdfbc023000 JavaThread "C2 CompilerThread0" daemon [_thread_blocked, id=17155, stack(0x0000700000b3b000,0x0000700000c3b000)]
  0x00007fdfbc015800 JavaThread "Signal Dispatcher" daemon [_thread_blocked, id=12815, stack(0x0000700000a38000,0x0000700000b38000)]
  0x00007fdfbb019800 JavaThread "Finalizer" daemon [_thread_blocked, id=12291, stack(0x000070000082f000,0x000070000092f000)]
  0x00007fdfbb019000 JavaThread "Reference Handler" daemon [_thread_blocked, id=11779, stack(0x000070000072c000,0x000070000082c000)]
  0x00007fdfbc809000 JavaThread "main" [_thread_blocked, id=5891, stack(0x000070000011a000,0x000070000021a000)]

Other Threads:
  0x00007fdfbb82e800 VMThread [stack: 0x0000700000629000,0x0000700000729000] [id=11267]
  0x00007fdfbb86d000 WatcherThread [stack: 0x0000700000f47000,0x0000700001047000] [id=19203]

VM state:not at safepoint (normal execution)

VM Mutex/Monitor currently owned by a thread: None

Heap:
 PSYoungGen      total 55808K, used 19624K [0x00000007aab00000, 0x00000007af480000, 0x00000007c0000000)
  eden space 51712K, 30% used [0x00000007aab00000,0x00000007aba2d8a0,0x00000007add80000)
  from space 4096K, 99% used [0x00000007af080000,0x00000007af47ca80,0x00000007af480000)
  to   space 5632K, 0% used [0x00000007ae980000,0x00000007ae980000,0x00000007aef00000)
 ParOldGen       total 32768K, used 6966K [0x0000000780000000, 0x0000000782000000, 0x00000007aab00000)
  object space 32768K, 21% used [0x0000000780000000,0x00000007806cd8f0,0x0000000782000000)
 Metaspace       used 28657K, capacity 29850K, committed 30080K, reserved 1075200K
  class space    used 4152K, capacity 4393K, committed 4480K, reserved 1048576K

Card table byte_map: [0x000000011cdc0000,0x000000011cfc1000] byte_map_base: 0x00000001191c0000

Marking Bits: (ParMarkBitMap*) 0x000000010c9e6e20
 Begin Bits: [0x000000011d117000, 0x000000011e117000)
 End Bits:   [0x000000011e117000, 0x000000011f117000)

Polling page: 0x000000010d0d6000

CodeCache: size=245760Kb used=7987Kb max_used=8153Kb free=237772Kb
 bounds [0x000000010da00000, 0x000000010e210000, 0x000000011ca00000]
 total_blobs=3325 nmethods=2535 adapters=703
 compilation: enabled

Compilation events (10 events):
Event: 8.681 Thread 0x00007fdfbc82b000 nmethod 2637 0x000000010e1cc6d0 code [0x000000010e1cc840, 0x000000010e1ccb78]
Event: 8.681 Thread 0x00007fdfbc82b000 2634       3       com.sun.javafx.geom.RectBounds::deriveWithUnion (64 bytes)
Event: 8.682 Thread 0x00007fdfbc82b000 nmethod 2634 0x000000010e1d7150 code [0x000000010e1d7360, 0x000000010e1d7cd8]
Event: 8.682 Thread 0x00007fdfbc82b000 2635       3       com.sun.javafx.geom.transform.Translate2D::isIdentity (24 bytes)
Event: 8.682 Thread 0x00007fdfbc82b000 nmethod 2635 0x000000010e1d8010 code [0x000000010e1d8180, 0x000000010e1d83d0]
Event: 8.683 Thread 0x00007fdfbc82b000 2623       1       javafx.geometry.Pos::getHpos (5 bytes)
Event: 8.683 Thread 0x00007fdfbc82b000 nmethod 2623 0x000000010e1d8450 code [0x000000010e1d85a0, 0x000000010e1d86b0]
Event: 8.683 Thread 0x00007fdfbc82b000 2617       3       com.sun.javafx.text.TextRun::getWidth (93 bytes)
Event: 8.683 Thread 0x00007fdfbc82b000 nmethod 2617 0x000000010e1d8710 code [0x000000010e1d88c0, 0x000000010e1d8c50]
Event: 8.683 Thread 0x00007fdfbc82b000 2641       3       javafx.scene.layout.Region::getBackground (11 bytes)

GC Heap History (10 events):
Event: 5.100 GC heap before
{Heap before GC invocations=3 (full 0):
 PSYoungGen      total 18944K, used 18925K [0x00000007aab00000, 0x00000007ad000000, 0x00000007c0000000)
  eden space 16384K, 100% used [0x00000007aab00000,0x00000007abb00000,0x00000007abb00000)
  from space 2560K, 99% used [0x00000007acd80000,0x00000007acffb478,0x00000007ad000000)
  to   space 2560K, 0% used [0x00000007abb00000,0x00000007abb00000,0x00000007abd80000)
 ParOldGen       total 44032K, used 1363K [0x0000000780000000, 0x0000000782b00000, 0x00000007aab00000)
  object space 44032K, 3% used [0x0000000780000000,0x0000000780154de8,0x0000000782b00000)
 Metaspace       used 13398K, capacity 13692K, committed 13952K, reserved 1060864K
  class space    used 1686K, capacity 1807K, committed 1920K, reserved 1048576K
Event: 5.105 GC heap after
Heap after GC invocations=3 (full 0):
 PSYoungGen      total 18944K, used 2547K [0x00000007aab00000, 0x00000007ad000000, 0x00000007c0000000)
  eden space 16384K, 0% used [0x00000007aab00000,0x00000007aab00000,0x00000007abb00000)
  from space 2560K, 99% used [0x00000007abb00000,0x00000007abd7ce38,0x00000007abd80000)
  to   space 2560K, 0% used [0x00000007acd80000,0x00000007acd80000,0x00000007ad000000)
 ParOldGen       total 44032K, used 2263K [0x0000000780000000, 0x0000000782b00000, 0x00000007aab00000)
  object space 44032K, 5% used [0x0000000780000000,0x0000000780235e80,0x0000000782b00000)
 Metaspace       used 13398K, capacity 13692K, committed 13952K, reserved 1060864K
  class space    used 1686K, capacity 1807K, committed 1920K, reserved 1048576K
}
Event: 5.636 GC heap before
{Heap before GC invocations=4 (full 0):
 PSYoungGen      total 18944K, used 18931K [0x00000007aab00000, 0x00000007ad000000, 0x00000007c0000000)
  eden space 16384K, 100% used [0x00000007aab00000,0x00000007abb00000,0x00000007abb00000)
  from space 2560K, 99% used [0x00000007abb00000,0x00000007abd7ce38,0x00000007abd80000)
  to   space 2560K, 0% used [0x00000007acd80000,0x00000007acd80000,0x00000007ad000000)
 ParOldGen       total 44032K, used 2263K [0x0000000780000000, 0x0000000782b00000, 0x00000007aab00000)
  object space 44032K, 5% used [0x0000000780000000,0x0000000780235e80,0x0000000782b00000)
 Metaspace       used 14841K, capacity 15232K, committed 15360K, reserved 1062912K
  class space    used 1905K, capacity 2039K, committed 2048K, reserved 1048576K
Event: 5.643 GC heap after
Heap after GC invocations=4 (full 0):
 PSYoungGen      total 35328K, used 2557K [0x00000007aab00000, 0x00000007ad000000, 0x00000007c0000000)
  eden space 32768K, 0% used [0x00000007aab00000,0x00000007aab00000,0x00000007acb00000)
  from space 2560K, 99% used [0x00000007acd80000,0x00000007acfff710,0x00000007ad000000)
  to   space 2560K, 0% used [0x00000007acb00000,0x00000007acb00000,0x00000007acd80000)
 ParOldGen       total 44032K, used 4001K [0x0000000780000000, 0x0000000782b00000, 0x00000007aab00000)
  object space 44032K, 9% used [0x0000000780000000,0x00000007803e8778,0x0000000782b00000)
 Metaspace       used 14841K, capacity 15232K, committed 15360K, reserved 1062912K
  class space    used 1905K, capacity 2039K, committed 2048K, reserved 1048576K
}
Event: 6.740 GC heap before
{Heap before GC invocations=5 (full 0):
 PSYoungGen      total 35328K, used 20264K [0x00000007aab00000, 0x00000007ad000000, 0x00000007c0000000)
  eden space 32768K, 54% used [0x00000007aab00000,0x00000007abc4aca8,0x00000007acb00000)
  from space 2560K, 99% used [0x00000007acd80000,0x00000007acfff710,0x00000007ad000000)
  to   space 2560K, 0% used [0x00000007acb00000,0x00000007acb00000,0x00000007acd80000)
 ParOldGen       total 44032K, used 4001K [0x0000000780000000, 0x0000000782b00000, 0x00000007aab00000)
  object space 44032K, 9% used [0x0000000780000000,0x00000007803e8778,0x0000000782b00000)
 Metaspace       used 20749K, capacity 21206K, committed 21296K, reserved 1067008K
  class space    used 2741K, capacity 2888K, committed 2944K, reserved 1048576K
Event: 6.748 GC heap after
Heap after GC invocations=5 (full 0):
 PSYoungGen      total 35328K, used 2557K [0x00000007aab00000, 0x00000007af600000, 0x00000007c0000000)
  eden space 32768K, 0% used [0x00000007aab00000,0x00000007aab00000,0x00000007acb00000)
  from space 2560K, 99% used [0x00000007acb00000,0x00000007acd7f710,0x00000007acd80000)
  to   space 5632K, 0% used [0x00000007af080000,0x00000007af080000,0x00000007af600000)
 ParOldGen       total 44032K, used 5759K [0x0000000780000000, 0x0000000782b00000, 0x00000007aab00000)
  object space 44032K, 13% used [0x0000000780000000,0x000000078059fd88,0x0000000782b00000)
 Metaspace       used 20749K, capacity 21206K, committed 21296K, reserved 1067008K
  class space    used 2741K, capacity 2888K, committed 2944K, reserved 1048576K
}
Event: 6.748 GC heap before
{Heap before GC invocations=6 (full 1):
 PSYoungGen      total 35328K, used 2557K [0x00000007aab00000, 0x00000007af600000, 0x00000007c0000000)
  eden space 32768K, 0% used [0x00000007aab00000,0x00000007aab00000,0x00000007acb00000)
  from space 2560K, 99% used [0x00000007acb00000,0x00000007acd7f710,0x00000007acd80000)
  to   space 5632K, 0% used [0x00000007af080000,0x00000007af080000,0x00000007af600000)
 ParOldGen       total 44032K, used 5759K [0x0000000780000000, 0x0000000782b00000, 0x00000007aab00000)
  object space 44032K, 13% used [0x0000000780000000,0x000000078059fd88,0x0000000782b00000)
 Metaspace       used 20749K, capacity 21206K, committed 21296K, reserved 1067008K
  class space    used 2741K, capacity 2888K, committed 2944K, reserved 1048576K
Event: 6.798 GC heap after
Heap after GC invocations=6 (full 1):
 PSYoungGen      total 35328K, used 0K [0x00000007aab00000, 0x00000007af600000, 0x00000007c0000000)
  eden space 32768K, 0% used [0x00000007aab00000,0x00000007aab00000,0x00000007acb00000)
  from space 2560K, 0% used [0x00000007acb00000,0x00000007acb00000,0x00000007acd80000)
  to   space 5632K, 0% used [0x00000007af080000,0x00000007af080000,0x00000007af600000)
 ParOldGen       total 32768K, used 6958K [0x0000000780000000, 0x0000000782000000, 0x00000007aab00000)
  object space 32768K, 21% used [0x0000000780000000,0x00000007806cb8f0,0x0000000782000000)
 Metaspace       used 20747K, capacity 21202K, committed 21296K, reserved 1067008K
  class space    used 2740K, capacity 2886K, committed 2944K, reserved 1048576K
}
Event: 8.215 GC heap before
{Heap before GC invocations=7 (full 1):
 PSYoungGen      total 35328K, used 32768K [0x00000007aab00000, 0x00000007af600000, 0x00000007c0000000)
  eden space 32768K, 100% used [0x00000007aab00000,0x00000007acb00000,0x00000007acb00000)
  from space 2560K, 0% used [0x00000007acb00000,0x00000007acb00000,0x00000007acd80000)
  to   space 5632K, 0% used [0x00000007af080000,0x00000007af080000,0x00000007af600000)
 ParOldGen       total 32768K, used 6958K [0x0000000780000000, 0x0000000782000000, 0x00000007aab00000)
  object space 32768K, 21% used [0x0000000780000000,0x00000007806cb8f0,0x0000000782000000)
 Metaspace       used 27562K, capacity 28752K, committed 28928K, reserved 1073152K
  class space    used 4033K, capacity 4268K, committed 4352K, reserved 1048576K
Event: 8.225 GC heap after
Heap after GC invocations=7 (full 1):
 PSYoungGen      total 55808K, used 4082K [0x00000007aab00000, 0x00000007af480000, 0x00000007c0000000)
  eden space 51712K, 0% used [0x00000007aab00000,0x00000007aab00000,0x00000007add80000)
  from space 4096K, 99% used [0x00000007af080000,0x00000007af47ca80,0x00000007af480000)
  to   space 5632K, 0% used [0x00000007ae980000,0x00000007ae980000,0x00000007aef00000)
 ParOldGen       total 32768K, used 6966K [0x0000000780000000, 0x0000000782000000, 0x00000007aab00000)
  object space 32768K, 21% used [0x0000000780000000,0x00000007806cd8f0,0x0000000782000000)
 Metaspace       used 27562K, capacity 28752K, committed 28928K, reserved 1073152K
  class space    used 4033K, capacity 4268K, committed 4352K, reserved 1048576K
}

Deoptimization events (10 events):
Event: 8.098 Thread 0x00007fdfbb184800 Uncommon trap: reason=array_check action=maybe_recompile pc=0x000000010e05af58 method=com.sun.javafx.css.SimpleSelector.applies(Ljavafx/css/Styleable;[Ljava/util/Set;I)Z @ 37
Event: 8.098 Thread 0x00007fdfbb184800 Uncommon trap: reason=array_check action=maybe_recompile pc=0x000000010e05af58 method=com.sun.javafx.css.SimpleSelector.applies(Ljavafx/css/Styleable;[Ljava/util/Set;I)Z @ 37
Event: 8.098 Thread 0x00007fdfbb184800 Uncommon trap: reason=array_check action=maybe_recompile pc=0x000000010e05af58 method=com.sun.javafx.css.SimpleSelector.applies(Ljavafx/css/Styleable;[Ljava/util/Set;I)Z @ 37
Event: 8.136 Thread 0x00007fdfbb184800 Uncommon trap: reason=array_check action=maybe_recompile pc=0x000000010e080818 method=com.sun.javafx.css.SimpleSelector.applies(Ljavafx/css/Styleable;[Ljava/util/Set;I)Z @ 37
Event: 8.622 Thread 0x00007fdfbb184800 Uncommon trap: reason=array_check action=maybe_recompile pc=0x000000010e17cb30 method=com.sun.javafx.css.CompoundSelector.applies(Ljavafx/css/Styleable;[Ljava/util/Set;I)Z @ 128
Event: 8.622 Thread 0x00007fdfbb184800 Uncommon trap: reason=array_check action=maybe_recompile pc=0x000000010e17cb30 method=com.sun.javafx.css.CompoundSelector.applies(Ljavafx/css/Styleable;[Ljava/util/Set;I)Z @ 128
Event: 8.622 Thread 0x00007fdfbb184800 Uncommon trap: reason=array_check action=maybe_recompile pc=0x000000010e17cb30 method=com.sun.javafx.css.CompoundSelector.applies(Ljavafx/css/Styleable;[Ljava/util/Set;I)Z @ 128
Event: 8.622 Thread 0x00007fdfbb184800 Uncommon trap: reason=array_check action=maybe_recompile pc=0x000000010e17cb30 method=com.sun.javafx.css.CompoundSelector.applies(Ljavafx/css/Styleable;[Ljava/util/Set;I)Z @ 128
Event: 8.630 Thread 0x00007fdfbb184800 Uncommon trap: reason=unstable_if action=reinterpret pc=0x000000010e147338 method=javafx.scene.CssStyleHelper.lookup(Ljavafx/css/Styleable;Ljavafx/css/CssMetaData;Lcom/sun/javafx/css/StyleMap;Ljava/util/Set;Ljavafx/css/Styleable;Lcom/sun/javafx/css/Calcul
Event: 8.681 Thread 0x00007fdfbb184800 Uncommon trap: reason=unstable_if action=reinterpret pc=0x000000010e18d0fc method=java.lang.Class.privateGetMethodRecursive(Ljava/lang/String;[Ljava/lang/Class;ZLjava/lang/Class$MethodArray;)Ljava/lang/reflect/Method; @ 63

Internal exceptions (10 events):
Event: 6.609 Thread 0x00007fdfbb184800 Exception <a 'java/lang/ClassNotFoundException': com/sun/org/glassfish/hk2/osgiresourcelocator/ServiceLoader> (0x00000007ab8e59f0) thrown at [/HUDSON3/workspace/8-2-build-macosx-x86_64/jdk8u66/4988/hotspot/src/share/vm/classfile/systemDictionary.cpp, line
Event: 6.631 Thread 0x00007fdfbb320000 Exception <a 'java/lang/ClassNotFoundException': com/sun/org/glassfish/hk2/osgiresourcelocator/ServiceLoader> (0x00000007ab9c10f8) thrown at [/HUDSON3/workspace/8-2-build-macosx-x86_64/jdk8u66/4988/hotspot/src/share/vm/classfile/systemDictionary.cpp, line
Event: 6.631 Thread 0x00007fdfbb338000 Exception <a 'java/lang/ClassNotFoundException': com/sun/org/glassfish/hk2/osgiresourcelocator/ServiceLoader> (0x00000007ab97e848) thrown at [/HUDSON3/workspace/8-2-build-macosx-x86_64/jdk8u66/4988/hotspot/src/share/vm/classfile/systemDictionary.cpp, line
Event: 6.729 Thread 0x00007fdfbb184800 Exception <a 'java/lang/NullPointerException'> (0x00000007abc00440) thrown at [/HUDSON3/workspace/8-2-build-macosx-x86_64/jdk8u66/4988/hotspot/src/share/vm/interpreter/linkResolver.cpp, line 1178]
Event: 6.729 Thread 0x00007fdfbb184800 Exception <a 'java/lang/NullPointerException'> (0x00000007abc00440) thrown at [/HUDSON3/workspace/8-2-build-macosx-x86_64/jdk8u66/4988/hotspot/src/share/vm/prims/jvm.cpp, line 1390]
Event: 6.979 Thread 0x00007fdfbb184800 Implicit null exception at 0x000000010db1974c to 0x000000010db19f05
Event: 6.980 Thread 0x00007fdfbb184800 Exception <a 'java/io/FileNotFoundException'> (0x00000007ab067d50) thrown at [/HUDSON3/workspace/8-2-build-macosx-x86_64/jdk8u66/4988/hotspot/src/share/vm/prims/jni.cpp, line 709]
Event: 7.042 Thread 0x00007fdfbb184800 Exception <a 'java/io/FileNotFoundException'> (0x00000007ab18b0c8) thrown at [/HUDSON3/workspace/8-2-build-macosx-x86_64/jdk8u66/4988/hotspot/src/share/vm/prims/jni.cpp, line 709]
Event: 8.346 Thread 0x00007fdfbb184800 Exception <a 'java/io/FileNotFoundException'> (0x00000007aaf2e730) thrown at [/HUDSON3/workspace/8-2-build-macosx-x86_64/jdk8u66/4988/hotspot/src/share/vm/prims/jni.cpp, line 709]
Event: 8.353 Thread 0x00007fdfbb184800 Exception <a 'java/io/FileNotFoundException'> (0x00000007aaf5a658) thrown at [/HUDSON3/workspace/8-2-build-macosx-x86_64/jdk8u66/4988/hotspot/src/share/vm/prims/jni.cpp, line 709]

Events (10 events):
Event: 8.624 Thread 0x00007fdfbb184800 DEOPT PACKING pc=0x000000010e00d8c2 sp=0x00007fff53d68730
Event: 8.624 Thread 0x00007fdfbb184800 DEOPT UNPACKING pc=0x000000010da47633 sp=0x00007fff53d684b0 mode 0
Event: 8.629 Thread 0x00007fdfbb184800 DEOPT PACKING pc=0x000000010e00d8c2 sp=0x00007fff53d688b0
Event: 8.629 Thread 0x00007fdfbb184800 DEOPT UNPACKING pc=0x000000010da47633 sp=0x00007fff53d68630 mode 0
Event: 8.630 Thread 0x00007fdfbb184800 Uncommon trap: trap_request=0xffffff65 fr.pc=0x000000010e147338
Event: 8.630 Thread 0x00007fdfbb184800 DEOPT PACKING pc=0x000000010e147338 sp=0x00007fff53d68d00
Event: 8.630 Thread 0x00007fdfbb184800 DEOPT UNPACKING pc=0x000000010da05229 sp=0x00007fff53d68ca8 mode 2
Event: 8.681 Thread 0x00007fdfbb184800 Uncommon trap: trap_request=0xffffff65 fr.pc=0x000000010e18d0fc
Event: 8.681 Thread 0x00007fdfbb184800 DEOPT PACKING pc=0x000000010e18d0fc sp=0x00007fff53d69120
Event: 8.681 Thread 0x00007fdfbb184800 DEOPT UNPACKING pc=0x000000010da05229 sp=0x00007fff53d69150 mode 2


Dynamic libraries:
0x0000000008616000 	/System/Library/Frameworks/Cocoa.framework/Versions/A/Cocoa
0x0000000008616000 	/System/Library/Frameworks/Security.framework/Versions/A/Security
0x0000000008616000 	/System/Library/Frameworks/ApplicationServices.framework/Versions/A/ApplicationServices
0x0000000008616000 	/usr/lib/libz.1.dylib
0x0000000008616000 	/usr/lib/libSystem.B.dylib
0x0000000008616000 	/usr/lib/libobjc.A.dylib
0x0000000008616000 	/System/Library/Frameworks/CoreFoundation.framework/Versions/A/CoreFoundation
0x0000000008616000 	/System/Library/Frameworks/Foundation.framework/Versions/C/Foundation
0x0000000008616000 	/System/Library/Frameworks/AppKit.framework/Versions/C/AppKit
0x0000000008616000 	/System/Library/Frameworks/CoreData.framework/Versions/A/CoreData
0x0000000008616000 	/System/Library/PrivateFrameworks/RemoteViewServices.framework/Versions/A/RemoteViewServices
0x0000000008616000 	/System/Library/PrivateFrameworks/UIFoundation.framework/Versions/A/UIFoundation
0x0000000008616000 	/usr/lib/libScreenReader.dylib
0x0000000008616000 	/System/Library/Frameworks/Accelerate.framework/Versions/A/Accelerate
0x0000000008616000 	/System/Library/Frameworks/IOSurface.framework/Versions/A/IOSurface
0x0000000008616000 	/System/Library/Frameworks/AudioToolbox.framework/Versions/A/AudioToolbox
0x0000000008616000 	/System/Library/Frameworks/AudioUnit.framework/Versions/A/AudioUnit
0x0000000008616000 	/System/Library/PrivateFrameworks/DataDetectorsCore.framework/Versions/A/DataDetectorsCore
0x0000000008616000 	/System/Library/PrivateFrameworks/DesktopServicesPriv.framework/Versions/A/DesktopServicesPriv
0x0000000008616000 	/System/Library/Frameworks/Carbon.framework/Versions/A/Frameworks/HIToolbox.framework/Versions/A/HIToolbox
0x0000000008616000 	/System/Library/Frameworks/QuartzCore.framework/Versions/A/QuartzCore
0x0000000008616000 	/System/Library/Frameworks/Carbon.framework/Versions/A/Frameworks/SpeechRecognition.framework/Versions/A/SpeechRecognition
0x0000000008616000 	/usr/lib/libauto.dylib
0x0000000008616000 	/usr/lib/libicucore.A.dylib
0x0000000008616000 	/usr/lib/libxml2.2.dylib
0x0000000008616000 	/System/Library/PrivateFrameworks/CoreUI.framework/Versions/A/CoreUI
0x0000000008616000 	/System/Library/Frameworks/CoreAudio.framework/Versions/A/CoreAudio
0x0000000008616000 	/System/Library/Frameworks/DiskArbitration.framework/Versions/A/DiskArbitration
0x0000000008616000 	/usr/lib/liblangid.dylib
0x0000000008616000 	/System/Library/PrivateFrameworks/MultitouchSupport.framework/Versions/A/MultitouchSupport
0x0000000008616000 	/System/Library/Frameworks/IOKit.framework/Versions/A/IOKit
0x0000000008616000 	/usr/lib/libDiagnosticMessagesClient.dylib
0x0000000008616000 	/System/Library/Frameworks/CoreServices.framework/Versions/A/CoreServices
0x0000000008616000 	/System/Library/PrivateFrameworks/PerformanceAnalysis.framework/Versions/A/PerformanceAnalysis
0x0000000008616000 	/System/Library/PrivateFrameworks/GenerationalStorage.framework/Versions/A/GenerationalStorage
0x0000000008616000 	/System/Library/Frameworks/OpenGL.framework/Versions/A/OpenGL
0x0000000008616000 	/System/Library/PrivateFrameworks/Sharing.framework/Versions/A/Sharing
0x0000000008616000 	/System/Library/Frameworks/CoreGraphics.framework/Versions/A/CoreGraphics
0x0000000008616000 	/System/Library/Frameworks/CoreImage.framework/Versions/A/CoreImage
0x0000000008616000 	/System/Library/Frameworks/CoreText.framework/Versions/A/CoreText
0x0000000008616000 	/System/Library/Frameworks/ImageIO.framework/Versions/A/ImageIO
0x0000000008616000 	/System/Library/PrivateFrameworks/Backup.framework/Versions/A/Backup
0x0000000008616000 	/usr/lib/libextension.dylib
0x0000000008616000 	/usr/lib/libarchive.2.dylib
0x0000000008616000 	/System/Library/Frameworks/CFNetwork.framework/Versions/A/CFNetwork
0x0000000008616000 	/System/Library/Frameworks/SystemConfiguration.framework/Versions/A/SystemConfiguration
0x0000000008616000 	/usr/lib/libCRFSuite.dylib
0x0000000008616000 	/usr/lib/libc++.1.dylib
0x0000000008616000 	/usr/lib/libc++abi.dylib
0x0000000008616000 	/usr/lib/system/libcache.dylib
0x0000000008616000 	/usr/lib/system/libcommonCrypto.dylib
0x0000000008616000 	/usr/lib/system/libcompiler_rt.dylib
0x0000000008616000 	/usr/lib/system/libcopyfile.dylib
0x0000000008616000 	/usr/lib/system/libcorecrypto.dylib
0x0000000008616000 	/usr/lib/system/libdispatch.dylib
0x0000000008616000 	/usr/lib/system/libdyld.dylib
0x0000000008616000 	/usr/lib/system/libkeymgr.dylib
0x0000000008616000 	/usr/lib/system/liblaunch.dylib
0x0000000008616000 	/usr/lib/system/libmacho.dylib
0x0000000008616000 	/usr/lib/system/libquarantine.dylib
0x0000000008616000 	/usr/lib/system/libremovefile.dylib
0x0000000008616000 	/usr/lib/system/libsystem_asl.dylib
0x0000000008616000 	/usr/lib/system/libsystem_blocks.dylib
0x0000000008616000 	/usr/lib/system/libsystem_c.dylib
0x0000000008616000 	/usr/lib/system/libsystem_configuration.dylib
0x0000000008616000 	/usr/lib/system/libsystem_coreservices.dylib
0x0000000008616000 	/usr/lib/system/libsystem_coretls.dylib
0x0000000008616000 	/usr/lib/system/libsystem_dnssd.dylib
0x0000000008616000 	/usr/lib/system/libsystem_info.dylib
0x0000000008616000 	/usr/lib/system/libsystem_kernel.dylib
0x0000000008616000 	/usr/lib/system/libsystem_m.dylib
0x0000000008616000 	/usr/lib/system/libsystem_malloc.dylib
0x0000000008616000 	/usr/lib/system/libsystem_network.dylib
0x0000000008616000 	/usr/lib/system/libsystem_networkextension.dylib
0x0000000008616000 	/usr/lib/system/libsystem_notify.dylib
0x0000000008616000 	/usr/lib/system/libsystem_platform.dylib
0x0000000008616000 	/usr/lib/system/libsystem_pthread.dylib
0x0000000008616000 	/usr/lib/system/libsystem_sandbox.dylib
0x0000000008616000 	/usr/lib/system/libsystem_secinit.dylib
0x0000000008616000 	/usr/lib/system/libsystem_trace.dylib
0x0000000008616000 	/usr/lib/system/libunc.dylib
0x0000000008616000 	/usr/lib/system/libunwind.dylib
0x0000000008616000 	/usr/lib/system/libxpc.dylib
0x0000000008616000 	/usr/lib/libenergytrace.dylib
0x0000000008616000 	/usr/lib/libbsm.0.dylib
0x0000000008616000 	/usr/lib/system/libkxld.dylib
0x0000000008616000 	/usr/lib/libxar.1.dylib
0x0000000008616000 	/usr/lib/libsqlite3.dylib
0x0000000008616000 	/usr/lib/libpam.2.dylib
0x0000000008616000 	/usr/lib/libOpenScriptingUtil.dylib
0x0000000008616000 	/usr/lib/libbz2.1.0.dylib
0x0000000008616000 	/usr/lib/liblzma.5.dylib
0x0000000008616000 	/System/Library/Frameworks/CoreServices.framework/Versions/A/Frameworks/FSEvents.framework/Versions/A/FSEvents
0x0000000008616000 	/System/Library/Frameworks/CoreServices.framework/Versions/A/Frameworks/CarbonCore.framework/Versions/A/CarbonCore
0x0000000008616000 	/System/Library/Frameworks/CoreServices.framework/Versions/A/Frameworks/Metadata.framework/Versions/A/Metadata
0x0000000008616000 	/System/Library/Frameworks/CoreServices.framework/Versions/A/Frameworks/OSServices.framework/Versions/A/OSServices
0x0000000008616000 	/System/Library/Frameworks/CoreServices.framework/Versions/A/Frameworks/SearchKit.framework/Versions/A/SearchKit
0x0000000008616000 	/System/Library/Frameworks/CoreServices.framework/Versions/A/Frameworks/AE.framework/Versions/A/AE
0x0000000008616000 	/System/Library/Frameworks/CoreServices.framework/Versions/A/Frameworks/LaunchServices.framework/Versions/A/LaunchServices
0x0000000008616000 	/System/Library/Frameworks/CoreServices.framework/Versions/A/Frameworks/DictionaryServices.framework/Versions/A/DictionaryServices
0x0000000008616000 	/System/Library/Frameworks/CoreServices.framework/Versions/A/Frameworks/SharedFileList.framework/Versions/A/SharedFileList
0x0000000008616000 	/System/Library/Frameworks/NetFS.framework/Versions/A/NetFS
0x0000000008616000 	/System/Library/PrivateFrameworks/NetAuth.framework/Versions/A/NetAuth
0x0000000008616000 	/System/Library/PrivateFrameworks/login.framework/Versions/A/Frameworks/loginsupport.framework/Versions/A/loginsupport
0x0000000008616000 	/System/Library/PrivateFrameworks/TCC.framework/Versions/A/TCC
0x0000000008616000 	/usr/lib/libmecabra.dylib
0x0000000008616000 	/System/Library/Frameworks/ApplicationServices.framework/Versions/A/Frameworks/ATS.framework/Versions/A/ATS
0x0000000008616000 	/System/Library/Frameworks/ApplicationServices.framework/Versions/A/Frameworks/ColorSync.framework/Versions/A/ColorSync
0x0000000008616000 	/System/Library/Frameworks/ApplicationServices.framework/Versions/A/Frameworks/HIServices.framework/Versions/A/HIServices
0x0000000008616000 	/System/Library/Frameworks/ApplicationServices.framework/Versions/A/Frameworks/LangAnalysis.framework/Versions/A/LangAnalysis
0x0000000008616000 	/System/Library/Frameworks/ApplicationServices.framework/Versions/A/Frameworks/PrintCore.framework/Versions/A/PrintCore
0x0000000008616000 	/System/Library/Frameworks/ApplicationServices.framework/Versions/A/Frameworks/QD.framework/Versions/A/QD
0x0000000008616000 	/System/Library/Frameworks/ApplicationServices.framework/Versions/A/Frameworks/SpeechSynthesis.framework/Versions/A/SpeechSynthesis
0x0000000008616000 	/System/Library/Frameworks/Metal.framework/Versions/A/Metal
0x0000000008616000 	/System/Library/Frameworks/Accelerate.framework/Versions/A/Frameworks/vImage.framework/Versions/A/vImage
0x0000000008616000 	/System/Library/Frameworks/Accelerate.framework/Versions/A/Frameworks/vecLib.framework/Versions/A/vecLib
0x0000000008616000 	/System/Library/Frameworks/Accelerate.framework/Versions/A/Frameworks/vecLib.framework/Versions/A/libvDSP.dylib
0x0000000008616000 	/System/Library/Frameworks/Accelerate.framework/Versions/A/Frameworks/vecLib.framework/Versions/A/libvMisc.dylib
0x0000000008616000 	/System/Library/Frameworks/Accelerate.framework/Versions/A/Frameworks/vecLib.framework/Versions/A/libLAPACK.dylib
0x0000000008616000 	/System/Library/Frameworks/Accelerate.framework/Versions/A/Frameworks/vecLib.framework/Versions/A/libBLAS.dylib
0x0000000008616000 	/System/Library/Frameworks/Accelerate.framework/Versions/A/Frameworks/vecLib.framework/Versions/A/libLinearAlgebra.dylib
0x0000000008616000 	/System/Library/Frameworks/Accelerate.framework/Versions/A/Frameworks/vecLib.framework/Versions/A/libSparseBLAS.dylib
0x0000000008616000 	/System/Library/PrivateFrameworks/GPUCompiler.framework/libmetal_timestamp.dylib
0x0000000008616000 	/System/Library/Frameworks/OpenGL.framework/Versions/A/Libraries/libCoreFSCache.dylib
0x0000000008616000 	/System/Library/PrivateFrameworks/IOAccelerator.framework/Versions/A/IOAccelerator
0x0000000008616000 	/System/Library/Frameworks/ApplicationServices.framework/Versions/A/Frameworks/ATS.framework/Versions/A/Resources/libFontParser.dylib
0x0000000008616000 	/System/Library/Frameworks/ApplicationServices.framework/Versions/A/Frameworks/ATS.framework/Versions/A/Resources/libFontRegistry.dylib
0x0000000008616000 	/System/Library/PrivateFrameworks/AppleVPA.framework/Versions/A/AppleVPA
0x0000000008616000 	/System/Library/PrivateFrameworks/AppleJPEG.framework/Versions/A/AppleJPEG
0x0000000008616000 	/System/Library/Frameworks/ImageIO.framework/Versions/A/Resources/libJPEG.dylib
0x0000000008616000 	/System/Library/Frameworks/ImageIO.framework/Versions/A/Resources/libTIFF.dylib
0x0000000008616000 	/System/Library/Frameworks/ImageIO.framework/Versions/A/Resources/libPng.dylib
0x0000000008616000 	/System/Library/Frameworks/ImageIO.framework/Versions/A/Resources/libGIF.dylib
0x0000000008616000 	/System/Library/Frameworks/ImageIO.framework/Versions/A/Resources/libJP2.dylib
0x0000000008616000 	/System/Library/Frameworks/ImageIO.framework/Versions/A/Resources/libRadiance.dylib
0x0000000008616000 	/System/Library/Frameworks/CoreVideo.framework/Versions/A/CoreVideo
0x0000000008616000 	/System/Library/Frameworks/OpenGL.framework/Versions/A/Libraries/libGLU.dylib
0x0000000008616000 	/System/Library/Frameworks/OpenGL.framework/Versions/A/Libraries/libGFXShared.dylib
0x0000000008616000 	/System/Library/Frameworks/OpenGL.framework/Versions/A/Libraries/libGL.dylib
0x0000000008616000 	/System/Library/Frameworks/OpenGL.framework/Versions/A/Libraries/libGLImage.dylib
0x0000000008616000 	/System/Library/Frameworks/OpenGL.framework/Versions/A/Libraries/libCVMSPluginSupport.dylib
0x0000000008616000 	/System/Library/Frameworks/OpenGL.framework/Versions/A/Libraries/libCoreVMClient.dylib
0x0000000008616000 	/usr/lib/libcups.2.dylib
0x0000000008616000 	/System/Library/Frameworks/Kerberos.framework/Versions/A/Kerberos
0x0000000008616000 	/System/Library/Frameworks/GSS.framework/Versions/A/GSS
0x0000000008616000 	/usr/lib/libresolv.9.dylib
0x0000000008616000 	/usr/lib/libiconv.2.dylib
0x0000000008616000 	/System/Library/PrivateFrameworks/Heimdal.framework/Versions/A/Heimdal
0x0000000008616000 	/usr/lib/libheimdal-asn1.dylib
0x0000000008616000 	/System/Library/Frameworks/OpenDirectory.framework/Versions/A/OpenDirectory
0x0000000008616000 	/System/Library/PrivateFrameworks/CommonAuth.framework/Versions/A/CommonAuth
0x0000000008616000 	/System/Library/Frameworks/OpenDirectory.framework/Versions/A/Frameworks/CFOpenDirectory.framework/Versions/A/CFOpenDirectory
0x0000000008616000 	/System/Library/Frameworks/SecurityFoundation.framework/Versions/A/SecurityFoundation
0x0000000008616000 	/System/Library/PrivateFrameworks/LanguageModeling.framework/Versions/A/LanguageModeling
0x0000000008616000 	/usr/lib/libmarisa.dylib
0x0000000008616000 	/usr/lib/libChineseTokenizer.dylib
0x0000000008616000 	/usr/lib/libcmph.dylib
0x0000000008616000 	/usr/lib/libcompression.dylib
0x0000000008616000 	/System/Library/Frameworks/ServiceManagement.framework/Versions/A/ServiceManagement
0x0000000008616000 	/usr/lib/libxslt.1.dylib
0x0000000008616000 	/System/Library/Frameworks/Carbon.framework/Versions/A/Frameworks/Ink.framework/Versions/A/Ink
0x0000000008616000 	/usr/lib/libFosl_dynamic.dylib
0x0000000008616000 	/System/Library/PrivateFrameworks/FaceCore.framework/Versions/A/FaceCore
0x0000000008616000 	/System/Library/Frameworks/OpenCL.framework/Versions/A/OpenCL
0x0000000008616000 	/System/Library/PrivateFrameworks/CrashReporterSupport.framework/Versions/A/CrashReporterSupport
0x0000000008616000 	/System/Library/PrivateFrameworks/IconServices.framework/Versions/A/IconServices
0x0000000008616000 	/System/Library/PrivateFrameworks/Apple80211.framework/Versions/A/Apple80211
0x0000000008616000 	/System/Library/Frameworks/CoreWLAN.framework/Versions/A/CoreWLAN
0x0000000008616000 	/System/Library/Frameworks/IOBluetooth.framework/Versions/A/IOBluetooth
0x0000000008616000 	/System/Library/PrivateFrameworks/CoreWiFi.framework/Versions/A/CoreWiFi
0x0000000008616000 	/System/Library/Frameworks/CoreBluetooth.framework/Versions/A/CoreBluetooth
0x0000000008616000 	/System/Library/PrivateFrameworks/ChunkingLibrary.framework/Versions/A/ChunkingLibrary
0x0000000008616000 	/System/Library/PrivateFrameworks/DebugSymbols.framework/Versions/A/DebugSymbols
0x0000000008616000 	/System/Library/PrivateFrameworks/CoreSymbolication.framework/Versions/A/CoreSymbolication
0x0000000008616000 	/System/Library/PrivateFrameworks/Symbolication.framework/Versions/A/Symbolication
0x0000000008616000 	/System/Library/PrivateFrameworks/SpeechRecognitionCore.framework/Versions/A/SpeechRecognitionCore
0x000000010c109000 	/Library/Java/JavaVirtualMachines/jdk1.8.0_66.jdk/Contents/Home/jre/lib/server/libjvm.dylib
0x0000000008616000 	/usr/lib/libstdc++.6.dylib
0x000000010d093000 	/Library/Java/JavaVirtualMachines/jdk1.8.0_66.jdk/Contents/Home/jre/lib/libverify.dylib
0x000000010d0a1000 	/Library/Java/JavaVirtualMachines/jdk1.8.0_66.jdk/Contents/Home/jre/lib/libjava.dylib
0x000000010d0e0000 	/Library/Java/JavaVirtualMachines/jdk1.8.0_66.jdk/Contents/Home/jre/lib/libzip.dylib
0x0000000120cec000 	/System/Library/Frameworks/JavaVM.framework/Frameworks/JavaRuntimeSupport.framework/JavaRuntimeSupport
0x0000000120d07000 	/System/Library/Frameworks/JavaVM.framework/Versions/A/Frameworks/JavaNativeFoundation.framework/Versions/A/JavaNativeFoundation
0x0000000120d1c000 	/System/Library/Frameworks/JavaVM.framework/Versions/A/JavaVM
0x0000000008616000 	/System/Library/Frameworks/Carbon.framework/Versions/A/Carbon
0x0000000120d29000 	/System/Library/PrivateFrameworks/JavaLaunching.framework/Versions/A/JavaLaunching
0x0000000008616000 	/System/Library/Frameworks/Carbon.framework/Versions/A/Frameworks/CommonPanels.framework/Versions/A/CommonPanels
0x0000000008616000 	/System/Library/Frameworks/Carbon.framework/Versions/A/Frameworks/Help.framework/Versions/A/Help
0x0000000008616000 	/System/Library/Frameworks/Carbon.framework/Versions/A/Frameworks/ImageCapture.framework/Versions/A/ImageCapture
0x0000000008616000 	/System/Library/Frameworks/Carbon.framework/Versions/A/Frameworks/OpenScripting.framework/Versions/A/OpenScripting
0x0000000008616000 	/System/Library/Frameworks/Carbon.framework/Versions/A/Frameworks/Print.framework/Versions/A/Print
0x0000000008616000 	/System/Library/Frameworks/Carbon.framework/Versions/A/Frameworks/SecurityHI.framework/Versions/A/SecurityHI
0x0000000122646000 	/Applications/IntelliJ IDEA 15 CE.app/Contents/bin/libbreakgen64.jnilib
0x000000012264b000 	/Library/Java/JavaVirtualMachines/jdk1.8.0_66.jdk/Contents/Home/jre/lib/libnet.dylib
0x0000000122c22000 	/Library/Java/JavaVirtualMachines/jdk1.8.0_66.jdk/Contents/Home/jre/lib/libawt.dylib
0x0000000122cca000 	/Library/Java/JavaVirtualMachines/jdk1.8.0_66.jdk/Contents/Home/jre/lib/./libmlib_image.dylib
0x0000000122d96000 	/Library/Java/JavaVirtualMachines/jdk1.8.0_66.jdk/Contents/Home/jre/lib/libawt_lwawt.dylib
0x0000000122e4b000 	/Library/Java/JavaVirtualMachines/jdk1.8.0_66.jdk/Contents/Home/jre/lib/./libosxapp.dylib
0x0000000008616000 	/System/Library/Frameworks/ExceptionHandling.framework/Versions/A/ExceptionHandling
0x0000000008616000 	/System/Library/PrivateFrameworks/CoreServicesInternal.framework/Versions/A/CoreServicesInternal
0x0000000008616000 	/System/Library/Frameworks/CoreGraphics.framework/Versions/A/Resources/libRIP.A.dylib
0x0000000008616000 	/System/Library/Frameworks/Accelerate.framework/Versions/A/Frameworks/vImage.framework/Versions/A/Libraries/libCGInterfaces.dylib
0x0000000008616000 	/System/Library/Frameworks/CoreGraphics.framework/Versions/A/Resources/libCGXType.A.dylib
0x0000000008616000 	/System/Library/Frameworks/OpenCL.framework/Versions/A/Libraries/libcldcpuengine.dylib
0x0000000008616000 	/System/Library/PrivateFrameworks/DiskImages.framework/Versions/A/DiskImages
0x0000000008616000 	/System/Library/Frameworks/DiscRecording.framework/Versions/A/DiscRecording
0x0000000008616000 	/usr/lib/libcsfde.dylib
0x0000000008616000 	/usr/lib/libcurl.4.dylib
0x0000000008616000 	/System/Library/PrivateFrameworks/MediaKit.framework/Versions/A/MediaKit
0x0000000008616000 	/System/Library/PrivateFrameworks/ProtectedCloudStorage.framework/Versions/A/ProtectedCloudStorage
0x0000000008616000 	/usr/lib/libCoreStorage.dylib
0x0000000008616000 	/System/Library/PrivateFrameworks/EFILogin.framework/Versions/A/EFILogin
0x0000000008616000 	/usr/lib/libutil.dylib
0x0000000008616000 	/System/Library/PrivateFrameworks/FindMyDevice.framework/Versions/A/FindMyDevice
0x0000000008616000 	/System/Library/Frameworks/LDAP.framework/Versions/A/LDAP
0x0000000008616000 	/usr/lib/libsasl2.2.dylib
0x0000000008616000 	/System/Library/PrivateFrameworks/CoreDaemon.framework/Versions/B/CoreDaemon
0x0000000008616000 	/usr/lib/libcrypto.0.9.8.dylib
0x0000000008616000 	/System/Library/PrivateFrameworks/AppleSRP.framework/Versions/A/AppleSRP
0x0000000008616000 	/System/Library/PrivateFrameworks/TrustEvaluationAgent.framework/Versions/A/TrustEvaluationAgent
0x00000001246ac000 	cl_kernels
0x0000000008616000 	/System/Library/Frameworks/OpenCL.framework/Versions/A/Libraries/ImageFormats/unorm8_bgra.dylib
0x0000000008616000 	/System/Library/Frameworks/OpenCL.framework/Versions/A/Libraries/ImageFormats/unorm8_rgba.dylib
0x0000000008616000 	/System/Library/PrivateFrameworks/FamilyControls.framework/Versions/A/FamilyControls
0x0000000008616000 	/System/Library/PrivateFrameworks/CommerceKit.framework/Versions/A/Frameworks/CommerceCore.framework/Versions/A/CommerceCore
0x0000000008616000 	/System/Library/PrivateFrameworks/SystemAdministration.framework/Versions/A/SystemAdministration
0x0000000008616000 	/System/Library/PrivateFrameworks/AppContainer.framework/Versions/A/AppContainer
0x0000000008616000 	/System/Library/PrivateFrameworks/SecCodeWrapper.framework/Versions/A/SecCodeWrapper
0x0000000008616000 	/System/Library/Frameworks/DirectoryService.framework/Versions/A/DirectoryService
0x0000000008616000 	/System/Library/PrivateFrameworks/LoginUIKit.framework/Versions/A/Frameworks/LoginUICore.framework/Versions/A/LoginUICore
0x0000000008616000 	/usr/lib/libodfde.dylib
0x0000000008616000 	/System/Library/Frameworks/OpenGL.framework/Versions/A/Resources/GLEngine.bundle/GLEngine
0x0000000008616000 	/System/Library/Frameworks/OpenGL.framework/Versions/A/Libraries/libGLProgrammability.dylib
0x0000000125b9e000 	/System/Library/Extensions/AppleIntelHD5000GraphicsGLDriver.bundle/Contents/MacOS/AppleIntelHD5000GraphicsGLDriver
0x0000000008616000 	/System/Library/PrivateFrameworks/GPUSupport.framework/Versions/A/Libraries/libGPUSupportMercury.dylib
0x0000000008616000 	/System/Library/Frameworks/OpenGL.framework/Versions/A/Resources/GLRendererFloat.bundle/GLRendererFloat
0x0000000126d4a000 	/Library/Java/JavaVirtualMachines/jdk1.8.0_66.jdk/Contents/Home/jre/lib/libprism_es2.dylib
0x0000000127186000 	/Library/Java/JavaVirtualMachines/jdk1.8.0_66.jdk/Contents/Home/jre/lib/libglass.dylib
0x0000000122ab7000 	/Library/Java/JavaVirtualMachines/jdk1.8.0_66.jdk/Contents/Home/jre/lib/libosx.dylib
0x0000000122b8e000 	/Library/Java/JavaVirtualMachines/jdk1.8.0_66.jdk/Contents/Home/jre/lib/libnio.dylib
0x0000000122ac5000 	/private/var/folders/_c/sshmvp7j771czrx3qc5rqdkm0000gn/T/jxbrowser-chromium-49.0.2623.110.6.4/data/Temp/libjxbrowser-common64-bc3e2a2e-f9f3-41db-b47e-583c80a1096b.dylib
0x00000001287fc000 	/var/folders/_c/sshmvp7j771czrx3qc5rqdkm0000gn/T/jxbrowser-chromium-49.0.2623.110.6.4/jxbrowser.app/Contents/Frameworks/JxBrowser.framework/Libraries/libjxbrowser.dylib
0x0000000008616000 	/usr/lib/libsandbox.1.dylib
0x0000000008616000 	/System/Library/Frameworks/QTKit.framework/Versions/A/QTKit
0x0000000008616000 	/System/Library/Frameworks/ImageCaptureCore.framework/Versions/A/ImageCaptureCore
0x0000000008616000 	/System/Library/Frameworks/AddressBook.framework/Versions/A/AddressBook
0x0000000008616000 	/System/Library/Frameworks/SecurityInterface.framework/Versions/A/SecurityInterface
0x000000012441e000 	/System/Library/Frameworks/CoreMIDI.framework/Versions/A/CoreMIDI
0x0000000008616000 	/System/Library/Frameworks/Quartz.framework/Versions/A/Quartz
0x0000000008616000 	/usr/lib/libMatch.1.dylib
0x0000000008616000 	/System/Library/Frameworks/AVFoundation.framework/Versions/A/AVFoundation
0x0000000008616000 	/System/Library/Frameworks/CoreMedia.framework/Versions/A/CoreMedia
0x0000000008616000 	/System/Library/Frameworks/MediaToolbox.framework/Versions/A/MediaToolbox
0x0000000008616000 	/System/Library/Frameworks/VideoToolbox.framework/Versions/A/VideoToolbox
0x0000000008616000 	/System/Library/PrivateFrameworks/CoreMediaAuthoring.framework/Versions/A/CoreMediaAuthoring
0x0000000008616000 	/System/Library/Frameworks/CoreMediaIO.framework/Versions/A/CoreMediaIO
0x0000000008616000 	/System/Library/Frameworks/AVFoundation.framework/Versions/A/Resources/libAVFAudio.dylib
0x0000000008616000 	/usr/lib/libspindump.dylib
0x0000000008616000 	/System/Library/PrivateFrameworks/CoreAVCHD.framework/Versions/A/CoreAVCHD
0x0000000008616000 	/System/Library/Frameworks/MediaAccessibility.framework/Versions/A/MediaAccessibility
0x0000000008616000 	/System/Library/PrivateFrameworks/Mangrove.framework/Versions/A/Mangrove
0x0000000008616000 	/System/Library/PrivateFrameworks/CoreAUC.framework/Versions/A/CoreAUC
0x0000000008616000 	/System/Library/PrivateFrameworks/AppleVA.framework/Versions/A/AppleVA
0x0000000008616000 	/System/Library/PrivateFrameworks/XPCService.framework/Versions/A/XPCService
0x0000000008616000 	/System/Library/PrivateFrameworks/AppSandbox.framework/Versions/A/AppSandbox
0x0000000008616000 	/System/Library/PrivateFrameworks/ContactsPersistence.framework/Versions/A/ContactsPersistence
0x0000000008616000 	/System/Library/PrivateFrameworks/ContactsFoundation.framework/Versions/A/ContactsFoundation
0x0000000008616000 	/System/Library/PrivateFrameworks/vCard.framework/Versions/A/vCard
0x0000000008616000 	/System/Library/PrivateFrameworks/IntlPreferences.framework/Versions/A/IntlPreferences
0x0000000008616000 	/System/Library/PrivateFrameworks/ToneLibrary.framework/Versions/A/ToneLibrary
0x0000000008616000 	/System/Library/PrivateFrameworks/ToneKit.framework/Versions/A/ToneKit
0x0000000008616000 	/System/Library/PrivateFrameworks/ApplePushService.framework/Versions/A/ApplePushService
0x0000000008616000 	/System/Library/PrivateFrameworks/PhoneNumbers.framework/Versions/A/PhoneNumbers
0x0000000008616000 	/System/Library/PrivateFrameworks/ViewBridge.framework/Versions/A/ViewBridge
0x0000000008616000 	/System/Library/Frameworks/Quartz.framework/Versions/A/Frameworks/QuartzComposer.framework/Versions/A/QuartzComposer
0x0000000008616000 	/System/Library/Frameworks/Quartz.framework/Versions/A/Frameworks/PDFKit.framework/Versions/A/PDFKit
0x0000000008616000 	/System/Library/Frameworks/Quartz.framework/Versions/A/Frameworks/QuartzFilters.framework/Versions/A/QuartzFilters
0x0000000008616000 	/System/Library/Frameworks/Quartz.framework/Versions/A/Frameworks/ImageKit.framework/Versions/A/ImageKit
0x0000000008616000 	/System/Library/Frameworks/Quartz.framework/Versions/A/Frameworks/QuickLookUI.framework/Versions/A/QuickLookUI
0x0000000008616000 	/System/Library/Frameworks/JavaScriptCore.framework/Versions/A/JavaScriptCore
0x0000000008616000 	/System/Library/PrivateFrameworks/AppleSystemInfo.framework/Versions/A/AppleSystemInfo
0x0000000008616000 	/System/Library/PrivateFrameworks/CorePDF.framework/Versions/A/CorePDF
0x0000000008616000 	/System/Library/Frameworks/QuickLook.framework/Versions/A/QuickLook
0x0000000008616000 	/System/Library/PrivateFrameworks/DisplayServices.framework/Versions/A/DisplayServices
0x0000000008616000 	/System/Library/PrivateFrameworks/SafariServices.framework/Versions/A/SafariServices
0x0000000122b9e000 	/usr/lib/libexpat.1.dylib
0x000000012468b000 	/System/Library/Extensions/AppleHDA.kext/Contents/PlugIns/AppleHDAHALPlugIn.bundle/Contents/MacOS/AppleHDAHALPlugIn
0x0000000122a28000 	/Library/CoreMediaIO/Plug-Ins/DAL/AppleCamera.plugin/Contents/MacOS/AppleCamera
0x000000012438f000 	/Library/Java/JavaVirtualMachines/jdk1.8.0_66.jdk/Contents/Home/jre/lib/libjavafx_font.dylib
0x0000000124632000 	/Library/Java/JavaVirtualMachines/jdk1.8.0_66.jdk/Contents/Home/jre/lib/libprism_common.dylib

VM Arguments:
jvm_args: -ea -Didea.launcher.port=7532 -Didea.launcher.bin.path=/Applications/IntelliJ IDEA 15 CE.app/Contents/bin -Didea.junit.sm_runner -Dfile.encoding=UTF-8 
java_command: com.intellij.rt.execution.application.AppMain com.intellij.rt.execution.junit.JUnitStarter -ideVersion5 @w@/private/var/folders/_c/sshmvp7j771czrx3qc5rqdkm0000gn/T/idea_working_dirs_junit0.tmp @/private/var/folders/_c/sshmvp7j771czrx3qc5rqdkm0000gn/T/idea_junit0.tmp -socket52090
java_class_path (initial): /Applications/IntelliJ IDEA 15 CE.app/Contents/lib/idea_rt.jar:/Applications/IntelliJ IDEA 15 CE.app/Contents/plugins/junit/lib/junit-rt.jar:/Library/Java/JavaVirtualMachines/jdk1.8.0_66.jdk/Contents/Home/jre/lib/charsets.jar:/Library/Java/JavaVirtualMachines/jdk1.8.0_66.jdk/Contents/Home/jre/lib/deploy.jar:/Library/Java/JavaVirtualMachines/jdk1.8.0_66.jdk/Contents/Home/jre/lib/ext/cldrdata.jar:/Library/Java/JavaVirtualMachines/jdk1.8.0_66.jdk/Contents/Home/jre/lib/ext/dnsns.jar:/Library/Java/JavaVirtualMachines/jdk1.8.0_66.jdk/Contents/Home/jre/lib/ext/jaccess.jar:/Library/Java/JavaVirtualMachines/jdk1.8.0_66.jdk/Contents/Home/jre/lib/ext/jfxrt.jar:/Library/Java/JavaVirtualMachines/jdk1.8.0_66.jdk/Contents/Home/jre/lib/ext/localedata.jar:/Library/Java/JavaVirtualMachines/jdk1.8.0_66.jdk/Contents/Home/jre/lib/ext/nashorn.jar:/Library/Java/JavaVirtualMachines/jdk1.8.0_66.jdk/Contents/Home/jre/lib/ext/sunec.jar:/Library/Java/JavaVirtualMachines/jdk1.8.0_66.jdk/Contents/Home/jre/lib/ext/sunjce_provider.jar:/Library/Java/JavaVirtualMachines/jdk1.8.0_66.jdk/Contents/Home/jre/lib/ext/sunpkcs11.jar:/Library/Java/JavaVirtualMachines/jdk1.8.0_66.jdk/Contents/Home/jre/lib/ext/zipfs.jar:/Library/Java/JavaVirtualMachines/jdk1.8.0_66.jdk/Contents/Home/jre/lib/javaws.jar:/Library/Java/JavaVirtualMachines/jdk1.8.0_66.jdk/Contents/Home/jre/lib/jce.jar:/Library/Java/JavaVirtualMachines/jdk1.8.0_66.jdk/Contents/Home/jre/lib/jfr.jar:/Library/Java/JavaVirtualMachines/jdk1.8.0_66.jdk/Contents/Home/jre/lib/jfxswt.jar:/Library/Java/JavaVirtualMachines/jdk1.8.0_66.jdk/Contents/Home/jre/lib/jsse.jar:/Library/Java/JavaVirtualMachines/jdk1.8.0_66.jdk/Contents/Home/jre/lib/management-agent.jar:/Library/Java/JavaVirtualMachines/jdk1.8.0_66.jdk/Contents/Home/jre/lib/plugin.jar:/Library/Java/JavaVirtualMachines/jdk1.8.0_66.jdk/Contents/Home/jre/lib/resources.jar:/Library/Java/JavaVirtualMachines/jdk1.8.0_66.jdk/Contents/Home/jre/lib/rt.jar:/Library/Java/JavaVirtualMac
Launcher Type: SUN_STANDARD

Environment Variables:
JAVA_HOME=/Library/Java/JavaVirtualMachines/jdk1.8.0_66.jdk/Contents/Home
PATH=/usr/local/bin:/usr/bin:/bin:/usr/sbin:/sbin:/opt/X11/bin:/Library/TeX/texbin
SHELL=/bin/bash
DISPLAY=/private/tmp/com.apple.launchd.16xfJVsKiO/org.macosforge.xquartz:0

Signal Handlers:
SIGSEGV: [libjvm.dylib+0x5a65d5], sa_mask[0]=11111111011111110111111111111111, sa_flags=SA_ONSTACK|SA_RESTART|SA_SIGINFO
SIGBUS: [libjvm.dylib+0x5a65d5], sa_mask[0]=11111111011111110111111111111111, sa_flags=SA_RESTART|SA_SIGINFO
SIGFPE: [libjvm.dylib+0x4802e8], sa_mask[0]=11111111011111110111111111111111, sa_flags=SA_RESTART|SA_SIGINFO
SIGPIPE: [libjvm.dylib+0x4802e8], sa_mask[0]=11111111011111110111111111111111, sa_flags=SA_RESTART|SA_SIGINFO
SIGXFSZ: [libjvm.dylib+0x4802e8], sa_mask[0]=11111111011111110111111111111111, sa_flags=SA_RESTART|SA_SIGINFO
SIGILL: [libjvm.dylib+0x4802e8], sa_mask[0]=11111111011111110111111111111111, sa_flags=SA_RESTART|SA_SIGINFO
SIGUSR1: SIG_DFL, sa_mask[0]=00000000000000000000000000000000, sa_flags=none
SIGUSR2: [libjvm.dylib+0x47fe06], sa_mask[0]=00100000000000000000000000000000, sa_flags=SA_RESTART|SA_SIGINFO
SIGHUP: [libjvm.dylib+0x47e3dd], sa_mask[0]=11111111011111110111111111111111, sa_flags=SA_RESTART|SA_SIGINFO
SIGINT: [libjvm.dylib+0x47e3dd], sa_mask[0]=11111111011111110111111111111111, sa_flags=SA_RESTART|SA_SIGINFO
SIGTERM: [libjvm.dylib+0x47e3dd], sa_mask[0]=11111111011111110111111111111111, sa_flags=SA_RESTART|SA_SIGINFO
SIGQUIT: [libjvm.dylib+0x47e3dd], sa_mask[0]=11111111011111110111111111111111, sa_flags=SA_RESTART|SA_SIGINFO


---------------  S Y S T E M  ---------------

OS:Bsduname:Darwin 15.3.0 Darwin Kernel Version 15.3.0: Thu Dec 10 18:40:58 PST 2015; root:xnu-3248.30.4~1/RELEASE_X86_64 x86_64
rlimit: STACK 8192k, CORE 0k, NPROC 709, NOFILE 1024, AS infinity
load average:3.67 2.83 2.37

CPU:total 4 (2 cores per cpu, 2 threads per core) family 6 model 69 stepping 1, cmov, cx8, fxsr, mmx, sse, sse2, sse3, ssse3, sse4.1, sse4.2, popcnt, avx, avx2, aes, clmul, erms, lzcnt, ht, tsc, tscinvbit, bmi1, bmi2

Memory: 4k page, physical 4194304k(54348k free)

/proc/meminfo:


vm_info: Java HotSpot(TM) 64-Bit Server VM (25.66-b17) for bsd-amd64 JRE (1.8.0_66-b17), built on Oct  6 2015 16:09:13 by "java_re" with gcc 4.2.1 (Based on Apple Inc. build 5658) (LLVM build 2336.11.00)

time: Tue May 17 11:00:26 2016
elapsed time: 8 seconds (0d 0h 0m 8s)

