#
# A fatal error has been detected by the Java Runtime Environment:
#
#  SIGSEGV (0xb) at pc=0x00007fff9488b4dd, pid=1127, tid=2571
#
# JRE version: Java(TM) SE Runtime Environment (8.0_66-b17) (build 1.8.0_66-b17)
# Java VM: Java HotSpot(TM) 64-Bit Server VM (25.66-b17 mixed mode bsd-amd64 compressed oops)
# Problematic frame:
# C  [libobjc.A.dylib+0x14dd]  objc_msgSend+0x1d
#
# Failed to write core dump. Core dumps have been disabled. To enable core dumping, try "ulimit -c unlimited" before starting Java again
#
# If you would like to submit a bug report, please visit:
#   http://bugreport.java.com/bugreport/crash.jsp
# The crash happened outside the Java Virtual Machine in native code.
# See problematic frame for where to report the bug.
#

---------------  T H R E A D  ---------------

Current thread (0x00007fd85b970000):  JavaThread "JavaFX Application Thread" daemon [_thread_in_native, id=2571, stack(0x00007fff507a7000,0x00007fff50fa7000)]

siginfo: si_signo: 11 (SIGSEGV), si_code: 1 (SEGV_MAPERR), si_addr: 0x0000000000000018

Registers:
RAX=0x00007fd85d284720, RBX=0x00007fd85d284720, RCX=0x00007fff50f9e3a0, RDX=0x00007fd85d284720
RSP=0x00007fff50f9e318, RBP=0x00007fff50f9e390, RSI=0x00007fff9a16aa8b, RDI=0x00007fd85d3a8550
R8 =0x0000000000000001, R9 =0x00000000ffffe000, R10=0x00007fff9a16aa8b, R11=0x0000000000000000
R12=0x00007fd85ae95360, R13=0x00007fff50f9e5f0, R14=0x00007fd85d3a8550, R15=0x00007fff9488b4c0
RIP=0x00007fff9488b4dd, EFLAGS=0x0000000000010246, ERR=0x0000000000000004
  TRAPNO=0x000000000000000e

Top of Stack: (sp=0x00007fff50f9e318)
0x00007fff50f9e318:   000000012b5c2be3 00007fff50f9e350
0x00007fff50f9e328:   00007fff97c4d5b1 000000010eca4000
0x00007fff50f9e338:   0000000000000020 3ff0000000000000
0x00007fff50f9e348:   3ff0000000000000 00007fff50f9e370
0x00007fff50f9e358:   00007fff97c4c0dc 00007fd85d285f68
0x00007fff50f9e368:   0000000000000020 00007fff50f9e390
0x00007fff50f9e378:   00007fd85afaac60 00007fd85d3a8550
0x00007fff50f9e388:   00007fd85d3c3ab0 00007fff50f9e3d0
0x00007fff50f9e398:   000000012b5c6325 0000000000000000
0x00007fff50f9e3a8:   0000000100000001 00007fff50f9e3d0
0x00007fff50f9e3b8:   00007fff50f9e460 000000012fcdf96d
0x00007fff50f9e3c8:   0000000131931ba8 00007fff50f9e4d0
0x00007fff50f9e3d8:   000000012bbc918a 0000000100000000
0x00007fff50f9e3e8:   0000000150f9e398 0000000000000003
0x00007fff50f9e3f8:   0000000800000001 000000010ec77a00
0x00007fff50f9e408:   0000000000000000 000000010ec74000
0x00007fff50f9e418:   000000010ec78e00 0000000000000001
0x00007fff50f9e428:   0000000000000000 00007fff50f9e520
0x00007fff50f9e438:   00007fff97c4da36 00007fff50f9e470
0x00007fff50f9e448:   00000001001ab50d 00000000001ab642
0x00007fff50f9e458:   0000000000000135 00000000001ab642
0x00007fff50f9e468:   00007fd85ae9c8c0 00007fff00000000
0x00007fff50f9e478:   00007fff50f9fff0 0000000000001400
0x00007fff50f9e488:   000000010ec77a00 000000012b5f4271
0x00007fff50f9e498:   00007ffffffffff8 b8000c3005f3d737
0x00007fff50f9e4a8:   0000000131931ba0 b8000c3005f3d737
0x00007fff50f9e4b8:   00007fd85ae95230 00007fff50f9e5f0
0x00007fff50f9e4c8:   00007fd85ae95338 00007fff50f9e5c0
0x00007fff50f9e4d8:   000000012bbeaf29 ff80000000001002
0x00007fff50f9e4e8:   000000000000ffff 00007fff50f9e510
0x00007fff50f9e4f8:   0000000000000008 0000000000000000
0x00007fff50f9e508:   0000000000000008 000000010ec74000 

Instructions: (pc=0x00007fff9488b4dd)
0x00007fff9488b4bd:   44 00 00 48 85 ff 2e 74 62 40 f6 c7 01 2e 75 66
0x00007fff9488b4cd:   49 bb f8 ff ff ff ff 7f 00 00 4c 23 1f 49 89 f2
0x00007fff9488b4dd:   45 23 53 18 49 c1 e2 04 4d 03 53 10 49 3b 32 75
0x00007fff9488b4ed:   04 41 ff 62 08 49 83 3a 01 76 0d 49 83 c2 10 49 

Register to memory mapping:

RAX=0x00007fd85d284720 is an unknown value
RBX=0x00007fd85d284720 is an unknown value
RCX=0x00007fff50f9e3a0 is pointing into the stack for thread: 0x00007fd85b970000
RDX=0x00007fd85d284720 is an unknown value
RSP=0x00007fff50f9e318 is pointing into the stack for thread: 0x00007fd85b970000
RBP=0x00007fff50f9e390 is pointing into the stack for thread: 0x00007fd85b970000
RSI=0x00007fff9a16aa8b: -[NSTitlebarContainerView transparent]+0xc873 in /System/Library/Frameworks/AppKit.framework/Versions/C/AppKit at 0x00007fff99739000
RDI=0x00007fd85d3a8550 is an unknown value
R8 =0x0000000000000001 is an unknown value
R9 =0x00000000ffffe000 is an unknown value
R10=0x00007fff9a16aa8b: -[NSTitlebarContainerView transparent]+0xc873 in /System/Library/Frameworks/AppKit.framework/Versions/C/AppKit at 0x00007fff99739000
R11=0x0000000000000000 is an unknown value
R12=0x00007fd85ae95360 is an unknown value
R13=0x00007fff50f9e5f0 is pointing into the stack for thread: 0x00007fd85b970000
R14=0x00007fd85d3a8550 is an unknown value
R15=0x00007fff9488b4c0: objc_msgSend+0 in /usr/lib/libobjc.A.dylib at 0x00007fff9488a000


Stack: [0x00007fff507a7000,0x00007fff50fa7000],  sp=0x00007fff50f9e318,  free space=8156k
Native frames: (J=compiled Java code, j=interpreted, Vv=VM code, C=native code)
C  [libobjc.A.dylib+0x14dd]  objc_msgSend+0x1d
C  [libjxbrowser.dylib+0x2f325]  jxb::Browser::Attach(NSView*)+0x85
C  [libjxbrowser.dylib+0x63218a]  base::debug::TaskAnnotator::RunTask(char const*, base::PendingTask const&)+0xca
C  [libjxbrowser.dylib+0x653f29]  base::MessageLoop::RunTask(base::PendingTask const&)+0x1e9
C  [libjxbrowser.dylib+0x654468]  base::MessageLoop::DoWork()+0x278
C  [libjxbrowser.dylib+0x6284e1]  base::MessagePumpCFRunLoopBase::RunWork()+0x31
C  [libjxbrowser.dylib+0x64a91a]  base::mac::CallWithEHFrame(void () block_pointer)+0xa
C  [libjxbrowser.dylib+0x627ee4]  base::MessagePumpCFRunLoopBase::RunWorkSource(void*)+0x44
C  [CoreFoundation+0x7e5c1]  __CFRUNLOOP_IS_CALLING_OUT_TO_A_SOURCE0_PERFORM_FUNCTION__+0x11
C  [CoreFoundation+0x70397]  __CFRunLoopDoSources0+0x1a7
C  [CoreFoundation+0x6f93f]  __CFRunLoopRun+0x39f
C  [CoreFoundation+0x6f338]  CFRunLoopRunSpecific+0x128
C  [HIToolbox+0x30935]  RunCurrentEventLoopInMode+0xeb
C  [HIToolbox+0x3076f]  ReceiveNextEventCommon+0x1b0
C  [HIToolbox+0x305af]  _BlockUntilNextEventMatchingListInModeWithFilter+0x47
C  [AppKit+0x8a0ee]  _DPSNextEvent+0x42b
C  [AppKit+0x456943]  -[NSApplication _nextEventMatchingEventMask:untilDate:inMode:dequeue:]+0x1c6
C  [libosxapp.dylib+0x23aa]  -[NSApplicationAWT nextEventMatchingMask:untilDate:inMode:dequeue:]+0x7c
C  [libjxbrowser.dylib+0x628d26]  base::MessagePumpNSApplication::DoRun(base::MessagePump::Delegate*)+0x106
C  [libjxbrowser.dylib+0x628334]  base::MessagePumpCFRunLoopBase::Run(base::MessagePump::Delegate*)+0x64
C  [libjxbrowser.dylib+0x6661d3]  base::RunLoop::Run()+0x63
C  [libjxbrowser.dylib+0x65369d]  base::MessageLoop::Run()+0x1d
C  [libjxbrowser.dylib+0x2580d]  jxb_main+0x9f
C  [libjxbrowser-common64-2b0b2668-7945-4f4d-a3ef-4d3602ba173c.dylib+0x377f]  +[StartIPCTask runTask:]+0x1a0
C  [Foundation+0x8dd4b]  __NSThreadPerformPerform+0x117
C  [CoreFoundation+0x7e5c1]  __CFRUNLOOP_IS_CALLING_OUT_TO_A_SOURCE0_PERFORM_FUNCTION__+0x11
C  [CoreFoundation+0x7041c]  __CFRunLoopDoSources0+0x22c
C  [CoreFoundation+0x6f93f]  __CFRunLoopRun+0x39f
C  [CoreFoundation+0x6f338]  CFRunLoopRunSpecific+0x128
C  [HIToolbox+0x30935]  RunCurrentEventLoopInMode+0xeb
C  [HIToolbox+0x3076f]  ReceiveNextEventCommon+0x1b0
C  [HIToolbox+0x305af]  _BlockUntilNextEventMatchingListInModeWithFilter+0x47
C  [AppKit+0x8a0ee]  _DPSNextEvent+0x42b
C  [AppKit+0x456943]  -[NSApplication _nextEventMatchingEventMask:untilDate:inMode:dequeue:]+0x1c6
C  [libosxapp.dylib+0x23aa]  -[NSApplicationAWT nextEventMatchingMask:untilDate:inMode:dequeue:]+0x7c
C  [AppKit+0x7ffc8]  -[NSApplication run]+0x2aa
C  [libosxapp.dylib+0x214d]  +[NSApplicationAWT runAWTLoopWithApp:]+0x9c
C  [libawt_lwawt.dylib+0x4455b]  -[AWTStarter starter:]+0x389
C  [Foundation+0x8dd4b]  __NSThreadPerformPerform+0x117
C  [CoreFoundation+0x7e5c1]  __CFRUNLOOP_IS_CALLING_OUT_TO_A_SOURCE0_PERFORM_FUNCTION__+0x11
C  [CoreFoundation+0x7041c]  __CFRunLoopDoSources0+0x22c
C  [CoreFoundation+0x6f93f]  __CFRunLoopRun+0x39f
C  [CoreFoundation+0x6f338]  CFRunLoopRunSpecific+0x128
C  [java+0x6463]  CreateExecutionEnvironment+0x367
C  [java+0x21ac]  JLI_Launch+0x7a0
C  [java+0x84c0]  main+0x65
C  [java+0x1a04]  start+0x34
C  0x000000000000000e


---------------  P R O C E S S  ---------------

Java Threads: ( => current thread )
  0x00007fd85b8d2000 JavaThread "Update Bounds In Screen Task Executor" daemon [_thread_blocked, id=113667, stack(0x000070000ade6000,0x000070000aee6000)]
  0x00007fd85b0c2800 JavaThread "Update Bounds Task Executor" daemon [_thread_blocked, id=113155, stack(0x000070000ace3000,0x000070000ade3000)]
  0x00007fd85c9de800 JavaThread "Prism Font Disposer" daemon [_thread_blocked, id=112391, stack(0x000070000abe0000,0x000070000ace0000)]
  0x00007fd85c971800 JavaThread "Browser Events Thread" [_thread_blocked, id=109827, stack(0x000070000aadd000,0x000070000abdd000)]
  0x00007fd85c971000 JavaThread "IPC Events Thread" [_thread_blocked, id=109315, stack(0x000070000a9da000,0x000070000aada000)]
  0x00007fd85ccc1000 JavaThread "Memory Writer SocketInfo{cid=0, bid=0, channelType=Render}" [_thread_blocked, id=108803, stack(0x000070000a8d7000,0x000070000a9d7000)]
  0x00007fd85ba18800 JavaThread "Socket Connection Checker SocketInfo{cid=0, bid=0, channelType=Render}" [_thread_in_native, id=108291, stack(0x000070000a7d4000,0x000070000a8d4000)]
  0x00007fd85b168000 JavaThread "Thread-13" [_thread_in_native, id=107799, stack(0x000070000a751000,0x000070000a7d1000)]
  0x00007fd85c29d800 JavaThread "Memory Writer SocketInfo{cid=0, bid=0, channelType=Browser}" [_thread_blocked, id=91651, stack(0x000070000a5cb000,0x000070000a6cb000)]
  0x00007fd85c29d000 JavaThread "Socket Connection Checker SocketInfo{cid=0, bid=0, channelType=Browser}" [_thread_in_native, id=91139, stack(0x000070000a4c8000,0x000070000a5c8000)]
  0x00007fd85b42e800 JavaThread "Thread-12" [_thread_in_native, id=89859, stack(0x000070000a3c2000,0x000070000a442000)]
  0x00007fd85bc0e800 JavaThread "Memory Writer SocketInfo{cid=0, bid=-1, channelType=Main}" [_thread_blocked, id=84739, stack(0x00007000091b3000,0x00007000092b3000)]
  0x00007fd85bc0d800 JavaThread "Socket Connection Checker SocketInfo{cid=0, bid=-1, channelType=Main}" [_thread_in_native, id=84227, stack(0x00007000090b0000,0x00007000091b0000)]
  0x00007fd85ba3a000 JavaThread "Thread-11" [_thread_in_native, id=83459, stack(0x0000700008faa000,0x000070000902a000)]
  0x00007fd85b2e7800 JavaThread "IPC Process Thread" daemon [_thread_in_native, id=64515, stack(0x0000700001d77000,0x0000700001e77000)]
  0x00007fd85bafa800 JavaThread "IPC Server Thread" daemon [_thread_in_native, id=64279, stack(0x0000700001c74000,0x0000700001d74000)]
  0x00007fd85ba87000 JavaThread "Timer-0" daemon [_thread_blocked, id=63491, stack(0x0000700001b71000,0x0000700001c71000)]
  0x00007fd85b1c9000 JavaThread "Thread-6" daemon [_thread_blocked, id=62979, stack(0x0000700001a6e000,0x0000700001b6e000)]
  0x00007fd85b24c000 JavaThread "Thread-5" daemon [_thread_in_native, id=62467, stack(0x00007000019eb000,0x0000700001a6b000)]
  0x00007fd85b9ba000 JavaThread "Thread-4" daemon [_thread_blocked, id=60419, stack(0x00007000018e8000,0x00007000019e8000)]
  0x00007fd85cae2800 JavaThread "QuantumRenderer-0" daemon [_thread_blocked, id=59395, stack(0x00007000017e5000,0x00007000018e5000)]
  0x00007fd85b211800 JavaThread "JavaFX-Launcher" daemon [_thread_blocked, id=58883, stack(0x00007000016e2000,0x00007000017e2000)]
  0x00007fd85b20e000 JavaThread "Thread-1" daemon [_thread_blocked, id=58371, stack(0x00007000015df000,0x00007000016df000)]
  0x00007fd85cabc800 JavaThread "Java2D Disposer" daemon [_thread_blocked, id=58127, stack(0x00007000014dc000,0x00007000015dc000)]
  0x00007fd85ca76800 JavaThread "Java2D Queue Flusher" daemon [_thread_blocked, id=55819, stack(0x00007000013d9000,0x00007000014d9000)]
  0x00007fd85c193800 JavaThread "AWT-Shutdown" [_thread_blocked, id=29971, stack(0x0000700001253000,0x0000700001353000)]
=>0x00007fd85b970000 JavaThread "JavaFX Application Thread" daemon [_thread_in_native, id=2571, stack(0x00007fff507a7000,0x00007fff50fa7000)]
  0x00007fd85b089000 JavaThread "Monitor Ctrl-Break" daemon [_thread_in_native, id=19715, stack(0x000070000104a000,0x000070000114a000)]
  0x00007fd85b043800 JavaThread "Service Thread" daemon [_thread_blocked, id=18691, stack(0x0000700000e44000,0x0000700000f44000)]
  0x00007fd85c04f800 JavaThread "C1 CompilerThread2" daemon [_thread_blocked, id=18179, stack(0x0000700000d41000,0x0000700000e41000)]
  0x00007fd85b05f800 JavaThread "C2 CompilerThread1" daemon [_thread_in_native, id=17667, stack(0x0000700000c3e000,0x0000700000d3e000)]
  0x00007fd85b03a800 JavaThread "C2 CompilerThread0" daemon [_thread_blocked, id=17155, stack(0x0000700000b3b000,0x0000700000c3b000)]
  0x00007fd85b00a000 JavaThread "Signal Dispatcher" daemon [_thread_blocked, id=12815, stack(0x0000700000a38000,0x0000700000b38000)]
  0x00007fd85b80e800 JavaThread "Finalizer" daemon [_thread_blocked, id=12291, stack(0x000070000082f000,0x000070000092f000)]
  0x00007fd85b80e000 JavaThread "Reference Handler" daemon [_thread_blocked, id=11779, stack(0x000070000072c000,0x000070000082c000)]
  0x00007fd85c00f000 JavaThread "main" [_thread_blocked, id=5891, stack(0x000070000011a000,0x000070000021a000)]

Other Threads:
  0x00007fd85b80b000 VMThread [stack: 0x0000700000629000,0x0000700000729000] [id=11267]
  0x00007fd85b06a800 WatcherThread [stack: 0x0000700000f47000,0x0000700001047000] [id=19203]

VM state:not at safepoint (normal execution)

VM Mutex/Monitor currently owned by a thread: None

Heap:
 PSYoungGen      total 28160K, used 11574K [0x00000007aab00000, 0x00000007ad300000, 0x00000007c0000000)
  eden space 26112K, 36% used [0x00000007aab00000,0x00000007ab461168,0x00000007ac480000)
  from space 2048K, 96% used [0x00000007ad100000,0x00000007ad2eca80,0x00000007ad300000)
  to   space 6144K, 0% used [0x00000007ac700000,0x00000007ac700000,0x00000007acd00000)
 ParOldGen       total 34816K, used 8414K [0x0000000780000000, 0x0000000782200000, 0x00000007aab00000)
  object space 34816K, 24% used [0x0000000780000000,0x0000000780837a58,0x0000000782200000)
 Metaspace       used 26774K, capacity 27890K, committed 28032K, reserved 1073152K
  class space    used 3964K, capacity 4189K, committed 4224K, reserved 1048576K

Card table byte_map: [0x000000011fb46000,0x000000011fd47000] byte_map_base: 0x000000011bf46000

Marking Bits: (ParMarkBitMap*) 0x00000001100dde20
 Begin Bits: [0x000000011fe9d000, 0x0000000120e9d000)
 End Bits:   [0x0000000120e9d000, 0x0000000121e9d000)

Polling page: 0x000000010ef1c000

CodeCache: size=245760Kb used=5692Kb max_used=5707Kb free=240067Kb
 bounds [0x0000000110786000, 0x0000000110d26000, 0x000000011f786000]
 total_blobs=2540 nmethods=1784 adapters=669
 compilation: enabled

Compilation events (10 events):
Event: 6.880 Thread 0x00007fd85c04f800 1867       1       javafx.event.Event::isConsumed (5 bytes)
Event: 6.880 Thread 0x00007fd85c04f800 nmethod 1867 0x0000000110d14390 code [0x0000000110d144e0, 0x0000000110d145f0]
Event: 6.880 Thread 0x00007fd85c04f800 1901       1       com.sun.javafx.text.TextRun::getGlyphCount (5 bytes)
Event: 6.880 Thread 0x00007fd85c04f800 nmethod 1901 0x0000000110d14650 code [0x0000000110d147a0, 0x0000000110d148b0]
Event: 6.880 Thread 0x00007fd85c04f800 1887       1       javafx.geometry.Pos::getVpos (5 bytes)
Event: 6.880 Thread 0x00007fd85c04f800 nmethod 1887 0x0000000110d14910 code [0x0000000110d14a60, 0x0000000110d14b70]
Event: 6.881 Thread 0x00007fd85b03a800 nmethod 1835 0x0000000110d17dd0 code [0x0000000110d17f60, 0x0000000110d18578]
Event: 6.881 Thread 0x00007fd85b03a800 1869       4       com.sun.javafx.css.CompoundSelector::applies (144 bytes)
Event: 6.882 Thread 0x00007fd85c04f800 1915       3       java.util.concurrent.locks.ReentrantLock::unlock (10 bytes)
Event: 6.883 Thread 0x00007fd85c04f800 nmethod 1915 0x0000000110d17710 code [0x0000000110d178a0, 0x0000000110d17c98]

GC Heap History (10 events):
Event: 4.430 GC heap before
{Heap before GC invocations=3 (full 0):
 PSYoungGen      total 18944K, used 18926K [0x00000007aab00000, 0x00000007ac000000, 0x00000007c0000000)
  eden space 16384K, 100% used [0x00000007aab00000,0x00000007abb00000,0x00000007abb00000)
  from space 2560K, 99% used [0x00000007abd80000,0x00000007abffb838,0x00000007ac000000)
  to   space 2560K, 0% used [0x00000007abb00000,0x00000007abb00000,0x00000007abd80000)
 ParOldGen       total 44032K, used 1887K [0x0000000780000000, 0x0000000782b00000, 0x00000007aab00000)
  object space 44032K, 4% used [0x0000000780000000,0x00000007801d7cf8,0x0000000782b00000)
 Metaspace       used 13858K, capacity 14172K, committed 14464K, reserved 1062912K
  class space    used 1755K, capacity 1839K, committed 1920K, reserved 1048576K
Event: 4.437 GC heap after
Heap after GC invocations=3 (full 0):
 PSYoungGen      total 18944K, used 2557K [0x00000007aab00000, 0x00000007ad000000, 0x00000007c0000000)
  eden space 16384K, 0% used [0x00000007aab00000,0x00000007aab00000,0x00000007abb00000)
  from space 2560K, 99% used [0x00000007abb00000,0x00000007abd7f710,0x00000007abd80000)
  to   space 2560K, 0% used [0x00000007acd80000,0x00000007acd80000,0x00000007ad000000)
 ParOldGen       total 44032K, used 3667K [0x0000000780000000, 0x0000000782b00000, 0x00000007aab00000)
  object space 44032K, 8% used [0x0000000780000000,0x0000000780394d58,0x0000000782b00000)
 Metaspace       used 13858K, capacity 14172K, committed 14464K, reserved 1062912K
  class space    used 1755K, capacity 1839K, committed 1920K, reserved 1048576K
}
Event: 5.426 GC heap before
{Heap before GC invocations=4 (full 0):
 PSYoungGen      total 18944K, used 18941K [0x00000007aab00000, 0x00000007ad000000, 0x00000007c0000000)
  eden space 16384K, 100% used [0x00000007aab00000,0x00000007abb00000,0x00000007abb00000)
  from space 2560K, 99% used [0x00000007abb00000,0x00000007abd7f710,0x00000007abd80000)
  to   space 2560K, 0% used [0x00000007acd80000,0x00000007acd80000,0x00000007ad000000)
 ParOldGen       total 44032K, used 3667K [0x0000000780000000, 0x0000000782b00000, 0x00000007aab00000)
  object space 44032K, 8% used [0x0000000780000000,0x0000000780394d58,0x0000000782b00000)
 Metaspace       used 17255K, capacity 17612K, committed 17792K, reserved 1064960K
  class space    used 2284K, capacity 2425K, committed 2432K, reserved 1048576K
Event: 5.434 GC heap after
Heap after GC invocations=4 (full 0):
 PSYoungGen      total 18944K, used 2539K [0x00000007aab00000, 0x00000007ad000000, 0x00000007c0000000)
  eden space 16384K, 0% used [0x00000007aab00000,0x00000007aab00000,0x00000007abb00000)
  from space 2560K, 99% used [0x00000007acd80000,0x00000007acffae10,0x00000007ad000000)
  to   space 2560K, 0% used [0x00000007abb00000,0x00000007abb00000,0x00000007abd80000)
 ParOldGen       total 44032K, used 5658K [0x0000000780000000, 0x0000000782b00000, 0x00000007aab00000)
  object space 44032K, 12% used [0x0000000780000000,0x0000000780586bd8,0x0000000782b00000)
 Metaspace       used 17255K, capacity 17612K, committed 17792K, reserved 1064960K
  class space    used 2284K, capacity 2425K, committed 2432K, reserved 1048576K
}
Event: 5.651 GC heap before
{Heap before GC invocations=5 (full 0):
 PSYoungGen      total 18944K, used 9948K [0x00000007aab00000, 0x00000007ad000000, 0x00000007c0000000)
  eden space 16384K, 45% used [0x00000007aab00000,0x00000007ab23c238,0x00000007abb00000)
  from space 2560K, 99% used [0x00000007acd80000,0x00000007acffae10,0x00000007ad000000)
  to   space 2560K, 0% used [0x00000007abb00000,0x00000007abb00000,0x00000007abd80000)
 ParOldGen       total 44032K, used 5658K [0x0000000780000000, 0x0000000782b00000, 0x00000007aab00000)
  object space 44032K, 12% used [0x0000000780000000,0x0000000780586bd8,0x0000000782b00000)
 Metaspace       used 20659K, capacity 21136K, committed 21296K, reserved 1067008K
  class space    used 2792K, capacity 2928K, committed 2944K, reserved 1048576K
Event: 5.658 GC heap after
Heap after GC invocations=5 (full 0):
 PSYoungGen      total 18944K, used 2555K [0x00000007aab00000, 0x00000007ad700000, 0x00000007c0000000)
  eden space 16384K, 0% used [0x00000007aab00000,0x00000007aab00000,0x00000007abb00000)
  from space 2560K, 99% used [0x00000007abb00000,0x00000007abd7ee00,0x00000007abd80000)
  to   space 6144K, 0% used [0x00000007ad100000,0x00000007ad100000,0x00000007ad700000)
 ParOldGen       total 44032K, used 7368K [0x0000000780000000, 0x0000000782b00000, 0x00000007aab00000)
  object space 44032K, 16% used [0x0000000780000000,0x0000000780732010,0x0000000782b00000)
 Metaspace       used 20659K, capacity 21136K, committed 21296K, reserved 1067008K
  class space    used 2792K, capacity 2928K, committed 2944K, reserved 1048576K
}
Event: 5.658 GC heap before
{Heap before GC invocations=6 (full 1):
 PSYoungGen      total 18944K, used 2555K [0x00000007aab00000, 0x00000007ad700000, 0x00000007c0000000)
  eden space 16384K, 0% used [0x00000007aab00000,0x00000007aab00000,0x00000007abb00000)
  from space 2560K, 99% used [0x00000007abb00000,0x00000007abd7ee00,0x00000007abd80000)
  to   space 6144K, 0% used [0x00000007ad100000,0x00000007ad100000,0x00000007ad700000)
 ParOldGen       total 44032K, used 7368K [0x0000000780000000, 0x0000000782b00000, 0x00000007aab00000)
  object space 44032K, 16% used [0x0000000780000000,0x0000000780732010,0x0000000782b00000)
 Metaspace       used 20659K, capacity 21136K, committed 21296K, reserved 1067008K
  class space    used 2792K, capacity 2928K, committed 2944K, reserved 1048576K
Event: 5.714 GC heap after
Heap after GC invocations=6 (full 1):
 PSYoungGen      total 18944K, used 0K [0x00000007aab00000, 0x00000007ad700000, 0x00000007c0000000)
  eden space 16384K, 0% used [0x00000007aab00000,0x00000007aab00000,0x00000007abb00000)
  from space 2560K, 0% used [0x00000007abb00000,0x00000007abb00000,0x00000007abd80000)
  to   space 6144K, 0% used [0x00000007ad100000,0x00000007ad100000,0x00000007ad700000)
 ParOldGen       total 34816K, used 8406K [0x0000000780000000, 0x0000000782200000, 0x00000007aab00000)
  object space 34816K, 24% used [0x0000000780000000,0x0000000780835a58,0x0000000782200000)
 Metaspace       used 20659K, capacity 21136K, committed 21296K, reserved 1067008K
  class space    used 2792K, capacity 2928K, committed 2944K, reserved 1048576K
}
Event: 6.499 GC heap before
{Heap before GC invocations=7 (full 1):
 PSYoungGen      total 18944K, used 16384K [0x00000007aab00000, 0x00000007ad700000, 0x00000007c0000000)
  eden space 16384K, 100% used [0x00000007aab00000,0x00000007abb00000,0x00000007abb00000)
  from space 2560K, 0% used [0x00000007abb00000,0x00000007abb00000,0x00000007abd80000)
  to   space 6144K, 0% used [0x00000007ad100000,0x00000007ad100000,0x00000007ad700000)
 ParOldGen       total 34816K, used 8406K [0x0000000780000000, 0x0000000782200000, 0x00000007aab00000)
  object space 34816K, 24% used [0x0000000780000000,0x0000000780835a58,0x0000000782200000)
 Metaspace       used 25492K, capacity 26438K, committed 26496K, reserved 1071104K
  class space    used 3751K, capacity 3955K, committed 3968K, reserved 1048576K
Event: 6.508 GC heap after
Heap after GC invocations=7 (full 1):
 PSYoungGen      total 28160K, used 1970K [0x00000007aab00000, 0x00000007ad300000, 0x00000007c0000000)
  eden space 26112K, 0% used [0x00000007aab00000,0x00000007aab00000,0x00000007ac480000)
  from space 2048K, 96% used [0x00000007ad100000,0x00000007ad2eca80,0x00000007ad300000)
  to   space 6144K, 0% used [0x00000007ac700000,0x00000007ac700000,0x00000007acd00000)
 ParOldGen       total 34816K, used 8414K [0x0000000780000000, 0x0000000782200000, 0x00000007aab00000)
  object space 34816K, 24% used [0x0000000780000000,0x0000000780837a58,0x0000000782200000)
 Metaspace       used 25492K, capacity 26438K, committed 26496K, reserved 1071104K
  class space    used 3751K, capacity 3955K, committed 3968K, reserved 1048576K
}

Deoptimization events (10 events):
Event: 6.148 Thread 0x00007fd85b970000 Uncommon trap: reason=unstable_if action=reinterpret pc=0x000000011092e874 method=java.io.UnixFileSystem.normalize(Ljava/lang/String;)Ljava/lang/String; @ 34
Event: 6.150 Thread 0x00007fd85b970000 Uncommon trap: reason=unstable_if action=reinterpret pc=0x0000000110b31714 method=java.lang.StringCoding$StringDecoder.decode([BII)[C @ 33
Event: 6.161 Thread 0x00007fd85b970000 Uncommon trap: reason=unstable_if action=reinterpret pc=0x00000001108f8028 method=java.io.UnixFileSystem.normalize(Ljava/lang/String;)Ljava/lang/String; @ 34
Event: 6.441 Thread 0x00007fd85b970000 Uncommon trap: reason=unstable_if action=reinterpret pc=0x0000000110b5501c method=java.net.URL.<init>(Ljava/net/URL;Ljava/lang/String;Ljava/net/URLStreamHandler;)V @ 347
Event: 6.463 Thread 0x00007fd85b970000 Uncommon trap: reason=unstable_if action=reinterpret pc=0x0000000110b4d4fc method=java.lang.ClassLoader.checkName(Ljava/lang/String;)Z @ 20
Event: 6.807 Thread 0x00007fd85b970000 Uncommon trap: reason=array_check action=maybe_recompile pc=0x0000000110d087c0 method=com.sun.javafx.css.SimpleSelector.applies(Ljavafx/css/Styleable;[Ljava/util/Set;I)Z @ 37
Event: 6.807 Thread 0x00007fd85b970000 Uncommon trap: reason=array_check action=maybe_recompile pc=0x0000000110d087c0 method=com.sun.javafx.css.SimpleSelector.applies(Ljavafx/css/Styleable;[Ljava/util/Set;I)Z @ 37
Event: 6.807 Thread 0x00007fd85b970000 Uncommon trap: reason=array_check action=maybe_recompile pc=0x0000000110d087c0 method=com.sun.javafx.css.SimpleSelector.applies(Ljavafx/css/Styleable;[Ljava/util/Set;I)Z @ 37
Event: 6.808 Thread 0x00007fd85b970000 Uncommon trap: reason=array_check action=maybe_recompile pc=0x0000000110d087c0 method=com.sun.javafx.css.SimpleSelector.applies(Ljavafx/css/Styleable;[Ljava/util/Set;I)Z @ 37
Event: 6.852 Thread 0x00007fd85b970000 Uncommon trap: reason=unstable_if action=reinterpret pc=0x0000000110bde73c method=jdk.internal.org.objectweb.asm.Type.getArgumentsAndReturnSizes(Ljava/lang/String;)I @ 47

Internal exceptions (10 events):
Event: 5.390 Thread 0x00007fd85b970000 Exception <a 'java/lang/ArrayIndexOutOfBoundsException': 42> (0x00000007ab9d0870) thrown at [/HUDSON3/workspace/8-2-build-macosx-x86_64/jdk8u66/4988/hotspot/src/share/vm/interpreter/interpreterRuntime.cpp, line 366]
Event: 5.473 Thread 0x00007fd85b970000 Exception <a 'java/lang/NullPointerException'> (0x00000007aab5cdc0) thrown at [/HUDSON3/workspace/8-2-build-macosx-x86_64/jdk8u66/4988/hotspot/src/share/vm/interpreter/linkResolver.cpp, line 1178]
Event: 5.473 Thread 0x00007fd85b970000 Exception <a 'java/lang/reflect/InvocationTargetException'> (0x00000007aab5cfc8) thrown at [/HUDSON3/workspace/8-2-build-macosx-x86_64/jdk8u66/4988/hotspot/src/share/vm/runtime/reflection.cpp, line 1092]
Event: 5.534 Thread 0x00007fd85b970000 Exception <a 'java/lang/NullPointerException'> (0x00000007aad54360) thrown at [/HUDSON3/workspace/8-2-build-macosx-x86_64/jdk8u66/4988/hotspot/src/share/vm/interpreter/linkResolver.cpp, line 1178]
Event: 5.534 Thread 0x00007fd85b970000 Exception <a 'java/lang/NullPointerException'> (0x00000007aad54360) thrown at [/HUDSON3/workspace/8-2-build-macosx-x86_64/jdk8u66/4988/hotspot/src/share/vm/prims/jvm.cpp, line 1390]
Event: 5.737 Thread 0x00007fd85b970000 Implicit null exception at 0x0000000110b2ea0c to 0x0000000110b2f1c1
Event: 5.737 Thread 0x00007fd85b970000 Exception <a 'java/io/FileNotFoundException'> (0x00000007aabac400) thrown at [/HUDSON3/workspace/8-2-build-macosx-x86_64/jdk8u66/4988/hotspot/src/share/vm/prims/jni.cpp, line 709]
Event: 5.787 Thread 0x00007fd85b970000 Exception <a 'java/io/FileNotFoundException'> (0x00000007aacd43c8) thrown at [/HUDSON3/workspace/8-2-build-macosx-x86_64/jdk8u66/4988/hotspot/src/share/vm/prims/jni.cpp, line 709]
Event: 6.623 Thread 0x00007fd85b970000 Exception <a 'java/io/FileNotFoundException'> (0x00000007aad24b80) thrown at [/HUDSON3/workspace/8-2-build-macosx-x86_64/jdk8u66/4988/hotspot/src/share/vm/prims/jni.cpp, line 709]
Event: 6.630 Thread 0x00007fd85b970000 Exception <a 'java/io/FileNotFoundException'> (0x00000007aad98380) thrown at [/HUDSON3/workspace/8-2-build-macosx-x86_64/jdk8u66/4988/hotspot/src/share/vm/prims/jni.cpp, line 709]

Events (10 events):
Event: 6.867 loading class com/sun/prism/impl/ps/CachingShapeRepState$CacheEntry
Event: 6.867 loading class com/sun/prism/impl/ps/CachingShapeRepState$CacheEntry done
Event: 6.867 loading class com/sun/prism/impl/ps/CachingShapeRepState$CacheEntry
Event: 6.867 loading class com/sun/prism/impl/ps/CachingShapeRepState$CacheEntry done
Event: 6.867 loading class com/sun/prism/impl/ps/CachingShapeRepState$CacheEntry
Event: 6.867 loading class com/sun/prism/impl/ps/CachingShapeRepState$CacheEntry done
Event: 6.868 loading class com/sun/prism/impl/ps/CachingShapeRepState$MaskTexData
Event: 6.868 loading class com/sun/prism/impl/ps/CachingShapeRepState$MaskTexData done
Event: 6.868 loading class com/sun/prism/impl/ps/CachingShapeRepState$CSRDisposerRecord
Event: 6.868 loading class com/sun/prism/impl/ps/CachingShapeRepState$CSRDisposerRecord done


Dynamic libraries:
0x0000000009239000 	/System/Library/Frameworks/Cocoa.framework/Versions/A/Cocoa
0x0000000009239000 	/System/Library/Frameworks/Security.framework/Versions/A/Security
0x0000000009239000 	/System/Library/Frameworks/ApplicationServices.framework/Versions/A/ApplicationServices
0x0000000009239000 	/usr/lib/libz.1.dylib
0x0000000009239000 	/usr/lib/libSystem.B.dylib
0x0000000009239000 	/usr/lib/libobjc.A.dylib
0x0000000009239000 	/System/Library/Frameworks/CoreFoundation.framework/Versions/A/CoreFoundation
0x0000000009239000 	/System/Library/Frameworks/Foundation.framework/Versions/C/Foundation
0x0000000009239000 	/System/Library/Frameworks/AppKit.framework/Versions/C/AppKit
0x0000000009239000 	/System/Library/Frameworks/CoreData.framework/Versions/A/CoreData
0x0000000009239000 	/System/Library/PrivateFrameworks/RemoteViewServices.framework/Versions/A/RemoteViewServices
0x0000000009239000 	/System/Library/PrivateFrameworks/UIFoundation.framework/Versions/A/UIFoundation
0x0000000009239000 	/usr/lib/libScreenReader.dylib
0x0000000009239000 	/System/Library/Frameworks/Accelerate.framework/Versions/A/Accelerate
0x0000000009239000 	/System/Library/Frameworks/IOSurface.framework/Versions/A/IOSurface
0x0000000009239000 	/System/Library/Frameworks/AudioToolbox.framework/Versions/A/AudioToolbox
0x0000000009239000 	/System/Library/Frameworks/AudioUnit.framework/Versions/A/AudioUnit
0x0000000009239000 	/System/Library/PrivateFrameworks/DataDetectorsCore.framework/Versions/A/DataDetectorsCore
0x0000000009239000 	/System/Library/PrivateFrameworks/DesktopServicesPriv.framework/Versions/A/DesktopServicesPriv
0x0000000009239000 	/System/Library/Frameworks/Carbon.framework/Versions/A/Frameworks/HIToolbox.framework/Versions/A/HIToolbox
0x0000000009239000 	/System/Library/Frameworks/QuartzCore.framework/Versions/A/QuartzCore
0x0000000009239000 	/System/Library/Frameworks/Carbon.framework/Versions/A/Frameworks/SpeechRecognition.framework/Versions/A/SpeechRecognition
0x0000000009239000 	/usr/lib/libauto.dylib
0x0000000009239000 	/usr/lib/libicucore.A.dylib
0x0000000009239000 	/usr/lib/libxml2.2.dylib
0x0000000009239000 	/System/Library/PrivateFrameworks/CoreUI.framework/Versions/A/CoreUI
0x0000000009239000 	/System/Library/Frameworks/CoreAudio.framework/Versions/A/CoreAudio
0x0000000009239000 	/System/Library/Frameworks/DiskArbitration.framework/Versions/A/DiskArbitration
0x0000000009239000 	/usr/lib/liblangid.dylib
0x0000000009239000 	/System/Library/PrivateFrameworks/MultitouchSupport.framework/Versions/A/MultitouchSupport
0x0000000009239000 	/System/Library/Frameworks/IOKit.framework/Versions/A/IOKit
0x0000000009239000 	/usr/lib/libDiagnosticMessagesClient.dylib
0x0000000009239000 	/System/Library/Frameworks/CoreServices.framework/Versions/A/CoreServices
0x0000000009239000 	/System/Library/PrivateFrameworks/PerformanceAnalysis.framework/Versions/A/PerformanceAnalysis
0x0000000009239000 	/System/Library/PrivateFrameworks/GenerationalStorage.framework/Versions/A/GenerationalStorage
0x0000000009239000 	/System/Library/Frameworks/OpenGL.framework/Versions/A/OpenGL
0x0000000009239000 	/System/Library/PrivateFrameworks/Sharing.framework/Versions/A/Sharing
0x0000000009239000 	/System/Library/Frameworks/CoreGraphics.framework/Versions/A/CoreGraphics
0x0000000009239000 	/System/Library/Frameworks/CoreImage.framework/Versions/A/CoreImage
0x0000000009239000 	/System/Library/Frameworks/CoreText.framework/Versions/A/CoreText
0x0000000009239000 	/System/Library/Frameworks/ImageIO.framework/Versions/A/ImageIO
0x0000000009239000 	/System/Library/PrivateFrameworks/Backup.framework/Versions/A/Backup
0x0000000009239000 	/usr/lib/libextension.dylib
0x0000000009239000 	/usr/lib/libarchive.2.dylib
0x0000000009239000 	/System/Library/Frameworks/CFNetwork.framework/Versions/A/CFNetwork
0x0000000009239000 	/System/Library/Frameworks/SystemConfiguration.framework/Versions/A/SystemConfiguration
0x0000000009239000 	/usr/lib/libCRFSuite.dylib
0x0000000009239000 	/usr/lib/libc++.1.dylib
0x0000000009239000 	/usr/lib/libc++abi.dylib
0x0000000009239000 	/usr/lib/system/libcache.dylib
0x0000000009239000 	/usr/lib/system/libcommonCrypto.dylib
0x0000000009239000 	/usr/lib/system/libcompiler_rt.dylib
0x0000000009239000 	/usr/lib/system/libcopyfile.dylib
0x0000000009239000 	/usr/lib/system/libcorecrypto.dylib
0x0000000009239000 	/usr/lib/system/libdispatch.dylib
0x0000000009239000 	/usr/lib/system/libdyld.dylib
0x0000000009239000 	/usr/lib/system/libkeymgr.dylib
0x0000000009239000 	/usr/lib/system/liblaunch.dylib
0x0000000009239000 	/usr/lib/system/libmacho.dylib
0x0000000009239000 	/usr/lib/system/libquarantine.dylib
0x0000000009239000 	/usr/lib/system/libremovefile.dylib
0x0000000009239000 	/usr/lib/system/libsystem_asl.dylib
0x0000000009239000 	/usr/lib/system/libsystem_blocks.dylib
0x0000000009239000 	/usr/lib/system/libsystem_c.dylib
0x0000000009239000 	/usr/lib/system/libsystem_configuration.dylib
0x0000000009239000 	/usr/lib/system/libsystem_coreservices.dylib
0x0000000009239000 	/usr/lib/system/libsystem_coretls.dylib
0x0000000009239000 	/usr/lib/system/libsystem_dnssd.dylib
0x0000000009239000 	/usr/lib/system/libsystem_info.dylib
0x0000000009239000 	/usr/lib/system/libsystem_kernel.dylib
0x0000000009239000 	/usr/lib/system/libsystem_m.dylib
0x0000000009239000 	/usr/lib/system/libsystem_malloc.dylib
0x0000000009239000 	/usr/lib/system/libsystem_network.dylib
0x0000000009239000 	/usr/lib/system/libsystem_networkextension.dylib
0x0000000009239000 	/usr/lib/system/libsystem_notify.dylib
0x0000000009239000 	/usr/lib/system/libsystem_platform.dylib
0x0000000009239000 	/usr/lib/system/libsystem_pthread.dylib
0x0000000009239000 	/usr/lib/system/libsystem_sandbox.dylib
0x0000000009239000 	/usr/lib/system/libsystem_secinit.dylib
0x0000000009239000 	/usr/lib/system/libsystem_trace.dylib
0x0000000009239000 	/usr/lib/system/libunc.dylib
0x0000000009239000 	/usr/lib/system/libunwind.dylib
0x0000000009239000 	/usr/lib/system/libxpc.dylib
0x0000000009239000 	/usr/lib/libenergytrace.dylib
0x0000000009239000 	/usr/lib/libbsm.0.dylib
0x0000000009239000 	/usr/lib/system/libkxld.dylib
0x0000000009239000 	/usr/lib/libxar.1.dylib
0x0000000009239000 	/usr/lib/libsqlite3.dylib
0x0000000009239000 	/usr/lib/libpam.2.dylib
0x0000000009239000 	/usr/lib/libOpenScriptingUtil.dylib
0x0000000009239000 	/usr/lib/libbz2.1.0.dylib
0x0000000009239000 	/usr/lib/liblzma.5.dylib
0x0000000009239000 	/System/Library/Frameworks/CoreServices.framework/Versions/A/Frameworks/FSEvents.framework/Versions/A/FSEvents
0x0000000009239000 	/System/Library/Frameworks/CoreServices.framework/Versions/A/Frameworks/CarbonCore.framework/Versions/A/CarbonCore
0x0000000009239000 	/System/Library/Frameworks/CoreServices.framework/Versions/A/Frameworks/Metadata.framework/Versions/A/Metadata
0x0000000009239000 	/System/Library/Frameworks/CoreServices.framework/Versions/A/Frameworks/OSServices.framework/Versions/A/OSServices
0x0000000009239000 	/System/Library/Frameworks/CoreServices.framework/Versions/A/Frameworks/SearchKit.framework/Versions/A/SearchKit
0x0000000009239000 	/System/Library/Frameworks/CoreServices.framework/Versions/A/Frameworks/AE.framework/Versions/A/AE
0x0000000009239000 	/System/Library/Frameworks/CoreServices.framework/Versions/A/Frameworks/LaunchServices.framework/Versions/A/LaunchServices
0x0000000009239000 	/System/Library/Frameworks/CoreServices.framework/Versions/A/Frameworks/DictionaryServices.framework/Versions/A/DictionaryServices
0x0000000009239000 	/System/Library/Frameworks/CoreServices.framework/Versions/A/Frameworks/SharedFileList.framework/Versions/A/SharedFileList
0x0000000009239000 	/System/Library/Frameworks/NetFS.framework/Versions/A/NetFS
0x0000000009239000 	/System/Library/PrivateFrameworks/NetAuth.framework/Versions/A/NetAuth
0x0000000009239000 	/System/Library/PrivateFrameworks/login.framework/Versions/A/Frameworks/loginsupport.framework/Versions/A/loginsupport
0x0000000009239000 	/System/Library/PrivateFrameworks/TCC.framework/Versions/A/TCC
0x0000000009239000 	/usr/lib/libmecabra.dylib
0x0000000009239000 	/System/Library/Frameworks/ApplicationServices.framework/Versions/A/Frameworks/ATS.framework/Versions/A/ATS
0x0000000009239000 	/System/Library/Frameworks/ApplicationServices.framework/Versions/A/Frameworks/ColorSync.framework/Versions/A/ColorSync
0x0000000009239000 	/System/Library/Frameworks/ApplicationServices.framework/Versions/A/Frameworks/HIServices.framework/Versions/A/HIServices
0x0000000009239000 	/System/Library/Frameworks/ApplicationServices.framework/Versions/A/Frameworks/LangAnalysis.framework/Versions/A/LangAnalysis
0x0000000009239000 	/System/Library/Frameworks/ApplicationServices.framework/Versions/A/Frameworks/PrintCore.framework/Versions/A/PrintCore
0x0000000009239000 	/System/Library/Frameworks/ApplicationServices.framework/Versions/A/Frameworks/QD.framework/Versions/A/QD
0x0000000009239000 	/System/Library/Frameworks/ApplicationServices.framework/Versions/A/Frameworks/SpeechSynthesis.framework/Versions/A/SpeechSynthesis
0x0000000009239000 	/System/Library/Frameworks/Metal.framework/Versions/A/Metal
0x0000000009239000 	/System/Library/Frameworks/Accelerate.framework/Versions/A/Frameworks/vImage.framework/Versions/A/vImage
0x0000000009239000 	/System/Library/Frameworks/Accelerate.framework/Versions/A/Frameworks/vecLib.framework/Versions/A/vecLib
0x0000000009239000 	/System/Library/Frameworks/Accelerate.framework/Versions/A/Frameworks/vecLib.framework/Versions/A/libvDSP.dylib
0x0000000009239000 	/System/Library/Frameworks/Accelerate.framework/Versions/A/Frameworks/vecLib.framework/Versions/A/libvMisc.dylib
0x0000000009239000 	/System/Library/Frameworks/Accelerate.framework/Versions/A/Frameworks/vecLib.framework/Versions/A/libLAPACK.dylib
0x0000000009239000 	/System/Library/Frameworks/Accelerate.framework/Versions/A/Frameworks/vecLib.framework/Versions/A/libBLAS.dylib
0x0000000009239000 	/System/Library/Frameworks/Accelerate.framework/Versions/A/Frameworks/vecLib.framework/Versions/A/libLinearAlgebra.dylib
0x0000000009239000 	/System/Library/Frameworks/Accelerate.framework/Versions/A/Frameworks/vecLib.framework/Versions/A/libSparseBLAS.dylib
0x0000000009239000 	/System/Library/PrivateFrameworks/GPUCompiler.framework/libmetal_timestamp.dylib
0x0000000009239000 	/System/Library/Frameworks/OpenGL.framework/Versions/A/Libraries/libCoreFSCache.dylib
0x0000000009239000 	/System/Library/PrivateFrameworks/IOAccelerator.framework/Versions/A/IOAccelerator
0x0000000009239000 	/System/Library/Frameworks/ApplicationServices.framework/Versions/A/Frameworks/ATS.framework/Versions/A/Resources/libFontParser.dylib
0x0000000009239000 	/System/Library/Frameworks/ApplicationServices.framework/Versions/A/Frameworks/ATS.framework/Versions/A/Resources/libFontRegistry.dylib
0x0000000009239000 	/System/Library/PrivateFrameworks/AppleVPA.framework/Versions/A/AppleVPA
0x0000000009239000 	/System/Library/PrivateFrameworks/AppleJPEG.framework/Versions/A/AppleJPEG
0x0000000009239000 	/System/Library/Frameworks/ImageIO.framework/Versions/A/Resources/libJPEG.dylib
0x0000000009239000 	/System/Library/Frameworks/ImageIO.framework/Versions/A/Resources/libTIFF.dylib
0x0000000009239000 	/System/Library/Frameworks/ImageIO.framework/Versions/A/Resources/libPng.dylib
0x0000000009239000 	/System/Library/Frameworks/ImageIO.framework/Versions/A/Resources/libGIF.dylib
0x0000000009239000 	/System/Library/Frameworks/ImageIO.framework/Versions/A/Resources/libJP2.dylib
0x0000000009239000 	/System/Library/Frameworks/ImageIO.framework/Versions/A/Resources/libRadiance.dylib
0x0000000009239000 	/System/Library/Frameworks/CoreVideo.framework/Versions/A/CoreVideo
0x0000000009239000 	/System/Library/Frameworks/OpenGL.framework/Versions/A/Libraries/libGLU.dylib
0x0000000009239000 	/System/Library/Frameworks/OpenGL.framework/Versions/A/Libraries/libGFXShared.dylib
0x0000000009239000 	/System/Library/Frameworks/OpenGL.framework/Versions/A/Libraries/libGL.dylib
0x0000000009239000 	/System/Library/Frameworks/OpenGL.framework/Versions/A/Libraries/libGLImage.dylib
0x0000000009239000 	/System/Library/Frameworks/OpenGL.framework/Versions/A/Libraries/libCVMSPluginSupport.dylib
0x0000000009239000 	/System/Library/Frameworks/OpenGL.framework/Versions/A/Libraries/libCoreVMClient.dylib
0x0000000009239000 	/usr/lib/libcups.2.dylib
0x0000000009239000 	/System/Library/Frameworks/Kerberos.framework/Versions/A/Kerberos
0x0000000009239000 	/System/Library/Frameworks/GSS.framework/Versions/A/GSS
0x0000000009239000 	/usr/lib/libresolv.9.dylib
0x0000000009239000 	/usr/lib/libiconv.2.dylib
0x0000000009239000 	/System/Library/PrivateFrameworks/Heimdal.framework/Versions/A/Heimdal
0x0000000009239000 	/usr/lib/libheimdal-asn1.dylib
0x0000000009239000 	/System/Library/Frameworks/OpenDirectory.framework/Versions/A/OpenDirectory
0x0000000009239000 	/System/Library/PrivateFrameworks/CommonAuth.framework/Versions/A/CommonAuth
0x0000000009239000 	/System/Library/Frameworks/OpenDirectory.framework/Versions/A/Frameworks/CFOpenDirectory.framework/Versions/A/CFOpenDirectory
0x0000000009239000 	/System/Library/Frameworks/SecurityFoundation.framework/Versions/A/SecurityFoundation
0x0000000009239000 	/System/Library/PrivateFrameworks/LanguageModeling.framework/Versions/A/LanguageModeling
0x0000000009239000 	/usr/lib/libmarisa.dylib
0x0000000009239000 	/usr/lib/libChineseTokenizer.dylib
0x0000000009239000 	/usr/lib/libcmph.dylib
0x0000000009239000 	/usr/lib/libcompression.dylib
0x0000000009239000 	/System/Library/Frameworks/ServiceManagement.framework/Versions/A/ServiceManagement
0x0000000009239000 	/usr/lib/libxslt.1.dylib
0x0000000009239000 	/System/Library/Frameworks/Carbon.framework/Versions/A/Frameworks/Ink.framework/Versions/A/Ink
0x0000000009239000 	/usr/lib/libFosl_dynamic.dylib
0x0000000009239000 	/System/Library/PrivateFrameworks/FaceCore.framework/Versions/A/FaceCore
0x0000000009239000 	/System/Library/Frameworks/OpenCL.framework/Versions/A/OpenCL
0x0000000009239000 	/System/Library/PrivateFrameworks/CrashReporterSupport.framework/Versions/A/CrashReporterSupport
0x0000000009239000 	/System/Library/PrivateFrameworks/IconServices.framework/Versions/A/IconServices
0x0000000009239000 	/System/Library/PrivateFrameworks/Apple80211.framework/Versions/A/Apple80211
0x0000000009239000 	/System/Library/Frameworks/CoreWLAN.framework/Versions/A/CoreWLAN
0x0000000009239000 	/System/Library/Frameworks/IOBluetooth.framework/Versions/A/IOBluetooth
0x0000000009239000 	/System/Library/PrivateFrameworks/CoreWiFi.framework/Versions/A/CoreWiFi
0x0000000009239000 	/System/Library/Frameworks/CoreBluetooth.framework/Versions/A/CoreBluetooth
0x0000000009239000 	/System/Library/PrivateFrameworks/ChunkingLibrary.framework/Versions/A/ChunkingLibrary
0x0000000009239000 	/System/Library/PrivateFrameworks/DebugSymbols.framework/Versions/A/DebugSymbols
0x0000000009239000 	/System/Library/PrivateFrameworks/CoreSymbolication.framework/Versions/A/CoreSymbolication
0x0000000009239000 	/System/Library/PrivateFrameworks/Symbolication.framework/Versions/A/Symbolication
0x0000000009239000 	/System/Library/PrivateFrameworks/SpeechRecognitionCore.framework/Versions/A/SpeechRecognitionCore
0x000000010f800000 	/Library/Java/JavaVirtualMachines/jdk1.8.0_66.jdk/Contents/Home/jre/lib/server/libjvm.dylib
0x0000000009239000 	/usr/lib/libstdc++.6.dylib
0x000000010eed9000 	/Library/Java/JavaVirtualMachines/jdk1.8.0_66.jdk/Contents/Home/jre/lib/libverify.dylib
0x000000010eee7000 	/Library/Java/JavaVirtualMachines/jdk1.8.0_66.jdk/Contents/Home/jre/lib/libjava.dylib
0x000000010ef26000 	/Library/Java/JavaVirtualMachines/jdk1.8.0_66.jdk/Contents/Home/jre/lib/libzip.dylib
0x0000000123ac8000 	/System/Library/Frameworks/JavaVM.framework/Frameworks/JavaRuntimeSupport.framework/JavaRuntimeSupport
0x000000010efe7000 	/System/Library/Frameworks/JavaVM.framework/Versions/A/Frameworks/JavaNativeFoundation.framework/Versions/A/JavaNativeFoundation
0x0000000123ae3000 	/System/Library/Frameworks/JavaVM.framework/Versions/A/JavaVM
0x0000000009239000 	/System/Library/Frameworks/Carbon.framework/Versions/A/Carbon
0x0000000123af0000 	/System/Library/PrivateFrameworks/JavaLaunching.framework/Versions/A/JavaLaunching
0x0000000009239000 	/System/Library/Frameworks/Carbon.framework/Versions/A/Frameworks/CommonPanels.framework/Versions/A/CommonPanels
0x0000000009239000 	/System/Library/Frameworks/Carbon.framework/Versions/A/Frameworks/Help.framework/Versions/A/Help
0x0000000009239000 	/System/Library/Frameworks/Carbon.framework/Versions/A/Frameworks/ImageCapture.framework/Versions/A/ImageCapture
0x0000000009239000 	/System/Library/Frameworks/Carbon.framework/Versions/A/Frameworks/OpenScripting.framework/Versions/A/OpenScripting
0x0000000009239000 	/System/Library/Frameworks/Carbon.framework/Versions/A/Frameworks/Print.framework/Versions/A/Print
0x0000000009239000 	/System/Library/Frameworks/Carbon.framework/Versions/A/Frameworks/SecurityHI.framework/Versions/A/SecurityHI
0x0000000125411000 	/Applications/IntelliJ IDEA 15 CE.app/Contents/bin/libbreakgen64.jnilib
0x0000000125416000 	/Library/Java/JavaVirtualMachines/jdk1.8.0_66.jdk/Contents/Home/jre/lib/libnet.dylib
0x0000000125983000 	/Library/Java/JavaVirtualMachines/jdk1.8.0_66.jdk/Contents/Home/jre/lib/libawt.dylib
0x0000000125a2b000 	/Library/Java/JavaVirtualMachines/jdk1.8.0_66.jdk/Contents/Home/jre/lib/./libmlib_image.dylib
0x0000000125af7000 	/Library/Java/JavaVirtualMachines/jdk1.8.0_66.jdk/Contents/Home/jre/lib/libawt_lwawt.dylib
0x0000000125bac000 	/Library/Java/JavaVirtualMachines/jdk1.8.0_66.jdk/Contents/Home/jre/lib/./libosxapp.dylib
0x0000000009239000 	/System/Library/Frameworks/ExceptionHandling.framework/Versions/A/ExceptionHandling
0x0000000009239000 	/System/Library/PrivateFrameworks/CoreServicesInternal.framework/Versions/A/CoreServicesInternal
0x0000000009239000 	/System/Library/Frameworks/CoreGraphics.framework/Versions/A/Resources/libRIP.A.dylib
0x0000000009239000 	/System/Library/Frameworks/Accelerate.framework/Versions/A/Frameworks/vImage.framework/Versions/A/Libraries/libCGInterfaces.dylib
0x0000000009239000 	/System/Library/Frameworks/CoreGraphics.framework/Versions/A/Resources/libCGXType.A.dylib
0x0000000009239000 	/System/Library/Frameworks/OpenCL.framework/Versions/A/Libraries/libcldcpuengine.dylib
0x0000000009239000 	/System/Library/PrivateFrameworks/DiskImages.framework/Versions/A/DiskImages
0x0000000009239000 	/System/Library/Frameworks/DiscRecording.framework/Versions/A/DiscRecording
0x0000000009239000 	/usr/lib/libcsfde.dylib
0x0000000009239000 	/usr/lib/libcurl.4.dylib
0x0000000009239000 	/System/Library/PrivateFrameworks/MediaKit.framework/Versions/A/MediaKit
0x0000000009239000 	/System/Library/PrivateFrameworks/ProtectedCloudStorage.framework/Versions/A/ProtectedCloudStorage
0x0000000009239000 	/usr/lib/libCoreStorage.dylib
0x0000000009239000 	/System/Library/PrivateFrameworks/EFILogin.framework/Versions/A/EFILogin
0x0000000009239000 	/usr/lib/libutil.dylib
0x0000000009239000 	/System/Library/PrivateFrameworks/FindMyDevice.framework/Versions/A/FindMyDevice
0x0000000009239000 	/System/Library/Frameworks/LDAP.framework/Versions/A/LDAP
0x0000000009239000 	/usr/lib/libsasl2.2.dylib
0x0000000009239000 	/System/Library/PrivateFrameworks/CoreDaemon.framework/Versions/B/CoreDaemon
0x0000000009239000 	/usr/lib/libcrypto.0.9.8.dylib
0x0000000009239000 	/System/Library/PrivateFrameworks/AppleSRP.framework/Versions/A/AppleSRP
0x0000000009239000 	/System/Library/PrivateFrameworks/TrustEvaluationAgent.framework/Versions/A/TrustEvaluationAgent
0x000000012740d000 	cl_kernels
0x0000000009239000 	/System/Library/Frameworks/OpenCL.framework/Versions/A/Libraries/ImageFormats/unorm8_bgra.dylib
0x0000000009239000 	/System/Library/Frameworks/OpenCL.framework/Versions/A/Libraries/ImageFormats/unorm8_rgba.dylib
0x0000000009239000 	/System/Library/PrivateFrameworks/FamilyControls.framework/Versions/A/FamilyControls
0x0000000009239000 	/System/Library/PrivateFrameworks/CommerceKit.framework/Versions/A/Frameworks/CommerceCore.framework/Versions/A/CommerceCore
0x0000000009239000 	/System/Library/PrivateFrameworks/SystemAdministration.framework/Versions/A/SystemAdministration
0x0000000009239000 	/System/Library/PrivateFrameworks/AppContainer.framework/Versions/A/AppContainer
0x0000000009239000 	/System/Library/PrivateFrameworks/SecCodeWrapper.framework/Versions/A/SecCodeWrapper
0x0000000009239000 	/System/Library/Frameworks/DirectoryService.framework/Versions/A/DirectoryService
0x0000000009239000 	/System/Library/PrivateFrameworks/LoginUIKit.framework/Versions/A/Frameworks/LoginUICore.framework/Versions/A/LoginUICore
0x0000000009239000 	/usr/lib/libodfde.dylib
0x0000000009239000 	/System/Library/Frameworks/OpenGL.framework/Versions/A/Resources/GLEngine.bundle/GLEngine
0x0000000009239000 	/System/Library/Frameworks/OpenGL.framework/Versions/A/Libraries/libGLProgrammability.dylib
0x00000001288ff000 	/System/Library/Extensions/AppleIntelHD5000GraphicsGLDriver.bundle/Contents/MacOS/AppleIntelHD5000GraphicsGLDriver
0x0000000009239000 	/System/Library/PrivateFrameworks/GPUSupport.framework/Versions/A/Libraries/libGPUSupportMercury.dylib
0x0000000009239000 	/System/Library/Frameworks/OpenGL.framework/Versions/A/Resources/GLRendererFloat.bundle/GLRendererFloat
0x0000000129aab000 	/Library/Java/JavaVirtualMachines/jdk1.8.0_66.jdk/Contents/Home/jre/lib/libprism_es2.dylib
0x0000000129ee7000 	/Library/Java/JavaVirtualMachines/jdk1.8.0_66.jdk/Contents/Home/jre/lib/libglass.dylib
0x00000001267c4000 	/Library/Java/JavaVirtualMachines/jdk1.8.0_66.jdk/Contents/Home/jre/lib/libosx.dylib
0x00000001267d2000 	/Library/Java/JavaVirtualMachines/jdk1.8.0_66.jdk/Contents/Home/jre/lib/libnio.dylib
0x00000001267e2000 	/private/var/folders/_c/sshmvp7j771czrx3qc5rqdkm0000gn/T/jxbrowser-chromium-49.0.2623.110.6.4/data/Temp/libjxbrowser-common64-2b0b2668-7945-4f4d-a3ef-4d3602ba173c.dylib
0x000000012b597000 	/var/folders/_c/sshmvp7j771czrx3qc5rqdkm0000gn/T/jxbrowser-chromium-49.0.2623.110.6.4/jxbrowser.app/Contents/Frameworks/JxBrowser.framework/Libraries/libjxbrowser.dylib
0x0000000009239000 	/usr/lib/libsandbox.1.dylib
0x0000000009239000 	/System/Library/Frameworks/QTKit.framework/Versions/A/QTKit
0x0000000009239000 	/System/Library/Frameworks/ImageCaptureCore.framework/Versions/A/ImageCaptureCore
0x0000000009239000 	/System/Library/Frameworks/AddressBook.framework/Versions/A/AddressBook
0x0000000009239000 	/System/Library/Frameworks/SecurityInterface.framework/Versions/A/SecurityInterface
0x0000000126fe5000 	/System/Library/Frameworks/CoreMIDI.framework/Versions/A/CoreMIDI
0x0000000009239000 	/System/Library/Frameworks/Quartz.framework/Versions/A/Quartz
0x0000000009239000 	/usr/lib/libMatch.1.dylib
0x0000000009239000 	/System/Library/Frameworks/AVFoundation.framework/Versions/A/AVFoundation
0x0000000009239000 	/System/Library/Frameworks/CoreMedia.framework/Versions/A/CoreMedia
0x0000000009239000 	/System/Library/Frameworks/MediaToolbox.framework/Versions/A/MediaToolbox
0x0000000009239000 	/System/Library/Frameworks/VideoToolbox.framework/Versions/A/VideoToolbox
0x0000000009239000 	/System/Library/PrivateFrameworks/CoreMediaAuthoring.framework/Versions/A/CoreMediaAuthoring
0x0000000009239000 	/System/Library/Frameworks/CoreMediaIO.framework/Versions/A/CoreMediaIO
0x0000000009239000 	/System/Library/Frameworks/AVFoundation.framework/Versions/A/Resources/libAVFAudio.dylib
0x0000000009239000 	/usr/lib/libspindump.dylib
0x0000000009239000 	/System/Library/PrivateFrameworks/CoreAVCHD.framework/Versions/A/CoreAVCHD
0x0000000009239000 	/System/Library/Frameworks/MediaAccessibility.framework/Versions/A/MediaAccessibility
0x0000000009239000 	/System/Library/PrivateFrameworks/Mangrove.framework/Versions/A/Mangrove
0x0000000009239000 	/System/Library/PrivateFrameworks/CoreAUC.framework/Versions/A/CoreAUC
0x0000000009239000 	/System/Library/PrivateFrameworks/AppleVA.framework/Versions/A/AppleVA
0x0000000009239000 	/System/Library/PrivateFrameworks/XPCService.framework/Versions/A/XPCService
0x0000000009239000 	/System/Library/PrivateFrameworks/AppSandbox.framework/Versions/A/AppSandbox
0x0000000009239000 	/System/Library/PrivateFrameworks/ContactsPersistence.framework/Versions/A/ContactsPersistence
0x0000000009239000 	/System/Library/PrivateFrameworks/ContactsFoundation.framework/Versions/A/ContactsFoundation
0x0000000009239000 	/System/Library/PrivateFrameworks/vCard.framework/Versions/A/vCard
0x0000000009239000 	/System/Library/PrivateFrameworks/IntlPreferences.framework/Versions/A/IntlPreferences
0x0000000009239000 	/System/Library/PrivateFrameworks/ToneLibrary.framework/Versions/A/ToneLibrary
0x0000000009239000 	/System/Library/PrivateFrameworks/ToneKit.framework/Versions/A/ToneKit
0x0000000009239000 	/System/Library/PrivateFrameworks/ApplePushService.framework/Versions/A/ApplePushService
0x0000000009239000 	/System/Library/PrivateFrameworks/PhoneNumbers.framework/Versions/A/PhoneNumbers
0x0000000009239000 	/System/Library/PrivateFrameworks/ViewBridge.framework/Versions/A/ViewBridge
0x0000000009239000 	/System/Library/Frameworks/Quartz.framework/Versions/A/Frameworks/QuartzComposer.framework/Versions/A/QuartzComposer
0x0000000009239000 	/System/Library/Frameworks/Quartz.framework/Versions/A/Frameworks/PDFKit.framework/Versions/A/PDFKit
0x0000000009239000 	/System/Library/Frameworks/Quartz.framework/Versions/A/Frameworks/QuartzFilters.framework/Versions/A/QuartzFilters
0x0000000009239000 	/System/Library/Frameworks/Quartz.framework/Versions/A/Frameworks/ImageKit.framework/Versions/A/ImageKit
0x0000000009239000 	/System/Library/Frameworks/Quartz.framework/Versions/A/Frameworks/QuickLookUI.framework/Versions/A/QuickLookUI
0x0000000009239000 	/System/Library/Frameworks/JavaScriptCore.framework/Versions/A/JavaScriptCore
0x0000000009239000 	/System/Library/PrivateFrameworks/AppleSystemInfo.framework/Versions/A/AppleSystemInfo
0x0000000009239000 	/System/Library/PrivateFrameworks/CorePDF.framework/Versions/A/CorePDF
0x0000000009239000 	/System/Library/Frameworks/QuickLook.framework/Versions/A/QuickLook
0x0000000009239000 	/System/Library/PrivateFrameworks/DisplayServices.framework/Versions/A/DisplayServices
0x0000000009239000 	/System/Library/PrivateFrameworks/SafariServices.framework/Versions/A/SafariServices
0x00000001267ee000 	/usr/lib/libexpat.1.dylib
0x00000001271a6000 	/System/Library/Extensions/AppleHDA.kext/Contents/PlugIns/AppleHDAHALPlugIn.bundle/Contents/MacOS/AppleHDAHALPlugIn
0x0000000135de0000 	/Library/CoreMediaIO/Plug-Ins/DAL/AppleCamera.plugin/Contents/MacOS/AppleCamera
0x00000001258c2000 	/Library/Java/JavaVirtualMachines/jdk1.8.0_66.jdk/Contents/Home/jre/lib/libjavafx_font.dylib
0x0000000136e00000 	/Library/Java/JavaVirtualMachines/jdk1.8.0_66.jdk/Contents/Home/jre/lib/libprism_common.dylib
0x0000000135c48000 	/System/Library/Extensions/AppleIntelHD5000GraphicsMTLDriver.bundle/Contents/MacOS/AppleIntelHD5000GraphicsMTLDriver

VM Arguments:
jvm_args: -ea -Didea.launcher.port=7538 -Didea.launcher.bin.path=/Applications/IntelliJ IDEA 15 CE.app/Contents/bin -Didea.junit.sm_runner -Dfile.encoding=UTF-8 
java_command: com.intellij.rt.execution.application.AppMain com.intellij.rt.execution.junit.JUnitStarter -ideVersion5 @w@/private/var/folders/_c/sshmvp7j771czrx3qc5rqdkm0000gn/T/idea_working_dirs_junit0.tmp @/private/var/folders/_c/sshmvp7j771czrx3qc5rqdkm0000gn/T/idea_junit0.tmp -socket49486
java_class_path (initial): /Applications/IntelliJ IDEA 15 CE.app/Contents/lib/idea_rt.jar:/Applications/IntelliJ IDEA 15 CE.app/Contents/plugins/junit/lib/junit-rt.jar:/Library/Java/JavaVirtualMachines/jdk1.8.0_66.jdk/Contents/Home/jre/lib/charsets.jar:/Library/Java/JavaVirtualMachines/jdk1.8.0_66.jdk/Contents/Home/jre/lib/deploy.jar:/Library/Java/JavaVirtualMachines/jdk1.8.0_66.jdk/Contents/Home/jre/lib/ext/cldrdata.jar:/Library/Java/JavaVirtualMachines/jdk1.8.0_66.jdk/Contents/Home/jre/lib/ext/dnsns.jar:/Library/Java/JavaVirtualMachines/jdk1.8.0_66.jdk/Contents/Home/jre/lib/ext/jaccess.jar:/Library/Java/JavaVirtualMachines/jdk1.8.0_66.jdk/Contents/Home/jre/lib/ext/jfxrt.jar:/Library/Java/JavaVirtualMachines/jdk1.8.0_66.jdk/Contents/Home/jre/lib/ext/localedata.jar:/Library/Java/JavaVirtualMachines/jdk1.8.0_66.jdk/Contents/Home/jre/lib/ext/nashorn.jar:/Library/Java/JavaVirtualMachines/jdk1.8.0_66.jdk/Contents/Home/jre/lib/ext/sunec.jar:/Library/Java/JavaVirtualMachines/jdk1.8.0_66.jdk/Contents/Home/jre/lib/ext/sunjce_provider.jar:/Library/Java/JavaVirtualMachines/jdk1.8.0_66.jdk/Contents/Home/jre/lib/ext/sunpkcs11.jar:/Library/Java/JavaVirtualMachines/jdk1.8.0_66.jdk/Contents/Home/jre/lib/ext/zipfs.jar:/Library/Java/JavaVirtualMachines/jdk1.8.0_66.jdk/Contents/Home/jre/lib/javaws.jar:/Library/Java/JavaVirtualMachines/jdk1.8.0_66.jdk/Contents/Home/jre/lib/jce.jar:/Library/Java/JavaVirtualMachines/jdk1.8.0_66.jdk/Contents/Home/jre/lib/jfr.jar:/Library/Java/JavaVirtualMachines/jdk1.8.0_66.jdk/Contents/Home/jre/lib/jfxswt.jar:/Library/Java/JavaVirtualMachines/jdk1.8.0_66.jdk/Contents/Home/jre/lib/jsse.jar:/Library/Java/JavaVirtualMachines/jdk1.8.0_66.jdk/Contents/Home/jre/lib/management-agent.jar:/Library/Java/JavaVirtualMachines/jdk1.8.0_66.jdk/Contents/Home/jre/lib/plugin.jar:/Library/Java/JavaVirtualMachines/jdk1.8.0_66.jdk/Contents/Home/jre/lib/resources.jar:/Library/Java/JavaVirtualMachines/jdk1.8.0_66.jdk/Contents/Home/jre/lib/rt.jar:/Library/Java/JavaVirtualMac
Launcher Type: SUN_STANDARD

Environment Variables:
JAVA_HOME=/Library/Java/JavaVirtualMachines/jdk1.8.0_66.jdk/Contents/Home
PATH=/usr/local/bin:/usr/bin:/bin:/usr/sbin:/sbin:/opt/X11/bin:/Library/TeX/texbin
SHELL=/bin/bash
DISPLAY=/private/tmp/com.apple.launchd.dudRl2wIGI/org.macosforge.xquartz:0

Signal Handlers:
SIGSEGV: [libjvm.dylib+0x5a65d5], sa_mask[0]=11111111011111110111111111111111, sa_flags=SA_ONSTACK|SA_RESTART|SA_SIGINFO
SIGBUS: [libjvm.dylib+0x5a65d5], sa_mask[0]=11111111011111110111111111111111, sa_flags=SA_RESTART|SA_SIGINFO
SIGFPE: [libjvm.dylib+0x4802e8], sa_mask[0]=11111111011111110111111111111111, sa_flags=SA_RESTART|SA_SIGINFO
SIGPIPE: [libjvm.dylib+0x4802e8], sa_mask[0]=11111111011111110111111111111111, sa_flags=SA_RESTART|SA_SIGINFO
SIGXFSZ: [libjvm.dylib+0x4802e8], sa_mask[0]=11111111011111110111111111111111, sa_flags=SA_RESTART|SA_SIGINFO
SIGILL: [libjvm.dylib+0x4802e8], sa_mask[0]=11111111011111110111111111111111, sa_flags=SA_RESTART|SA_SIGINFO
SIGUSR1: SIG_DFL, sa_mask[0]=00000000000000000000000000000000, sa_flags=none
SIGUSR2: [libjvm.dylib+0x47fe06], sa_mask[0]=00100000000000000000000000000000, sa_flags=SA_RESTART|SA_SIGINFO
SIGHUP: [libjvm.dylib+0x47e3dd], sa_mask[0]=11111111011111110111111111111111, sa_flags=SA_RESTART|SA_SIGINFO
SIGINT: [libjvm.dylib+0x47e3dd], sa_mask[0]=11111111011111110111111111111111, sa_flags=SA_RESTART|SA_SIGINFO
SIGTERM: [libjvm.dylib+0x47e3dd], sa_mask[0]=11111111011111110111111111111111, sa_flags=SA_RESTART|SA_SIGINFO
SIGQUIT: [libjvm.dylib+0x47e3dd], sa_mask[0]=11111111011111110111111111111111, sa_flags=SA_RESTART|SA_SIGINFO


---------------  S Y S T E M  ---------------

OS:Bsduname:Darwin 15.3.0 Darwin Kernel Version 15.3.0: Thu Dec 10 18:40:58 PST 2015; root:xnu-3248.30.4~1/RELEASE_X86_64 x86_64
rlimit: STACK 8192k, CORE 0k, NPROC 709, NOFILE 1024, AS infinity
load average:4.23 3.65 3.10

CPU:total 4 (2 cores per cpu, 2 threads per core) family 6 model 69 stepping 1, cmov, cx8, fxsr, mmx, sse, sse2, sse3, ssse3, sse4.1, sse4.2, popcnt, avx, avx2, aes, clmul, erms, lzcnt, ht, tsc, tscinvbit, bmi1, bmi2

Memory: 4k page, physical 4194304k(59384k free)

/proc/meminfo:


vm_info: Java HotSpot(TM) 64-Bit Server VM (25.66-b17) for bsd-amd64 JRE (1.8.0_66-b17), built on Oct  6 2015 16:09:13 by "java_re" with gcc 4.2.1 (Based on Apple Inc. build 5658) (LLVM build 2336.11.00)

time: Tue May 17 11:40:35 2016
elapsed time: 7 seconds (0d 0h 0m 7s)

